{"/Users/faicalkriouar/presenceos/mobile/src/components/AssetCard.tsx": {"path":"/Users/faicalkriouar/presenceos/mobile/src/components/AssetCard.tsx","statementMap":{"0":{"start":{"line":9,"column":18},"end":{"line":9,"column":58}},"1":{"start":{"line":17,"column":14},"end":{"line":17,"column":53}},"2":{"start":{"line":19,"column":2},"end":{"line":44,"column":4}},"3":{"start":{"line":47,"column":15},"end":{"line":55,"column":2}}},"fnMap":{"0":{"name":"AssetCard","decl":{"start":{"line":16,"column":24},"end":{"line":16,"column":33}},"loc":{"start":{"line":16,"column":61},"end":{"line":45,"column":1}},"line":16}},"branchMap":{"0":{"loc":{"start":{"line":17,"column":14},"end":{"line":17,"column":53}},"type":"binary-expr","locations":[{"start":{"line":17,"column":14},"end":{"line":17,"column":33}},{"start":{"line":17,"column":37},"end":{"line":17,"column":53}}],"line":17},"1":{"loc":{"start":{"line":24,"column":7},"end":{"line":28,"column":7}},"type":"binary-expr","locations":[{"start":{"line":24,"column":7},"end":{"line":24,"column":35}},{"start":{"line":25,"column":8},"end":{"line":27,"column":15}}],"line":24},"2":{"loc":{"start":{"line":31,"column":7},"end":{"line":35,"column":7}},"type":"binary-expr","locations":[{"start":{"line":31,"column":7},"end":{"line":31,"column":25}},{"start":{"line":32,"column":8},"end":{"line":34,"column":15}}],"line":31},"3":{"loc":{"start":{"line":38,"column":7},"end":{"line":42,"column":7}},"type":"binary-expr","locations":[{"start":{"line":38,"column":7},"end":{"line":38,"column":34}},{"start":{"line":38,"column":38},"end":{"line":38,"column":64}},{"start":{"line":39,"column":8},"end":{"line":41,"column":15}}],"line":38}},"s":{"0":1,"1":6,"2":6,"3":1},"f":{"0":6},"b":{"0":[6,0],"1":[6,1],"2":[6,1],"3":[6,2,1]},"_coverageSchema":"1a1c01bbd47fc00a2c39e90264f33305004495a9","hash":"4b1f8627980572e8d7e41bb74fe9e118ca78c31d"}
,"/Users/faicalkriouar/presenceos/mobile/src/components/AssetDetailSheet.tsx": {"path":"/Users/faicalkriouar/presenceos/mobile/src/components/AssetDetailSheet.tsx","statementMap":{"0":{"start":{"line":21,"column":32},"end":{"line":21,"column":56}},"1":{"start":{"line":24,"column":16},"end":{"line":24,"column":40}},"2":{"start":{"line":25,"column":42},"end":{"line":25,"column":57}},"3":{"start":{"line":26,"column":36},"end":{"line":26,"column":51}},"4":{"start":{"line":28,"column":24},"end":{"line":40,"column":32}},"5":{"start":{"line":29,"column":4},"end":{"line":29,"column":46}},"6":{"start":{"line":29,"column":39},"end":{"line":29,"column":46}},"7":{"start":{"line":30,"column":4},"end":{"line":30,"column":23}},"8":{"start":{"line":31,"column":4},"end":{"line":39,"column":5}},"9":{"start":{"line":32,"column":6},"end":{"line":32,"column":62}},"10":{"start":{"line":33,"column":6},"end":{"line":33,"column":43}},"11":{"start":{"line":34,"column":6},"end":{"line":34,"column":21}},"12":{"start":{"line":36,"column":6},"end":{"line":36,"column":36}},"13":{"start":{"line":38,"column":6},"end":{"line":38,"column":26}},"14":{"start":{"line":42,"column":29},"end":{"line":50,"column":20}},"15":{"start":{"line":43,"column":4},"end":{"line":43,"column":46}},"16":{"start":{"line":43,"column":39},"end":{"line":43,"column":46}},"17":{"start":{"line":44,"column":4},"end":{"line":49,"column":5}},"18":{"start":{"line":45,"column":6},"end":{"line":45,"column":67}},"19":{"start":{"line":46,"column":6},"end":{"line":46,"column":64}},"20":{"start":{"line":48,"column":6},"end":{"line":48,"column":36}},"21":{"start":{"line":52,"column":2},"end":{"line":52,"column":26}},"22":{"start":{"line":52,"column":14},"end":{"line":52,"column":26}},"23":{"start":{"line":54,"column":21},"end":{"line":54,"column":95}},"24":{"start":{"line":56,"column":2},"end":{"line":110,"column":4}},"25":{"start":{"line":71,"column":112},"end":{"line":71,"column":134}},"26":{"start":{"line":74,"column":111},"end":{"line":74,"column":132}},"27":{"start":{"line":113,"column":15},"end":{"line":133,"column":2}}},"fnMap":{"0":{"name":"AssetDetailSheet","decl":{"start":{"line":23,"column":24},"end":{"line":23,"column":40}},"loc":{"start":{"line":23,"column":91},"end":{"line":111,"column":1}},"line":23},"1":{"name":"(anonymous_1)","decl":{"start":{"line":28,"column":36},"end":{"line":28,"column":37}},"loc":{"start":{"line":28,"column":48},"end":{"line":40,"column":3}},"line":28},"2":{"name":"(anonymous_2)","decl":{"start":{"line":42,"column":41},"end":{"line":42,"column":42}},"loc":{"start":{"line":42,"column":53},"end":{"line":50,"column":3}},"line":42},"3":{"name":"(anonymous_3)","decl":{"start":{"line":71,"column":106},"end":{"line":71,"column":107}},"loc":{"start":{"line":71,"column":112},"end":{"line":71,"column":134}},"line":71},"4":{"name":"(anonymous_4)","decl":{"start":{"line":74,"column":105},"end":{"line":74,"column":106}},"loc":{"start":{"line":74,"column":111},"end":{"line":74,"column":132}},"line":74}},"branchMap":{"0":{"loc":{"start":{"line":29,"column":4},"end":{"line":29,"column":46}},"type":"if","locations":[{"start":{"line":29,"column":4},"end":{"line":29,"column":46}},{"start":{},"end":{}}],"line":29},"1":{"loc":{"start":{"line":29,"column":8},"end":{"line":29,"column":37}},"type":"binary-expr","locations":[{"start":{"line":29,"column":8},"end":{"line":29,"column":14}},{"start":{"line":29,"column":18},"end":{"line":29,"column":37}}],"line":29},"2":{"loc":{"start":{"line":43,"column":4},"end":{"line":43,"column":46}},"type":"if","locations":[{"start":{"line":43,"column":4},"end":{"line":43,"column":46}},{"start":{},"end":{}}],"line":43},"3":{"loc":{"start":{"line":43,"column":8},"end":{"line":43,"column":37}},"type":"binary-expr","locations":[{"start":{"line":43,"column":8},"end":{"line":43,"column":14}},{"start":{"line":43,"column":18},"end":{"line":43,"column":37}}],"line":43},"4":{"loc":{"start":{"line":52,"column":2},"end":{"line":52,"column":26}},"type":"if","locations":[{"start":{"line":52,"column":2},"end":{"line":52,"column":26}},{"start":{},"end":{}}],"line":52},"5":{"loc":{"start":{"line":54,"column":21},"end":{"line":54,"column":95}},"type":"cond-expr","locations":[{"start":{"line":54,"column":58},"end":{"line":54,"column":76}},{"start":{"line":54,"column":79},"end":{"line":54,"column":95}}],"line":54},"6":{"loc":{"start":{"line":54,"column":21},"end":{"line":54,"column":55}},"type":"binary-expr","locations":[{"start":{"line":54,"column":21},"end":{"line":54,"column":33}},{"start":{"line":54,"column":37},"end":{"line":54,"column":55}}],"line":54},"7":{"loc":{"start":{"line":69,"column":11},"end":{"line":78,"column":11}},"type":"binary-expr","locations":[{"start":{"line":69,"column":11},"end":{"line":69,"column":29}},{"start":{"line":70,"column":12},"end":{"line":77,"column":19}}],"line":69},"8":{"loc":{"start":{"line":71,"column":58},"end":{"line":71,"column":94}},"type":"binary-expr","locations":[{"start":{"line":71,"column":58},"end":{"line":71,"column":71}},{"start":{"line":71,"column":75},"end":{"line":71,"column":94}}],"line":71},"9":{"loc":{"start":{"line":72,"column":49},"end":{"line":72,"column":89}},"type":"binary-expr","locations":[{"start":{"line":72,"column":49},"end":{"line":72,"column":62}},{"start":{"line":72,"column":66},"end":{"line":72,"column":89}}],"line":72},"10":{"loc":{"start":{"line":74,"column":58},"end":{"line":74,"column":93}},"type":"binary-expr","locations":[{"start":{"line":74,"column":58},"end":{"line":74,"column":70}},{"start":{"line":74,"column":74},"end":{"line":74,"column":93}}],"line":74},"11":{"loc":{"start":{"line":75,"column":49},"end":{"line":75,"column":88}},"type":"binary-expr","locations":[{"start":{"line":75,"column":49},"end":{"line":75,"column":61}},{"start":{"line":75,"column":65},"end":{"line":75,"column":88}}],"line":75},"12":{"loc":{"start":{"line":81,"column":13},"end":{"line":81,"column":87}},"type":"binary-expr","locations":[{"start":{"line":81,"column":13},"end":{"line":81,"column":30}},{"start":{"line":81,"column":34},"end":{"line":81,"column":87}}],"line":81},"13":{"loc":{"start":{"line":82,"column":13},"end":{"line":82,"column":99}},"type":"binary-expr","locations":[{"start":{"line":82,"column":13},"end":{"line":82,"column":33}},{"start":{"line":82,"column":37},"end":{"line":82,"column":99}}],"line":82},"14":{"loc":{"start":{"line":85,"column":45},"end":{"line":85,"column":93}},"type":"cond-expr","locations":[{"start":{"line":85,"column":76},"end":{"line":85,"column":83}},{"start":{"line":85,"column":86},"end":{"line":85,"column":93}}],"line":85},"15":{"loc":{"start":{"line":86,"column":15},"end":{"line":88,"column":15}},"type":"binary-expr","locations":[{"start":{"line":86,"column":15},"end":{"line":86,"column":42}},{"start":{"line":87,"column":16},"end":{"line":87,"column":114}}],"line":86},"16":{"loc":{"start":{"line":90,"column":58},"end":{"line":90,"column":124}},"type":"cond-expr","locations":[{"start":{"line":90,"column":86},"end":{"line":90,"column":107}},{"start":{"line":90,"column":110},"end":{"line":90,"column":124}}],"line":90},"17":{"loc":{"start":{"line":96,"column":13},"end":{"line":101,"column":13}},"type":"binary-expr","locations":[{"start":{"line":96,"column":13},"end":{"line":96,"column":32}},{"start":{"line":96,"column":36},"end":{"line":96,"column":64}},{"start":{"line":97,"column":14},"end":{"line":100,"column":33}}],"line":96},"18":{"loc":{"start":{"line":98,"column":17},"end":{"line":98,"column":162}},"type":"cond-expr","locations":[{"start":{"line":98,"column":29},"end":{"line":98,"column":92}},{"start":{"line":98,"column":95},"end":{"line":98,"column":162}}],"line":98}},"s":{"0":1,"1":26,"2":26,"3":26,"4":26,"5":2,"6":0,"7":2,"8":2,"9":2,"10":1,"11":1,"12":1,"13":2,"14":26,"15":2,"16":0,"17":2,"18":2,"19":1,"20":1,"21":26,"22":1,"23":25,"24":25,"25":1,"26":2,"27":1},"f":{"0":26,"1":2,"2":2,"3":1,"4":2},"b":{"0":[0,2],"1":[2,2],"2":[0,2],"3":[2,2],"4":[1,25],"5":[2,23],"6":[25,2],"7":[25,6],"8":[6,4],"9":[6,4],"10":[6,2],"11":[6,2],"12":[25,25],"13":[25,25],"14":[2,23],"15":[25,25],"16":[25,0],"17":[25,19,17],"18":[2,15]},"_coverageSchema":"1a1c01bbd47fc00a2c39e90264f33305004495a9","hash":"b233a302f5518610a63263a9427684865ebaa616"}
,"/Users/faicalkriouar/presenceos/mobile/src/components/BrandSwitcher.tsx": {"path":"/Users/faicalkriouar/presenceos/mobile/src/components/BrandSwitcher.tsx","statementMap":{"0":{"start":{"line":16,"column":50},"end":{"line":16,"column":68}},"1":{"start":{"line":19,"column":22},"end":{"line":19,"column":36}},"2":{"start":{"line":22,"column":21},"end":{"line":25,"column":21}},"3":{"start":{"line":23,"column":19},"end":{"line":23,"column":57}},"4":{"start":{"line":24,"column":4},"end":{"line":24,"column":20}},"5":{"start":{"line":27,"column":23},"end":{"line":33,"column":3}},"6":{"start":{"line":29,"column":6},"end":{"line":29,"column":27}},"7":{"start":{"line":30,"column":6},"end":{"line":30,"column":40}},"8":{"start":{"line":35,"column":2},"end":{"line":97,"column":4}},"9":{"start":{"line":47,"column":27},"end":{"line":47,"column":55}},"10":{"start":{"line":48,"column":27},"end":{"line":53,"column":26}},"11":{"start":{"line":50,"column":24},"end":{"line":50,"column":28}},"12":{"start":{"line":55,"column":10},"end":{"line":93,"column":12}},"13":{"start":{"line":59,"column":29},"end":{"line":59,"column":51}},"14":{"start":{"line":100,"column":15},"end":{"line":164,"column":2}}},"fnMap":{"0":{"name":"BrandSwitcher","decl":{"start":{"line":15,"column":24},"end":{"line":15,"column":37}},"loc":{"start":{"line":15,"column":78},"end":{"line":98,"column":1}},"line":15},"1":{"name":"(anonymous_1)","decl":{"start":{"line":22,"column":29},"end":{"line":22,"column":30}},"loc":{"start":{"line":22,"column":35},"end":{"line":25,"column":3}},"line":22},"2":{"name":"(anonymous_2)","decl":{"start":{"line":28,"column":4},"end":{"line":28,"column":5}},"loc":{"start":{"line":28,"column":25},"end":{"line":31,"column":5}},"line":28},"3":{"name":"(anonymous_3)","decl":{"start":{"line":46,"column":20},"end":{"line":46,"column":21}},"loc":{"start":{"line":46,"column":31},"end":{"line":94,"column":9}},"line":46},"4":{"name":"(anonymous_4)","decl":{"start":{"line":50,"column":17},"end":{"line":50,"column":18}},"loc":{"start":{"line":50,"column":24},"end":{"line":50,"column":28}},"line":50},"5":{"name":"(anonymous_5)","decl":{"start":{"line":59,"column":23},"end":{"line":59,"column":24}},"loc":{"start":{"line":59,"column":29},"end":{"line":59,"column":51}},"line":59}},"branchMap":{"0":{"loc":{"start":{"line":58,"column":39},"end":{"line":58,"column":72}},"type":"binary-expr","locations":[{"start":{"line":58,"column":39},"end":{"line":58,"column":47}},{"start":{"line":58,"column":51},"end":{"line":58,"column":72}}],"line":58},"1":{"loc":{"start":{"line":65,"column":18},"end":{"line":65,"column":49}},"type":"binary-expr","locations":[{"start":{"line":65,"column":18},"end":{"line":65,"column":26}},{"start":{"line":65,"column":30},"end":{"line":65,"column":49}}],"line":65},"2":{"loc":{"start":{"line":71,"column":20},"end":{"line":71,"column":55}},"type":"binary-expr","locations":[{"start":{"line":71,"column":20},"end":{"line":71,"column":28}},{"start":{"line":71,"column":32},"end":{"line":71,"column":55}}],"line":71},"3":{"loc":{"start":{"line":81,"column":19},"end":{"line":81,"column":47}},"type":"binary-expr","locations":[{"start":{"line":81,"column":19},"end":{"line":81,"column":35}},{"start":{"line":81,"column":39},"end":{"line":81,"column":47}}],"line":81},"4":{"loc":{"start":{"line":85,"column":15},"end":{"line":91,"column":15}},"type":"binary-expr","locations":[{"start":{"line":85,"column":15},"end":{"line":85,"column":23}},{"start":{"line":86,"column":16},"end":{"line":90,"column":18}}],"line":85}},"s":{"0":5,"1":5,"2":5,"3":5,"4":5,"5":5,"6":1,"7":1,"8":5,"9":10,"10":10,"11":20,"12":10,"13":1,"14":1},"f":{"0":5,"1":5,"2":1,"3":10,"4":20,"5":1},"b":{"0":[10,5],"1":[10,5],"2":[10,5],"3":[10,0],"4":[10,5]},"_coverageSchema":"1a1c01bbd47fc00a2c39e90264f33305004495a9","hash":"c02dd7da4d96e7081ba2623346b7765c31f7361c"}
,"/Users/faicalkriouar/presenceos/mobile/src/components/DishCard.tsx": {"path":"/Users/faicalkriouar/presenceos/mobile/src/components/DishCard.tsx","statementMap":{"0":{"start":{"line":17,"column":2},"end":{"line":42,"column":4}},"1":{"start":{"line":45,"column":15},"end":{"line":56,"column":2}}},"fnMap":{"0":{"name":"DishCard","decl":{"start":{"line":16,"column":24},"end":{"line":16,"column":32}},"loc":{"start":{"line":16,"column":69},"end":{"line":43,"column":1}},"line":16}},"branchMap":{"0":{"loc":{"start":{"line":19,"column":7},"end":{"line":25,"column":7}},"type":"cond-expr","locations":[{"start":{"line":20,"column":8},"end":{"line":20,"column":76}},{"start":{"line":22,"column":8},"end":{"line":24,"column":15}}],"line":19},"1":{"loc":{"start":{"line":19,"column":7},"end":{"line":19,"column":68}},"type":"binary-expr","locations":[{"start":{"line":19,"column":7},"end":{"line":19,"column":26}},{"start":{"line":19,"column":30},"end":{"line":19,"column":68}}],"line":19},"2":{"loc":{"start":{"line":29,"column":11},"end":{"line":29,"column":69}},"type":"binary-expr","locations":[{"start":{"line":29,"column":11},"end":{"line":29,"column":27}},{"start":{"line":29,"column":31},"end":{"line":29,"column":69}}],"line":29},"3":{"loc":{"start":{"line":31,"column":9},"end":{"line":33,"column":16}},"type":"cond-expr","locations":[{"start":{"line":32,"column":10},"end":{"line":32,"column":86}},{"start":{"line":33,"column":12},"end":{"line":33,"column":16}}],"line":31},"4":{"loc":{"start":{"line":34,"column":36},"end":{"line":34,"column":71}},"type":"cond-expr","locations":[{"start":{"line":34,"column":49},"end":{"line":34,"column":66}},{"start":{"line":34,"column":69},"end":{"line":34,"column":71}}],"line":34},"5":{"loc":{"start":{"line":36,"column":7},"end":{"line":40,"column":7}},"type":"binary-expr","locations":[{"start":{"line":36,"column":7},"end":{"line":36,"column":15}},{"start":{"line":37,"column":8},"end":{"line":39,"column":27}}],"line":36}},"s":{"0":11,"1":1},"f":{"0":11},"b":{"0":[1,10],"1":[11,1],"2":[11,1],"3":[11,0],"4":[11,0],"5":[11,2]},"_coverageSchema":"1a1c01bbd47fc00a2c39e90264f33305004495a9","hash":"9ba0eb094259c965be04cf72df07fbff7d429ef7"}
,"/Users/faicalkriouar/presenceos/mobile/src/components/EmptyStateCard.tsx": {"path":"/Users/faicalkriouar/presenceos/mobile/src/components/EmptyStateCard.tsx","statementMap":{"0":{"start":{"line":27,"column":2},"end":{"line":54,"column":4}},"1":{"start":{"line":57,"column":15},"end":{"line":121,"column":2}}},"fnMap":{"0":{"name":"EmptyStateCard","decl":{"start":{"line":18,"column":24},"end":{"line":18,"column":38}},"loc":{"start":{"line":26,"column":20},"end":{"line":55,"column":1}},"line":26}},"branchMap":{"0":{"loc":{"start":{"line":36,"column":7},"end":{"line":47,"column":7}},"type":"binary-expr","locations":[{"start":{"line":36,"column":7},"end":{"line":36,"column":15}},{"start":{"line":37,"column":8},"end":{"line":46,"column":27}}],"line":36},"1":{"loc":{"start":{"line":48,"column":7},"end":{"line":52,"column":7}},"type":"binary-expr","locations":[{"start":{"line":48,"column":7},"end":{"line":48,"column":21}},{"start":{"line":49,"column":8},"end":{"line":51,"column":27}}],"line":48}},"s":{"0":24,"1":3},"f":{"0":24},"b":{"0":[24,21],"1":[24,1]},"_coverageSchema":"1a1c01bbd47fc00a2c39e90264f33305004495a9","hash":"8c2b679a68eebbfcaad35a5ffeb28d5ea7e95231"}
,"/Users/faicalkriouar/presenceos/mobile/src/components/ErrorBoundary.tsx": {"path":"/Users/faicalkriouar/presenceos/mobile/src/components/ErrorBoundary.tsx","statementMap":{"0":{"start":{"line":19,"column":17},"end":{"line":19,"column":49}},"1":{"start":{"line":22,"column":4},"end":{"line":22,"column":37}},"2":{"start":{"line":27,"column":4},"end":{"line":27,"column":71}},"3":{"start":{"line":30,"column":16},"end":{"line":32,"column":3}},"4":{"start":{"line":31,"column":4},"end":{"line":31,"column":52}},"5":{"start":{"line":35,"column":4},"end":{"line":49,"column":5}},"6":{"start":{"line":36,"column":6},"end":{"line":48,"column":8}},"7":{"start":{"line":51,"column":4},"end":{"line":51,"column":31}},"8":{"start":{"line":55,"column":15},"end":{"line":92,"column":2}}},"fnMap":{"0":{"name":"(anonymous_0)","decl":{"start":{"line":21,"column":2},"end":{"line":21,"column":3}},"loc":{"start":{"line":21,"column":55},"end":{"line":23,"column":3}},"line":21},"1":{"name":"(anonymous_1)","decl":{"start":{"line":25,"column":2},"end":{"line":25,"column":3}},"loc":{"start":{"line":25,"column":57},"end":{"line":28,"column":3}},"line":25},"2":{"name":"(anonymous_2)","decl":{"start":{"line":30,"column":16},"end":{"line":30,"column":17}},"loc":{"start":{"line":30,"column":22},"end":{"line":32,"column":3}},"line":30},"3":{"name":"(anonymous_3)","decl":{"start":{"line":34,"column":2},"end":{"line":34,"column":3}},"loc":{"start":{"line":34,"column":11},"end":{"line":52,"column":3}},"line":34}},"branchMap":{"0":{"loc":{"start":{"line":35,"column":4},"end":{"line":49,"column":5}},"type":"if","locations":[{"start":{"line":35,"column":4},"end":{"line":49,"column":5}},{"start":{},"end":{}}],"line":35}},"s":{"0":0,"1":0,"2":0,"3":0,"4":0,"5":0,"6":0,"7":0,"8":0},"f":{"0":0,"1":0,"2":0,"3":0},"b":{"0":[0,0]}}
,"/Users/faicalkriouar/presenceos/mobile/src/components/FAB.tsx": {"path":"/Users/faicalkriouar/presenceos/mobile/src/components/FAB.tsx","statementMap":{"0":{"start":{"line":16,"column":2},"end":{"line":27,"column":4}},"1":{"start":{"line":30,"column":15},"end":{"line":51,"column":2}}},"fnMap":{"0":{"name":"FAB","decl":{"start":{"line":15,"column":24},"end":{"line":15,"column":27}},"loc":{"start":{"line":15,"column":61},"end":{"line":28,"column":1}},"line":15}},"branchMap":{},"s":{"0":4,"1":1},"f":{"0":4},"b":{},"_coverageSchema":"1a1c01bbd47fc00a2c39e90264f33305004495a9","hash":"8f4b099bda46735c3639a5d83cabda1c81cdf498"}
,"/Users/faicalkriouar/presenceos/mobile/src/components/KBCompletenessBar.tsx": {"path":"/Users/faicalkriouar/presenceos/mobile/src/components/KBCompletenessBar.tsx","statementMap":{"0":{"start":{"line":18,"column":29},"end":{"line":64,"column":1}},"1":{"start":{"line":67,"column":2},"end":{"line":67,"column":80}},"2":{"start":{"line":67,"column":31},"end":{"line":67,"column":62}},"3":{"start":{"line":77,"column":16},"end":{"line":77,"column":31}},"4":{"start":{"line":78,"column":24},"end":{"line":78,"column":61}},"5":{"start":{"line":80,"column":2},"end":{"line":87,"column":14}},"6":{"start":{"line":81,"column":4},"end":{"line":86,"column":15}},"7":{"start":{"line":89,"column":28},"end":{"line":93,"column":4}},"8":{"start":{"line":95,"column":2},"end":{"line":134,"column":4}},"9":{"start":{"line":137,"column":15},"end":{"line":195,"column":2}}},"fnMap":{"0":{"name":"getLevel","decl":{"start":{"line":66,"column":9},"end":{"line":66,"column":17}},"loc":{"start":{"line":66,"column":42},"end":{"line":68,"column":1}},"line":66},"1":{"name":"(anonymous_1)","decl":{"start":{"line":67,"column":24},"end":{"line":67,"column":25}},"loc":{"start":{"line":67,"column":31},"end":{"line":67,"column":62}},"line":67},"2":{"name":"KBCompletenessBar","decl":{"start":{"line":76,"column":24},"end":{"line":76,"column":41}},"loc":{"start":{"line":76,"column":76},"end":{"line":135,"column":1}},"line":76},"3":{"name":"(anonymous_3)","decl":{"start":{"line":80,"column":12},"end":{"line":80,"column":13}},"loc":{"start":{"line":80,"column":18},"end":{"line":87,"column":3}},"line":80}},"branchMap":{"0":{"loc":{"start":{"line":67,"column":9},"end":{"line":67,"column":79}},"type":"binary-expr","locations":[{"start":{"line":67,"column":9},"end":{"line":67,"column":63}},{"start":{"line":67,"column":67},"end":{"line":67,"column":79}}],"line":67},"1":{"loc":{"start":{"line":67,"column":31},"end":{"line":67,"column":62}},"type":"binary-expr","locations":[{"start":{"line":67,"column":31},"end":{"line":67,"column":45}},{"start":{"line":67,"column":49},"end":{"line":67,"column":62}}],"line":67},"2":{"loc":{"start":{"line":129,"column":9},"end":{"line":131,"column":9}},"type":"binary-expr","locations":[{"start":{"line":129,"column":9},"end":{"line":129,"column":18}},{"start":{"line":130,"column":10},"end":{"line":130,"column":79}}],"line":129}},"s":{"0":2,"1":34,"2":89,"3":34,"4":34,"5":34,"6":34,"7":34,"8":34,"9":2},"f":{"0":34,"1":89,"2":34,"3":34},"b":{"0":[34,0],"1":[89,89],"2":[34,32]},"_coverageSchema":"1a1c01bbd47fc00a2c39e90264f33305004495a9","hash":"664e9532898d5cd0891f5ecdc3ff53be2ee09be1"}
,"/Users/faicalkriouar/presenceos/mobile/src/components/ProposalCard.tsx": {"path":"/Users/faicalkriouar/presenceos/mobile/src/components/ProposalCard.tsx","statementMap":{"0":{"start":{"line":11,"column":46},"end":{"line":16,"column":1}},"1":{"start":{"line":18,"column":46},"end":{"line":23,"column":1}},"2":{"start":{"line":25,"column":44},"end":{"line":29,"column":1}},"3":{"start":{"line":31,"column":48},"end":{"line":35,"column":1}},"4":{"start":{"line":43,"column":22},"end":{"line":43,"column":77}},"5":{"start":{"line":44,"column":19},"end":{"line":44,"column":68}},"6":{"start":{"line":45,"column":22},"end":{"line":45,"column":53}},"7":{"start":{"line":46,"column":23},"end":{"line":46,"column":60}},"8":{"start":{"line":47,"column":24},"end":{"line":47,"column":76}},"9":{"start":{"line":49,"column":2},"end":{"line":110,"column":4}},"10":{"start":{"line":113,"column":15},"end":{"line":200,"column":2}}},"fnMap":{"0":{"name":"ProposalCard","decl":{"start":{"line":42,"column":24},"end":{"line":42,"column":36}},"loc":{"start":{"line":42,"column":67},"end":{"line":111,"column":1}},"line":42}},"branchMap":{"0":{"loc":{"start":{"line":43,"column":22},"end":{"line":43,"column":77}},"type":"binary-expr","locations":[{"start":{"line":43,"column":22},"end":{"line":43,"column":52}},{"start":{"line":43,"column":56},"end":{"line":43,"column":77}}],"line":43},"1":{"loc":{"start":{"line":44,"column":19},"end":{"line":44,"column":68}},"type":"binary-expr","locations":[{"start":{"line":44,"column":19},"end":{"line":44,"column":46}},{"start":{"line":44,"column":50},"end":{"line":44,"column":68}}],"line":44},"2":{"loc":{"start":{"line":46,"column":23},"end":{"line":46,"column":60}},"type":"binary-expr","locations":[{"start":{"line":46,"column":23},"end":{"line":46,"column":50}},{"start":{"line":46,"column":54},"end":{"line":46,"column":60}}],"line":46},"3":{"loc":{"start":{"line":47,"column":24},"end":{"line":47,"column":76}},"type":"binary-expr","locations":[{"start":{"line":47,"column":24},"end":{"line":47,"column":52}},{"start":{"line":47,"column":56},"end":{"line":47,"column":76}}],"line":47},"4":{"loc":{"start":{"line":55,"column":11},"end":{"line":64,"column":11}},"type":"cond-expr","locations":[{"start":{"line":56,"column":12},"end":{"line":56,"column":92}},{"start":{"line":58,"column":12},"end":{"line":63,"column":14}}],"line":55},"5":{"loc":{"start":{"line":68,"column":15},"end":{"line":68,"column":64}},"type":"binary-expr","locations":[{"start":{"line":68,"column":15},"end":{"line":68,"column":45}},{"start":{"line":68,"column":49},"end":{"line":68,"column":64}}],"line":68},"6":{"loc":{"start":{"line":89,"column":11},"end":{"line":106,"column":11}},"type":"binary-expr","locations":[{"start":{"line":89,"column":11},"end":{"line":89,"column":44}},{"start":{"line":90,"column":12},"end":{"line":105,"column":19}}],"line":89}},"s":{"0":3,"1":3,"2":3,"3":3,"4":46,"5":46,"6":46,"7":46,"8":46,"9":46,"10":3},"f":{"0":46},"b":{"0":[46,0],"1":[46,45],"2":[46,0],"3":[46,0],"4":[6,40],"5":[46,0],"6":[46,46]},"_coverageSchema":"1a1c01bbd47fc00a2c39e90264f33305004495a9","hash":"1716177d938487e0d3bfc9a431c3cc98d6e50b80"}
,"/Users/faicalkriouar/presenceos/mobile/src/components/ui/Badge.tsx": {"path":"/Users/faicalkriouar/presenceos/mobile/src/components/ui/Badge.tsx","statementMap":{"0":{"start":{"line":9,"column":84},"end":{"line":14,"column":1}},"1":{"start":{"line":23,"column":17},"end":{"line":27,"column":3}},"2":{"start":{"line":29,"column":18},"end":{"line":29,"column":31}},"3":{"start":{"line":31,"column":2},"end":{"line":40,"column":4}},"4":{"start":{"line":43,"column":15},"end":{"line":69,"column":2}}},"fnMap":{"0":{"name":"Badge","decl":{"start":{"line":22,"column":24},"end":{"line":22,"column":29}},"loc":{"start":{"line":22,"column":69},"end":{"line":41,"column":1}},"line":22}},"branchMap":{"0":{"loc":{"start":{"line":22,"column":47},"end":{"line":22,"column":58}},"type":"default-arg","locations":[{"start":{"line":22,"column":54},"end":{"line":22,"column":58}}],"line":22},"1":{"loc":{"start":{"line":23,"column":17},"end":{"line":27,"column":3}},"type":"binary-expr","locations":[{"start":{"line":23,"column":17},"end":{"line":23,"column":38}},{"start":{"line":23,"column":42},"end":{"line":27,"column":3}}],"line":23},"2":{"loc":{"start":{"line":32,"column":64},"end":{"line":32,"column":89}},"type":"binary-expr","locations":[{"start":{"line":32,"column":64},"end":{"line":32,"column":71}},{"start":{"line":32,"column":75},"end":{"line":32,"column":89}}],"line":32},"3":{"loc":{"start":{"line":35,"column":54},"end":{"line":35,"column":78}},"type":"binary-expr","locations":[{"start":{"line":35,"column":54},"end":{"line":35,"column":61}},{"start":{"line":35,"column":65},"end":{"line":35,"column":78}}],"line":35},"4":{"loc":{"start":{"line":37,"column":9},"end":{"line":37,"column":30}},"type":"binary-expr","locations":[{"start":{"line":37,"column":9},"end":{"line":37,"column":14}},{"start":{"line":37,"column":18},"end":{"line":37,"column":30}}],"line":37}},"s":{"0":1,"1":7,"2":7,"3":7,"4":1},"f":{"0":7},"b":{"0":[6],"1":[7,1],"2":[7,1],"3":[7,1],"4":[7,6]},"_coverageSchema":"1a1c01bbd47fc00a2c39e90264f33305004495a9","hash":"29609e280d4bc97ad05fd3d8a7edc92c21c95be6"}
,"/Users/faicalkriouar/presenceos/mobile/src/components/ui/Card.tsx": {"path":"/Users/faicalkriouar/presenceos/mobile/src/components/ui/Card.tsx","statementMap":{"0":{"start":{"line":18,"column":21},"end":{"line":26,"column":8}},"1":{"start":{"line":28,"column":18},"end":{"line":39,"column":3}},"2":{"start":{"line":41,"column":2},"end":{"line":47,"column":3}},"3":{"start":{"line":42,"column":4},"end":{"line":46,"column":6}},"4":{"start":{"line":49,"column":2},"end":{"line":49,"column":90}},"5":{"start":{"line":52,"column":15},"end":{"line":68,"column":2}}},"fnMap":{"0":{"name":"Card","decl":{"start":{"line":17,"column":24},"end":{"line":17,"column":28}},"loc":{"start":{"line":17,"column":93},"end":{"line":50,"column":1}},"line":17}},"branchMap":{"0":{"loc":{"start":{"line":18,"column":21},"end":{"line":26,"column":8}},"type":"cond-expr","locations":[{"start":{"line":19,"column":6},"end":{"line":25,"column":7}},{"start":{"line":26,"column":6},"end":{"line":26,"column":8}}],"line":18},"1":{"loc":{"start":{"line":20,"column":21},"end":{"line":20,"column":54}},"type":"binary-expr","locations":[{"start":{"line":20,"column":21},"end":{"line":20,"column":30}},{"start":{"line":20,"column":34},"end":{"line":20,"column":54}}],"line":20},"2":{"loc":{"start":{"line":28,"column":18},"end":{"line":39,"column":3}},"type":"cond-expr","locations":[{"start":{"line":29,"column":4},"end":{"line":36,"column":21}},{"start":{"line":38,"column":4},"end":{"line":38,"column":68}}],"line":28},"3":{"loc":{"start":{"line":41,"column":2},"end":{"line":47,"column":3}},"type":"if","locations":[{"start":{"line":41,"column":2},"end":{"line":47,"column":3}},{"start":{},"end":{}}],"line":41},"4":{"loc":{"start":{"line":43,"column":71},"end":{"line":43,"column":108}},"type":"cond-expr","locations":[{"start":{"line":43,"column":82},"end":{"line":43,"column":96}},{"start":{"line":43,"column":99},"end":{"line":43,"column":108}}],"line":43},"5":{"loc":{"start":{"line":49,"column":9},"end":{"line":49,"column":89}},"type":"cond-expr","locations":[{"start":{"line":49,"column":20},"end":{"line":49,"column":79}},{"start":{"line":49,"column":82},"end":{"line":49,"column":89}}],"line":49}},"s":{"0":5,"1":5,"2":5,"3":1,"4":4,"5":1},"f":{"0":5},"b":{"0":[1,4],"1":[1,0],"2":[1,4],"3":[1,4],"4":[0,1],"5":[1,3]},"_coverageSchema":"1a1c01bbd47fc00a2c39e90264f33305004495a9","hash":"584d11feb366408a1ec3111256960342fa78acc0"}
,"/Users/faicalkriouar/presenceos/mobile/src/constants/colors.ts": {"path":"/Users/faicalkriouar/presenceos/mobile/src/constants/colors.ts","statementMap":{"0":{"start":{"line":4,"column":22},"end":{"line":60,"column":1}}},"fnMap":{},"branchMap":{},"s":{"0":35},"f":{},"b":{},"_coverageSchema":"1a1c01bbd47fc00a2c39e90264f33305004495a9","hash":"824c56e0d86a705b3af5fe5db54484d9d9f2ecf4"}
,"/Users/faicalkriouar/presenceos/mobile/src/constants/i18n.ts": {"path":"/Users/faicalkriouar/presenceos/mobile/src/constants/i18n.ts","statementMap":{"0":{"start":{"line":4,"column":18},"end":{"line":293,"column":1}}},"fnMap":{},"branchMap":{},"s":{"0":17},"f":{},"b":{},"_coverageSchema":"1a1c01bbd47fc00a2c39e90264f33305004495a9","hash":"4cc8dc4e3fa8159f1205818ee35e884cb0317415"}
,"/Users/faicalkriouar/presenceos/mobile/src/contexts/BrandContext.ts": {"path":"/Users/faicalkriouar/presenceos/mobile/src/contexts/BrandContext.ts","statementMap":{"0":{"start":{"line":15,"column":27},"end":{"line":15,"column":76}},"1":{"start":{"line":17,"column":28},"end":{"line":22,"column":15}}},"fnMap":{},"branchMap":{},"s":{"0":23,"1":23},"f":{},"b":{},"_coverageSchema":"1a1c01bbd47fc00a2c39e90264f33305004495a9","hash":"171c797db1f62c3e1ff068803930d119da46c285"}
,"/Users/faicalkriouar/presenceos/mobile/src/hooks/useCMChat.ts": {"path":"/Users/faicalkriouar/presenceos/mobile/src/hooks/useCMChat.ts","statementMap":{"0":{"start":{"line":25,"column":22},"end":{"line":25,"column":57}},"1":{"start":{"line":25,"column":43},"end":{"line":25,"column":56}},"2":{"start":{"line":27,"column":34},"end":{"line":27,"column":63}},"3":{"start":{"line":28,"column":44},"end":{"line":30,"column":3}},"4":{"start":{"line":31,"column":34},"end":{"line":31,"column":63}},"5":{"start":{"line":32,"column":36},"end":{"line":32,"column":51}},"6":{"start":{"line":33,"column":36},"end":{"line":33,"column":51}},"7":{"start":{"line":34,"column":28},"end":{"line":34,"column":57}},"8":{"start":{"line":37,"column":23},"end":{"line":37,"column":50}},"9":{"start":{"line":39,"column":18},"end":{"line":39,"column":33}},"10":{"start":{"line":42,"column":23},"end":{"line":54,"column":15}},"11":{"start":{"line":43,"column":4},"end":{"line":43,"column":25}},"12":{"start":{"line":43,"column":18},"end":{"line":43,"column":25}},"13":{"start":{"line":44,"column":4},"end":{"line":44,"column":23}},"14":{"start":{"line":45,"column":4},"end":{"line":45,"column":19}},"15":{"start":{"line":46,"column":4},"end":{"line":53,"column":5}},"16":{"start":{"line":47,"column":18},"end":{"line":47,"column":55}},"17":{"start":{"line":48,"column":6},"end":{"line":48,"column":43}},"18":{"start":{"line":50,"column":6},"end":{"line":50,"column":60}},"19":{"start":{"line":52,"column":6},"end":{"line":52,"column":26}},"20":{"start":{"line":57,"column":24},"end":{"line":76,"column":3}},"21":{"start":{"line":59,"column":6},"end":{"line":59,"column":27}},"22":{"start":{"line":59,"column":20},"end":{"line":59,"column":27}},"23":{"start":{"line":60,"column":6},"end":{"line":60,"column":25}},"24":{"start":{"line":61,"column":6},"end":{"line":61,"column":21}},"25":{"start":{"line":62,"column":6},"end":{"line":73,"column":7}},"26":{"start":{"line":63,"column":20},"end":{"line":63,"column":67}},"27":{"start":{"line":64,"column":38},"end":{"line":64,"column":61}},"28":{"start":{"line":65,"column":8},"end":{"line":65,"column":26}},"29":{"start":{"line":66,"column":22},"end":{"line":66,"column":70}},"30":{"start":{"line":66,"column":43},"end":{"line":66,"column":61}},"31":{"start":{"line":67,"column":8},"end":{"line":67,"column":32}},"32":{"start":{"line":68,"column":8},"end":{"line":68,"column":41}},"33":{"start":{"line":70,"column":8},"end":{"line":70,"column":62}},"34":{"start":{"line":72,"column":8},"end":{"line":72,"column":28}},"35":{"start":{"line":79,"column":22},"end":{"line":137,"column":3}},"36":{"start":{"line":81,"column":6},"end":{"line":81,"column":43}},"37":{"start":{"line":81,"column":36},"end":{"line":81,"column":43}},"38":{"start":{"line":82,"column":6},"end":{"line":82,"column":25}},"39":{"start":{"line":83,"column":6},"end":{"line":83,"column":21}},"40":{"start":{"line":86,"column":43},"end":{"line":93,"column":7}},"41":{"start":{"line":94,"column":6},"end":{"line":94,"column":54}},"42":{"start":{"line":94,"column":28},"end":{"line":94,"column":52}},"43":{"start":{"line":96,"column":6},"end":{"line":134,"column":7}},"44":{"start":{"line":97,"column":20},"end":{"line":101,"column":9}},"45":{"start":{"line":102,"column":51},"end":{"line":102,"column":59}},"46":{"start":{"line":105,"column":8},"end":{"line":105,"column":42}},"47":{"start":{"line":106,"column":8},"end":{"line":106,"column":34}},"48":{"start":{"line":109,"column":8},"end":{"line":116,"column":11}},"49":{"start":{"line":110,"column":36},"end":{"line":112,"column":11}},"50":{"start":{"line":111,"column":19},"end":{"line":111,"column":44}},"51":{"start":{"line":115,"column":10},"end":{"line":115,"column":69}},"52":{"start":{"line":119,"column":8},"end":{"line":125,"column":11}},"53":{"start":{"line":120,"column":25},"end":{"line":120,"column":62}},"54":{"start":{"line":120,"column":42},"end":{"line":120,"column":61}},"55":{"start":{"line":121,"column":10},"end":{"line":123,"column":11}},"56":{"start":{"line":122,"column":12},"end":{"line":122,"column":72}},"57":{"start":{"line":122,"column":36},"end":{"line":122,"column":69}},"58":{"start":{"line":124,"column":10},"end":{"line":124,"column":36}},"59":{"start":{"line":127,"column":8},"end":{"line":127,"column":56}},"60":{"start":{"line":129,"column":8},"end":{"line":131,"column":10}},"61":{"start":{"line":130,"column":10},"end":{"line":130,"column":55}},"62":{"start":{"line":130,"column":29},"end":{"line":130,"column":54}},"63":{"start":{"line":133,"column":8},"end":{"line":133,"column":28}},"64":{"start":{"line":140,"column":21},"end":{"line":145,"column":8}},"65":{"start":{"line":141,"column":4},"end":{"line":141,"column":32}},"66":{"start":{"line":142,"column":4},"end":{"line":142,"column":27}},"67":{"start":{"line":143,"column":4},"end":{"line":143,"column":20}},"68":{"start":{"line":144,"column":4},"end":{"line":144,"column":19}},"69":{"start":{"line":148,"column":24},"end":{"line":162,"column":3}},"70":{"start":{"line":150,"column":6},"end":{"line":150,"column":27}},"71":{"start":{"line":150,"column":20},"end":{"line":150,"column":27}},"72":{"start":{"line":151,"column":6},"end":{"line":159,"column":7}},"73":{"start":{"line":152,"column":8},"end":{"line":152,"column":58}},"74":{"start":{"line":153,"column":8},"end":{"line":153,"column":70}},"75":{"start":{"line":153,"column":30},"end":{"line":153,"column":68}},"76":{"start":{"line":153,"column":49},"end":{"line":153,"column":67}},"77":{"start":{"line":154,"column":8},"end":{"line":156,"column":9}},"78":{"start":{"line":155,"column":10},"end":{"line":155,"column":23}},"79":{"start":{"line":158,"column":8},"end":{"line":158,"column":62}},"80":{"start":{"line":164,"column":2},"end":{"line":176,"column":4}}},"fnMap":{"0":{"name":"useCMChat","decl":{"start":{"line":24,"column":16},"end":{"line":24,"column":25}},"loc":{"start":{"line":24,"column":45},"end":{"line":177,"column":1}},"line":24},"1":{"name":"(anonymous_1)","decl":{"start":{"line":25,"column":36},"end":{"line":25,"column":37}},"loc":{"start":{"line":25,"column":43},"end":{"line":25,"column":56}},"line":25},"2":{"name":"(anonymous_2)","decl":{"start":{"line":42,"column":35},"end":{"line":42,"column":36}},"loc":{"start":{"line":42,"column":47},"end":{"line":54,"column":3}},"line":42},"3":{"name":"(anonymous_3)","decl":{"start":{"line":58,"column":4},"end":{"line":58,"column":5}},"loc":{"start":{"line":58,"column":33},"end":{"line":74,"column":5}},"line":58},"4":{"name":"(anonymous_4)","decl":{"start":{"line":66,"column":36},"end":{"line":66,"column":37}},"loc":{"start":{"line":66,"column":43},"end":{"line":66,"column":61}},"line":66},"5":{"name":"(anonymous_5)","decl":{"start":{"line":80,"column":4},"end":{"line":80,"column":5}},"loc":{"start":{"line":80,"column":28},"end":{"line":135,"column":5}},"line":80},"6":{"name":"(anonymous_6)","decl":{"start":{"line":94,"column":18},"end":{"line":94,"column":19}},"loc":{"start":{"line":94,"column":28},"end":{"line":94,"column":52}},"line":94},"7":{"name":"(anonymous_7)","decl":{"start":{"line":109,"column":20},"end":{"line":109,"column":21}},"loc":{"start":{"line":109,"column":30},"end":{"line":116,"column":9}},"line":109},"8":{"name":"(anonymous_8)","decl":{"start":{"line":111,"column":12},"end":{"line":111,"column":13}},"loc":{"start":{"line":111,"column":19},"end":{"line":111,"column":44}},"line":111},"9":{"name":"(anonymous_9)","decl":{"start":{"line":119,"column":20},"end":{"line":119,"column":21}},"loc":{"start":{"line":119,"column":30},"end":{"line":125,"column":9}},"line":119},"10":{"name":"(anonymous_10)","decl":{"start":{"line":120,"column":35},"end":{"line":120,"column":36}},"loc":{"start":{"line":120,"column":42},"end":{"line":120,"column":61}},"line":120},"11":{"name":"(anonymous_11)","decl":{"start":{"line":122,"column":28},"end":{"line":122,"column":29}},"loc":{"start":{"line":122,"column":36},"end":{"line":122,"column":69}},"line":122},"12":{"name":"(anonymous_12)","decl":{"start":{"line":129,"column":20},"end":{"line":129,"column":21}},"loc":{"start":{"line":130,"column":10},"end":{"line":130,"column":55}},"line":130},"13":{"name":"(anonymous_13)","decl":{"start":{"line":130,"column":22},"end":{"line":130,"column":23}},"loc":{"start":{"line":130,"column":29},"end":{"line":130,"column":54}},"line":130},"14":{"name":"(anonymous_14)","decl":{"start":{"line":140,"column":33},"end":{"line":140,"column":34}},"loc":{"start":{"line":140,"column":39},"end":{"line":145,"column":3}},"line":140},"15":{"name":"(anonymous_15)","decl":{"start":{"line":149,"column":4},"end":{"line":149,"column":5}},"loc":{"start":{"line":149,"column":33},"end":{"line":160,"column":5}},"line":149},"16":{"name":"(anonymous_16)","decl":{"start":{"line":153,"column":20},"end":{"line":153,"column":21}},"loc":{"start":{"line":153,"column":30},"end":{"line":153,"column":68}},"line":153},"17":{"name":"(anonymous_17)","decl":{"start":{"line":153,"column":42},"end":{"line":153,"column":43}},"loc":{"start":{"line":153,"column":49},"end":{"line":153,"column":67}},"line":153}},"branchMap":{"0":{"loc":{"start":{"line":43,"column":4},"end":{"line":43,"column":25}},"type":"if","locations":[{"start":{"line":43,"column":4},"end":{"line":43,"column":25}},{"start":{},"end":{}}],"line":43},"1":{"loc":{"start":{"line":48,"column":18},"end":{"line":48,"column":41}},"type":"binary-expr","locations":[{"start":{"line":48,"column":18},"end":{"line":48,"column":35}},{"start":{"line":48,"column":39},"end":{"line":48,"column":41}}],"line":48},"2":{"loc":{"start":{"line":50,"column":15},"end":{"line":50,"column":58}},"type":"binary-expr","locations":[{"start":{"line":50,"column":15},"end":{"line":50,"column":26}},{"start":{"line":50,"column":30},"end":{"line":50,"column":58}}],"line":50},"3":{"loc":{"start":{"line":59,"column":6},"end":{"line":59,"column":27}},"type":"if","locations":[{"start":{"line":59,"column":6},"end":{"line":59,"column":27}},{"start":{},"end":{}}],"line":59},"4":{"loc":{"start":{"line":64,"column":38},"end":{"line":64,"column":61}},"type":"binary-expr","locations":[{"start":{"line":64,"column":38},"end":{"line":64,"column":55}},{"start":{"line":64,"column":59},"end":{"line":64,"column":61}}],"line":64},"5":{"loc":{"start":{"line":66,"column":22},"end":{"line":66,"column":70}},"type":"binary-expr","locations":[{"start":{"line":66,"column":22},"end":{"line":66,"column":62}},{"start":{"line":66,"column":66},"end":{"line":66,"column":70}}],"line":66},"6":{"loc":{"start":{"line":70,"column":17},"end":{"line":70,"column":60}},"type":"binary-expr","locations":[{"start":{"line":70,"column":17},"end":{"line":70,"column":28}},{"start":{"line":70,"column":32},"end":{"line":70,"column":60}}],"line":70},"7":{"loc":{"start":{"line":81,"column":6},"end":{"line":81,"column":43}},"type":"if","locations":[{"start":{"line":81,"column":6},"end":{"line":81,"column":43}},{"start":{},"end":{}}],"line":81},"8":{"loc":{"start":{"line":81,"column":10},"end":{"line":81,"column":34}},"type":"binary-expr","locations":[{"start":{"line":81,"column":10},"end":{"line":81,"column":18}},{"start":{"line":81,"column":22},"end":{"line":81,"column":34}}],"line":81},"9":{"loc":{"start":{"line":88,"column":20},"end":{"line":88,"column":46}},"type":"binary-expr","locations":[{"start":{"line":88,"column":20},"end":{"line":88,"column":40}},{"start":{"line":88,"column":44},"end":{"line":88,"column":46}}],"line":88},"10":{"loc":{"start":{"line":100,"column":10},"end":{"line":100,"column":43}},"type":"binary-expr","locations":[{"start":{"line":100,"column":10},"end":{"line":100,"column":30}},{"start":{"line":100,"column":34},"end":{"line":100,"column":43}}],"line":100},"11":{"loc":{"start":{"line":121,"column":10},"end":{"line":123,"column":11}},"type":"if","locations":[{"start":{"line":121,"column":10},"end":{"line":123,"column":11}},{"start":{},"end":{}}],"line":121},"12":{"loc":{"start":{"line":122,"column":36},"end":{"line":122,"column":69}},"type":"cond-expr","locations":[{"start":{"line":122,"column":58},"end":{"line":122,"column":65}},{"start":{"line":122,"column":68},"end":{"line":122,"column":69}}],"line":122},"13":{"loc":{"start":{"line":127,"column":17},"end":{"line":127,"column":54}},"type":"binary-expr","locations":[{"start":{"line":127,"column":17},"end":{"line":127,"column":28}},{"start":{"line":127,"column":32},"end":{"line":127,"column":54}}],"line":127},"14":{"loc":{"start":{"line":150,"column":6},"end":{"line":150,"column":27}},"type":"if","locations":[{"start":{"line":150,"column":6},"end":{"line":150,"column":27}},{"start":{},"end":{}}],"line":150},"15":{"loc":{"start":{"line":154,"column":8},"end":{"line":156,"column":9}},"type":"if","locations":[{"start":{"line":154,"column":8},"end":{"line":156,"column":9}},{"start":{},"end":{}}],"line":154},"16":{"loc":{"start":{"line":158,"column":17},"end":{"line":158,"column":60}},"type":"binary-expr","locations":[{"start":{"line":158,"column":17},"end":{"line":158,"column":28}},{"start":{"line":158,"column":32},"end":{"line":158,"column":60}}],"line":158}},"s":{"0":18,"1":18,"2":18,"3":18,"4":18,"5":18,"6":18,"7":18,"8":18,"9":18,"10":18,"11":4,"12":0,"13":4,"14":4,"15":4,"16":4,"17":3,"18":1,"19":4,"20":18,"21":1,"22":0,"23":1,"24":1,"25":1,"26":1,"27":1,"28":1,"29":1,"30":1,"31":1,"32":1,"33":0,"34":1,"35":18,"36":4,"37":1,"38":3,"39":3,"40":3,"41":3,"42":3,"43":3,"44":3,"45":2,"46":2,"47":2,"48":2,"49":2,"50":2,"51":2,"52":2,"53":2,"54":0,"55":2,"56":0,"57":0,"58":2,"59":1,"60":1,"61":1,"62":1,"63":3,"64":18,"65":1,"66":1,"67":1,"68":1,"69":18,"70":1,"71":0,"72":1,"73":1,"74":1,"75":1,"76":2,"77":1,"78":0,"79":0,"80":18},"f":{"0":18,"1":18,"2":4,"3":1,"4":1,"5":4,"6":3,"7":2,"8":2,"9":2,"10":0,"11":0,"12":1,"13":1,"14":1,"15":1,"16":1,"17":2},"b":{"0":[0,4],"1":[3,0],"2":[1,0],"3":[0,1],"4":[1,0],"5":[1,0],"6":[0,0],"7":[1,3],"8":[4,4],"9":[3,3],"10":[3,3],"11":[0,2],"12":[0,0],"13":[1,0],"14":[0,1],"15":[0,1],"16":[0,0]},"_coverageSchema":"1a1c01bbd47fc00a2c39e90264f33305004495a9","hash":"57df4ca20575bca5dcd1640137f1ee9253865e64"}
,"/Users/faicalkriouar/presenceos/mobile/src/hooks/useIlyasChat.ts": {"path":"/Users/faicalkriouar/presenceos/mobile/src/hooks/useIlyasChat.ts","statementMap":{"0":{"start":{"line":25,"column":22},"end":{"line":25,"column":57}},"1":{"start":{"line":25,"column":43},"end":{"line":25,"column":56}},"2":{"start":{"line":27,"column":34},"end":{"line":27,"column":63}},"3":{"start":{"line":28,"column":44},"end":{"line":28,"column":80}},"4":{"start":{"line":29,"column":34},"end":{"line":29,"column":63}},"5":{"start":{"line":30,"column":36},"end":{"line":30,"column":51}},"6":{"start":{"line":31,"column":36},"end":{"line":31,"column":51}},"7":{"start":{"line":32,"column":28},"end":{"line":32,"column":57}},"8":{"start":{"line":34,"column":23},"end":{"line":34,"column":50}},"9":{"start":{"line":35,"column":18},"end":{"line":35,"column":33}},"10":{"start":{"line":38,"column":23},"end":{"line":50,"column":15}},"11":{"start":{"line":39,"column":4},"end":{"line":39,"column":25}},"12":{"start":{"line":39,"column":18},"end":{"line":39,"column":25}},"13":{"start":{"line":40,"column":4},"end":{"line":40,"column":23}},"14":{"start":{"line":41,"column":4},"end":{"line":41,"column":19}},"15":{"start":{"line":42,"column":4},"end":{"line":49,"column":5}},"16":{"start":{"line":43,"column":18},"end":{"line":43,"column":54}},"17":{"start":{"line":44,"column":6},"end":{"line":44,"column":43}},"18":{"start":{"line":46,"column":6},"end":{"line":46,"column":60}},"19":{"start":{"line":48,"column":6},"end":{"line":48,"column":26}},"20":{"start":{"line":53,"column":24},"end":{"line":72,"column":3}},"21":{"start":{"line":55,"column":6},"end":{"line":55,"column":27}},"22":{"start":{"line":55,"column":20},"end":{"line":55,"column":27}},"23":{"start":{"line":56,"column":6},"end":{"line":56,"column":25}},"24":{"start":{"line":57,"column":6},"end":{"line":57,"column":21}},"25":{"start":{"line":58,"column":6},"end":{"line":69,"column":7}},"26":{"start":{"line":59,"column":20},"end":{"line":59,"column":66}},"27":{"start":{"line":60,"column":38},"end":{"line":60,"column":61}},"28":{"start":{"line":61,"column":8},"end":{"line":61,"column":26}},"29":{"start":{"line":62,"column":22},"end":{"line":62,"column":70}},"30":{"start":{"line":62,"column":43},"end":{"line":62,"column":61}},"31":{"start":{"line":63,"column":8},"end":{"line":63,"column":32}},"32":{"start":{"line":64,"column":8},"end":{"line":64,"column":41}},"33":{"start":{"line":66,"column":8},"end":{"line":66,"column":62}},"34":{"start":{"line":68,"column":8},"end":{"line":68,"column":28}},"35":{"start":{"line":75,"column":22},"end":{"line":123,"column":3}},"36":{"start":{"line":77,"column":6},"end":{"line":77,"column":43}},"37":{"start":{"line":77,"column":36},"end":{"line":77,"column":43}},"38":{"start":{"line":78,"column":6},"end":{"line":78,"column":25}},"39":{"start":{"line":79,"column":6},"end":{"line":79,"column":21}},"40":{"start":{"line":81,"column":43},"end":{"line":88,"column":7}},"41":{"start":{"line":89,"column":6},"end":{"line":89,"column":54}},"42":{"start":{"line":89,"column":28},"end":{"line":89,"column":52}},"43":{"start":{"line":91,"column":6},"end":{"line":120,"column":7}},"44":{"start":{"line":92,"column":20},"end":{"line":97,"column":9}},"45":{"start":{"line":98,"column":51},"end":{"line":98,"column":59}},"46":{"start":{"line":100,"column":8},"end":{"line":100,"column":42}},"47":{"start":{"line":101,"column":8},"end":{"line":101,"column":34}},"48":{"start":{"line":103,"column":8},"end":{"line":106,"column":11}},"49":{"start":{"line":104,"column":36},"end":{"line":104,"column":81}},"50":{"start":{"line":104,"column":55},"end":{"line":104,"column":80}},"51":{"start":{"line":105,"column":10},"end":{"line":105,"column":69}},"52":{"start":{"line":108,"column":8},"end":{"line":114,"column":11}},"53":{"start":{"line":109,"column":25},"end":{"line":109,"column":62}},"54":{"start":{"line":109,"column":42},"end":{"line":109,"column":61}},"55":{"start":{"line":110,"column":10},"end":{"line":112,"column":11}},"56":{"start":{"line":111,"column":12},"end":{"line":111,"column":72}},"57":{"start":{"line":111,"column":36},"end":{"line":111,"column":69}},"58":{"start":{"line":113,"column":10},"end":{"line":113,"column":36}},"59":{"start":{"line":116,"column":8},"end":{"line":116,"column":56}},"60":{"start":{"line":117,"column":8},"end":{"line":117,"column":77}},"61":{"start":{"line":117,"column":30},"end":{"line":117,"column":75}},"62":{"start":{"line":117,"column":49},"end":{"line":117,"column":74}},"63":{"start":{"line":119,"column":8},"end":{"line":119,"column":28}},"64":{"start":{"line":126,"column":21},"end":{"line":131,"column":8}},"65":{"start":{"line":127,"column":4},"end":{"line":127,"column":32}},"66":{"start":{"line":128,"column":4},"end":{"line":128,"column":27}},"67":{"start":{"line":129,"column":4},"end":{"line":129,"column":20}},"68":{"start":{"line":130,"column":4},"end":{"line":130,"column":19}},"69":{"start":{"line":134,"column":24},"end":{"line":148,"column":3}},"70":{"start":{"line":136,"column":6},"end":{"line":136,"column":27}},"71":{"start":{"line":136,"column":20},"end":{"line":136,"column":27}},"72":{"start":{"line":137,"column":6},"end":{"line":145,"column":7}},"73":{"start":{"line":138,"column":8},"end":{"line":138,"column":57}},"74":{"start":{"line":139,"column":8},"end":{"line":139,"column":70}},"75":{"start":{"line":139,"column":30},"end":{"line":139,"column":68}},"76":{"start":{"line":139,"column":49},"end":{"line":139,"column":67}},"77":{"start":{"line":140,"column":8},"end":{"line":142,"column":9}},"78":{"start":{"line":141,"column":10},"end":{"line":141,"column":23}},"79":{"start":{"line":144,"column":8},"end":{"line":144,"column":62}},"80":{"start":{"line":150,"column":2},"end":{"line":162,"column":4}}},"fnMap":{"0":{"name":"useIlyasChat","decl":{"start":{"line":24,"column":16},"end":{"line":24,"column":28}},"loc":{"start":{"line":24,"column":51},"end":{"line":163,"column":1}},"line":24},"1":{"name":"(anonymous_1)","decl":{"start":{"line":25,"column":36},"end":{"line":25,"column":37}},"loc":{"start":{"line":25,"column":43},"end":{"line":25,"column":56}},"line":25},"2":{"name":"(anonymous_2)","decl":{"start":{"line":38,"column":35},"end":{"line":38,"column":36}},"loc":{"start":{"line":38,"column":47},"end":{"line":50,"column":3}},"line":38},"3":{"name":"(anonymous_3)","decl":{"start":{"line":54,"column":4},"end":{"line":54,"column":5}},"loc":{"start":{"line":54,"column":33},"end":{"line":70,"column":5}},"line":54},"4":{"name":"(anonymous_4)","decl":{"start":{"line":62,"column":36},"end":{"line":62,"column":37}},"loc":{"start":{"line":62,"column":43},"end":{"line":62,"column":61}},"line":62},"5":{"name":"(anonymous_5)","decl":{"start":{"line":76,"column":4},"end":{"line":76,"column":5}},"loc":{"start":{"line":76,"column":47},"end":{"line":121,"column":5}},"line":76},"6":{"name":"(anonymous_6)","decl":{"start":{"line":89,"column":18},"end":{"line":89,"column":19}},"loc":{"start":{"line":89,"column":28},"end":{"line":89,"column":52}},"line":89},"7":{"name":"(anonymous_7)","decl":{"start":{"line":103,"column":20},"end":{"line":103,"column":21}},"loc":{"start":{"line":103,"column":30},"end":{"line":106,"column":9}},"line":103},"8":{"name":"(anonymous_8)","decl":{"start":{"line":104,"column":48},"end":{"line":104,"column":49}},"loc":{"start":{"line":104,"column":55},"end":{"line":104,"column":80}},"line":104},"9":{"name":"(anonymous_9)","decl":{"start":{"line":108,"column":20},"end":{"line":108,"column":21}},"loc":{"start":{"line":108,"column":30},"end":{"line":114,"column":9}},"line":108},"10":{"name":"(anonymous_10)","decl":{"start":{"line":109,"column":35},"end":{"line":109,"column":36}},"loc":{"start":{"line":109,"column":42},"end":{"line":109,"column":61}},"line":109},"11":{"name":"(anonymous_11)","decl":{"start":{"line":111,"column":28},"end":{"line":111,"column":29}},"loc":{"start":{"line":111,"column":36},"end":{"line":111,"column":69}},"line":111},"12":{"name":"(anonymous_12)","decl":{"start":{"line":117,"column":20},"end":{"line":117,"column":21}},"loc":{"start":{"line":117,"column":30},"end":{"line":117,"column":75}},"line":117},"13":{"name":"(anonymous_13)","decl":{"start":{"line":117,"column":42},"end":{"line":117,"column":43}},"loc":{"start":{"line":117,"column":49},"end":{"line":117,"column":74}},"line":117},"14":{"name":"(anonymous_14)","decl":{"start":{"line":126,"column":33},"end":{"line":126,"column":34}},"loc":{"start":{"line":126,"column":39},"end":{"line":131,"column":3}},"line":126},"15":{"name":"(anonymous_15)","decl":{"start":{"line":135,"column":4},"end":{"line":135,"column":5}},"loc":{"start":{"line":135,"column":33},"end":{"line":146,"column":5}},"line":135},"16":{"name":"(anonymous_16)","decl":{"start":{"line":139,"column":20},"end":{"line":139,"column":21}},"loc":{"start":{"line":139,"column":30},"end":{"line":139,"column":68}},"line":139},"17":{"name":"(anonymous_17)","decl":{"start":{"line":139,"column":42},"end":{"line":139,"column":43}},"loc":{"start":{"line":139,"column":49},"end":{"line":139,"column":67}},"line":139}},"branchMap":{"0":{"loc":{"start":{"line":39,"column":4},"end":{"line":39,"column":25}},"type":"if","locations":[{"start":{"line":39,"column":4},"end":{"line":39,"column":25}},{"start":{},"end":{}}],"line":39},"1":{"loc":{"start":{"line":44,"column":18},"end":{"line":44,"column":41}},"type":"binary-expr","locations":[{"start":{"line":44,"column":18},"end":{"line":44,"column":35}},{"start":{"line":44,"column":39},"end":{"line":44,"column":41}}],"line":44},"2":{"loc":{"start":{"line":46,"column":15},"end":{"line":46,"column":58}},"type":"binary-expr","locations":[{"start":{"line":46,"column":15},"end":{"line":46,"column":26}},{"start":{"line":46,"column":30},"end":{"line":46,"column":58}}],"line":46},"3":{"loc":{"start":{"line":55,"column":6},"end":{"line":55,"column":27}},"type":"if","locations":[{"start":{"line":55,"column":6},"end":{"line":55,"column":27}},{"start":{},"end":{}}],"line":55},"4":{"loc":{"start":{"line":60,"column":38},"end":{"line":60,"column":61}},"type":"binary-expr","locations":[{"start":{"line":60,"column":38},"end":{"line":60,"column":55}},{"start":{"line":60,"column":59},"end":{"line":60,"column":61}}],"line":60},"5":{"loc":{"start":{"line":62,"column":22},"end":{"line":62,"column":70}},"type":"binary-expr","locations":[{"start":{"line":62,"column":22},"end":{"line":62,"column":62}},{"start":{"line":62,"column":66},"end":{"line":62,"column":70}}],"line":62},"6":{"loc":{"start":{"line":66,"column":17},"end":{"line":66,"column":60}},"type":"binary-expr","locations":[{"start":{"line":66,"column":17},"end":{"line":66,"column":28}},{"start":{"line":66,"column":32},"end":{"line":66,"column":60}}],"line":66},"7":{"loc":{"start":{"line":77,"column":6},"end":{"line":77,"column":43}},"type":"if","locations":[{"start":{"line":77,"column":6},"end":{"line":77,"column":43}},{"start":{},"end":{}}],"line":77},"8":{"loc":{"start":{"line":77,"column":10},"end":{"line":77,"column":34}},"type":"binary-expr","locations":[{"start":{"line":77,"column":10},"end":{"line":77,"column":18}},{"start":{"line":77,"column":22},"end":{"line":77,"column":34}}],"line":77},"9":{"loc":{"start":{"line":83,"column":20},"end":{"line":83,"column":46}},"type":"binary-expr","locations":[{"start":{"line":83,"column":20},"end":{"line":83,"column":40}},{"start":{"line":83,"column":44},"end":{"line":83,"column":46}}],"line":83},"10":{"loc":{"start":{"line":95,"column":10},"end":{"line":95,"column":43}},"type":"binary-expr","locations":[{"start":{"line":95,"column":10},"end":{"line":95,"column":30}},{"start":{"line":95,"column":34},"end":{"line":95,"column":43}}],"line":95},"11":{"loc":{"start":{"line":110,"column":10},"end":{"line":112,"column":11}},"type":"if","locations":[{"start":{"line":110,"column":10},"end":{"line":112,"column":11}},{"start":{},"end":{}}],"line":110},"12":{"loc":{"start":{"line":111,"column":36},"end":{"line":111,"column":69}},"type":"cond-expr","locations":[{"start":{"line":111,"column":58},"end":{"line":111,"column":65}},{"start":{"line":111,"column":68},"end":{"line":111,"column":69}}],"line":111},"13":{"loc":{"start":{"line":116,"column":17},"end":{"line":116,"column":54}},"type":"binary-expr","locations":[{"start":{"line":116,"column":17},"end":{"line":116,"column":28}},{"start":{"line":116,"column":32},"end":{"line":116,"column":54}}],"line":116},"14":{"loc":{"start":{"line":136,"column":6},"end":{"line":136,"column":27}},"type":"if","locations":[{"start":{"line":136,"column":6},"end":{"line":136,"column":27}},{"start":{},"end":{}}],"line":136},"15":{"loc":{"start":{"line":140,"column":8},"end":{"line":142,"column":9}},"type":"if","locations":[{"start":{"line":140,"column":8},"end":{"line":142,"column":9}},{"start":{},"end":{}}],"line":140},"16":{"loc":{"start":{"line":144,"column":17},"end":{"line":144,"column":60}},"type":"binary-expr","locations":[{"start":{"line":144,"column":17},"end":{"line":144,"column":28}},{"start":{"line":144,"column":32},"end":{"line":144,"column":60}}],"line":144}},"s":{"0":12,"1":12,"2":12,"3":12,"4":12,"5":12,"6":12,"7":12,"8":12,"9":12,"10":12,"11":2,"12":0,"13":2,"14":2,"15":2,"16":2,"17":2,"18":0,"19":2,"20":12,"21":1,"22":0,"23":1,"24":1,"25":1,"26":1,"27":1,"28":1,"29":1,"30":1,"31":1,"32":1,"33":0,"34":1,"35":12,"36":3,"37":0,"38":3,"39":3,"40":3,"41":3,"42":3,"43":3,"44":3,"45":2,"46":2,"47":2,"48":2,"49":2,"50":2,"51":2,"52":2,"53":2,"54":0,"55":2,"56":0,"57":0,"58":2,"59":1,"60":1,"61":1,"62":1,"63":3,"64":12,"65":1,"66":1,"67":1,"68":1,"69":12,"70":1,"71":0,"72":1,"73":1,"74":1,"75":1,"76":1,"77":1,"78":1,"79":0,"80":12},"f":{"0":12,"1":12,"2":2,"3":1,"4":1,"5":3,"6":3,"7":2,"8":2,"9":2,"10":0,"11":0,"12":1,"13":1,"14":1,"15":1,"16":1,"17":1},"b":{"0":[0,2],"1":[2,0],"2":[0,0],"3":[0,1],"4":[1,0],"5":[1,0],"6":[0,0],"7":[0,3],"8":[3,3],"9":[3,3],"10":[3,3],"11":[0,2],"12":[0,0],"13":[1,0],"14":[0,1],"15":[1,0],"16":[0,0]},"_coverageSchema":"1a1c01bbd47fc00a2c39e90264f33305004495a9","hash":"b1d517dfb49e01e95b8f3ff3ec785e58ce495653"}
,"/Users/faicalkriouar/presenceos/mobile/src/lib/api.ts": {"path":"/Users/faicalkriouar/presenceos/mobile/src/lib/api.ts","statementMap":{"0":{"start":{"line":8,"column":17},"end":{"line":10,"column":54}},"1":{"start":{"line":12,"column":20},"end":{"line":14,"column":54}},"2":{"start":{"line":17,"column":43},"end":{"line":17,"column":47}},"3":{"start":{"line":20,"column":2},"end":{"line":20,"column":23}},"4":{"start":{"line":31,"column":14},"end":{"line":31,"column":34}},"5":{"start":{"line":32,"column":2},"end":{"line":32,"column":26}},"6":{"start":{"line":32,"column":15},"end":{"line":32,"column":26}},"7":{"start":{"line":33,"column":13},"end":{"line":36,"column":14}},"8":{"start":{"line":34,"column":23},"end":{"line":34,"column":52}},"9":{"start":{"line":35,"column":21},"end":{"line":35,"column":80}},"10":{"start":{"line":37,"column":2},"end":{"line":37,"column":35}},"11":{"start":{"line":41,"column":21},"end":{"line":41,"column":61}},"12":{"start":{"line":42,"column":42},"end":{"line":45,"column":3}},"13":{"start":{"line":47,"column":40},"end":{"line":47,"column":63}},"14":{"start":{"line":49,"column":2},"end":{"line":60,"column":3}},"15":{"start":{"line":50,"column":4},"end":{"line":50,"column":49}},"16":{"start":{"line":51,"column":9},"end":{"line":60,"column":3}},"17":{"start":{"line":53,"column":23},"end":{"line":53,"column":43}},"18":{"start":{"line":54,"column":4},"end":{"line":56,"column":5}},"19":{"start":{"line":55,"column":6},"end":{"line":55,"column":56}},"20":{"start":{"line":57,"column":9},"end":{"line":60,"column":3}},"21":{"start":{"line":59,"column":4},"end":{"line":59,"column":61}},"22":{"start":{"line":62,"column":2},"end":{"line":62,"column":17}},"23":{"start":{"line":75,"column":14},"end":{"line":75,"column":45}},"24":{"start":{"line":76,"column":22},"end":{"line":76,"column":44}},"25":{"start":{"line":78,"column":42},"end":{"line":81,"column":3}},"26":{"start":{"line":84,"column":2},"end":{"line":86,"column":3}},"27":{"start":{"line":85,"column":4},"end":{"line":85,"column":35}},"28":{"start":{"line":88,"column":36},"end":{"line":91,"column":3}},"29":{"start":{"line":93,"column":2},"end":{"line":97,"column":3}},"30":{"start":{"line":94,"column":4},"end":{"line":96,"column":37}},"31":{"start":{"line":99,"column":21},"end":{"line":99,"column":42}},"32":{"start":{"line":100,"column":18},"end":{"line":100,"column":61}},"33":{"start":{"line":100,"column":35},"end":{"line":100,"column":53}},"34":{"start":{"line":101,"column":2},"end":{"line":101,"column":42}},"35":{"start":{"line":103,"column":2},"end":{"line":136,"column":3}},"36":{"start":{"line":104,"column":16},"end":{"line":104,"column":46}},"37":{"start":{"line":105,"column":4},"end":{"line":105,"column":26}},"38":{"start":{"line":108,"column":24},"end":{"line":108,"column":61}},"39":{"start":{"line":109,"column":4},"end":{"line":113,"column":5}},"40":{"start":{"line":110,"column":6},"end":{"line":110,"column":30}},"41":{"start":{"line":112,"column":6},"end":{"line":112,"column":30}},"42":{"start":{"line":115,"column":4},"end":{"line":125,"column":5}},"43":{"start":{"line":117,"column":6},"end":{"line":119,"column":7}},"44":{"start":{"line":118,"column":8},"end":{"line":118,"column":26}},"45":{"start":{"line":120,"column":25},"end":{"line":122,"column":7}},"46":{"start":{"line":123,"column":6},"end":{"line":123,"column":52}},"47":{"start":{"line":124,"column":6},"end":{"line":124,"column":18}},"48":{"start":{"line":127,"column":4},"end":{"line":127,"column":40}},"49":{"start":{"line":129,"column":4},"end":{"line":129,"column":26}},"50":{"start":{"line":130,"column":4},"end":{"line":134,"column":5}},"51":{"start":{"line":131,"column":25},"end":{"line":131,"column":53}},"52":{"start":{"line":132,"column":6},"end":{"line":132,"column":34}},"53":{"start":{"line":133,"column":6},"end":{"line":133,"column":18}},"54":{"start":{"line":135,"column":4},"end":{"line":135,"column":14}},"55":{"start":{"line":149,"column":14},"end":{"line":149,"column":37}},"56":{"start":{"line":150,"column":13},"end":{"line":155,"column":8}},"57":{"start":{"line":152,"column":27},"end":{"line":152,"column":56}},"58":{"start":{"line":153,"column":25},"end":{"line":153,"column":84}},"59":{"start":{"line":156,"column":18},"end":{"line":156,"column":26}},"60":{"start":{"line":157,"column":22},"end":{"line":157,"column":44}},"61":{"start":{"line":159,"column":42},"end":{"line":162,"column":3}},"62":{"start":{"line":164,"column":2},"end":{"line":166,"column":3}},"63":{"start":{"line":165,"column":4},"end":{"line":165,"column":35}},"64":{"start":{"line":168,"column":36},"end":{"line":171,"column":3}},"65":{"start":{"line":173,"column":2},"end":{"line":177,"column":3}},"66":{"start":{"line":174,"column":4},"end":{"line":176,"column":37}},"67":{"start":{"line":179,"column":21},"end":{"line":179,"column":42}},"68":{"start":{"line":180,"column":18},"end":{"line":180,"column":61}},"69":{"start":{"line":180,"column":35},"end":{"line":180,"column":53}},"70":{"start":{"line":181,"column":2},"end":{"line":181,"column":42}},"71":{"start":{"line":183,"column":2},"end":{"line":242,"column":3}},"72":{"start":{"line":184,"column":16},"end":{"line":184,"column":50}},"73":{"start":{"line":185,"column":4},"end":{"line":185,"column":26}},"74":{"start":{"line":188,"column":24},"end":{"line":188,"column":61}},"75":{"start":{"line":189,"column":4},"end":{"line":193,"column":5}},"76":{"start":{"line":190,"column":6},"end":{"line":190,"column":30}},"77":{"start":{"line":192,"column":6},"end":{"line":192,"column":30}},"78":{"start":{"line":195,"column":4},"end":{"line":231,"column":5}},"79":{"start":{"line":196,"column":6},"end":{"line":227,"column":7}},"80":{"start":{"line":198,"column":28},"end":{"line":198,"column":44}},"81":{"start":{"line":199,"column":8},"end":{"line":224,"column":9}},"82":{"start":{"line":200,"column":10},"end":{"line":223,"column":11}},"83":{"start":{"line":201,"column":31},"end":{"line":201,"column":65}},"84":{"start":{"line":203,"column":12},"end":{"line":203,"column":57}},"85":{"start":{"line":205,"column":36},"end":{"line":205,"column":57}},"86":{"start":{"line":206,"column":33},"end":{"line":206,"column":81}},"87":{"start":{"line":206,"column":50},"end":{"line":206,"column":73}},"88":{"start":{"line":207,"column":33},"end":{"line":207,"column":86}},"89":{"start":{"line":208,"column":43},"end":{"line":208,"column":108}},"90":{"start":{"line":209,"column":12},"end":{"line":211,"column":13}},"91":{"start":{"line":210,"column":14},"end":{"line":210,"column":96}},"92":{"start":{"line":212,"column":29},"end":{"line":212,"column":60}},"93":{"start":{"line":213,"column":12},"end":{"line":213,"column":39}},"94":{"start":{"line":214,"column":12},"end":{"line":220,"column":13}},"95":{"start":{"line":215,"column":39},"end":{"line":215,"column":81}},"96":{"start":{"line":216,"column":32},"end":{"line":218,"column":39}},"97":{"start":{"line":219,"column":14},"end":{"line":219,"column":66}},"98":{"start":{"line":226,"column":8},"end":{"line":226,"column":47}},"99":{"start":{"line":226,"column":29},"end":{"line":226,"column":47}},"100":{"start":{"line":228,"column":25},"end":{"line":228,"column":72}},"101":{"start":{"line":229,"column":6},"end":{"line":229,"column":52}},"102":{"start":{"line":230,"column":6},"end":{"line":230,"column":18}},"103":{"start":{"line":233,"column":4},"end":{"line":233,"column":40}},"104":{"start":{"line":235,"column":4},"end":{"line":235,"column":26}},"105":{"start":{"line":236,"column":4},"end":{"line":240,"column":5}},"106":{"start":{"line":237,"column":25},"end":{"line":237,"column":53}},"107":{"start":{"line":238,"column":6},"end":{"line":238,"column":34}},"108":{"start":{"line":239,"column":6},"end":{"line":239,"column":18}},"109":{"start":{"line":241,"column":4},"end":{"line":241,"column":14}},"110":{"start":{"line":247,"column":12},"end":{"line":265,"column":1}},"111":{"start":{"line":249,"column":4},"end":{"line":249,"column":53}},"112":{"start":{"line":255,"column":23},"end":{"line":255,"column":47}},"113":{"start":{"line":256,"column":4},"end":{"line":260,"column":7}},"114":{"start":{"line":263,"column":4},"end":{"line":263,"column":37}},"115":{"start":{"line":264,"column":37},"end":{"line":264,"column":63}},"116":{"start":{"line":268,"column":23},"end":{"line":286,"column":1}},"117":{"start":{"line":271,"column":21},"end":{"line":271,"column":101}},"118":{"start":{"line":272,"column":4},"end":{"line":276,"column":7}},"119":{"start":{"line":279,"column":4},"end":{"line":281,"column":6}},"120":{"start":{"line":283,"column":4},"end":{"line":283,"column":65}},"121":{"start":{"line":285,"column":4},"end":{"line":285,"column":91}},"122":{"start":{"line":289,"column":26},"end":{"line":300,"column":1}},"123":{"start":{"line":291,"column":4},"end":{"line":291,"column":53}},"124":{"start":{"line":293,"column":4},"end":{"line":293,"column":48}},"125":{"start":{"line":295,"column":4},"end":{"line":295,"column":57}},"126":{"start":{"line":297,"column":4},"end":{"line":297,"column":54}},"127":{"start":{"line":299,"column":4},"end":{"line":299,"column":49}},"128":{"start":{"line":303,"column":23},"end":{"line":308,"column":1}},"129":{"start":{"line":305,"column":4},"end":{"line":305,"column":47}},"130":{"start":{"line":307,"column":4},"end":{"line":307,"column":56}},"131":{"start":{"line":311,"column":28},"end":{"line":332,"column":1}},"132":{"start":{"line":313,"column":4},"end":{"line":313,"column":48}},"133":{"start":{"line":315,"column":4},"end":{"line":317,"column":6}},"134":{"start":{"line":319,"column":4},"end":{"line":319,"column":70}},"135":{"start":{"line":326,"column":4},"end":{"line":329,"column":6}},"136":{"start":{"line":331,"column":4},"end":{"line":331,"column":62}},"137":{"start":{"line":335,"column":24},"end":{"line":339,"column":1}},"138":{"start":{"line":336,"column":33},"end":{"line":336,"column":67}},"139":{"start":{"line":338,"column":4},"end":{"line":338,"column":55}},"140":{"start":{"line":342,"column":21},"end":{"line":347,"column":1}},"141":{"start":{"line":343,"column":28},"end":{"line":343,"column":53}},"142":{"start":{"line":344,"column":32},"end":{"line":344,"column":66}},"143":{"start":{"line":346,"column":4},"end":{"line":346,"column":42}},"144":{"start":{"line":350,"column":25},"end":{"line":359,"column":1}},"145":{"start":{"line":352,"column":4},"end":{"line":352,"column":66}},"146":{"start":{"line":354,"column":4},"end":{"line":354,"column":57}},"147":{"start":{"line":356,"column":4},"end":{"line":356,"column":74}},"148":{"start":{"line":358,"column":4},"end":{"line":358,"column":73}},"149":{"start":{"line":362,"column":25},"end":{"line":375,"column":1}},"150":{"start":{"line":364,"column":19},"end":{"line":364,"column":40}},"151":{"start":{"line":365,"column":4},"end":{"line":365,"column":54}},"152":{"start":{"line":365,"column":18},"end":{"line":365,"column":54}},"153":{"start":{"line":366,"column":4},"end":{"line":366,"column":64}},"154":{"start":{"line":366,"column":21},"end":{"line":366,"column":64}},"155":{"start":{"line":367,"column":15},"end":{"line":367,"column":32}},"156":{"start":{"line":368,"column":4},"end":{"line":368,"column":71}},"157":{"start":{"line":370,"column":33},"end":{"line":370,"column":71}},"158":{"start":{"line":372,"column":4},"end":{"line":372,"column":53}},"159":{"start":{"line":374,"column":4},"end":{"line":374,"column":72}},"160":{"start":{"line":378,"column":25},"end":{"line":380,"column":1}},"161":{"start":{"line":379,"column":14},"end":{"line":379,"column":37}},"162":{"start":{"line":383,"column":24},"end":{"line":390,"column":1}},"163":{"start":{"line":385,"column":4},"end":{"line":385,"column":93}},"164":{"start":{"line":387,"column":4},"end":{"line":387,"column":40}},"165":{"start":{"line":389,"column":4},"end":{"line":389,"column":40}},"166":{"start":{"line":393,"column":21},"end":{"line":406,"column":1}},"167":{"start":{"line":395,"column":4},"end":{"line":397,"column":6}},"168":{"start":{"line":399,"column":4},"end":{"line":401,"column":6}},"169":{"start":{"line":403,"column":4},"end":{"line":403,"column":56}},"170":{"start":{"line":405,"column":4},"end":{"line":405,"column":65}},"171":{"start":{"line":409,"column":25},"end":{"line":421,"column":1}},"172":{"start":{"line":411,"column":4},"end":{"line":414,"column":6}},"173":{"start":{"line":416,"column":4},"end":{"line":416,"column":74}},"174":{"start":{"line":418,"column":4},"end":{"line":418,"column":65}},"175":{"start":{"line":420,"column":4},"end":{"line":420,"column":59}},"176":{"start":{"line":424,"column":24},"end":{"line":445,"column":1}},"177":{"start":{"line":426,"column":4},"end":{"line":426,"column":39}},"178":{"start":{"line":428,"column":4},"end":{"line":428,"column":46}},"179":{"start":{"line":430,"column":4},"end":{"line":430,"column":76}},"180":{"start":{"line":432,"column":4},"end":{"line":432,"column":88}},"181":{"start":{"line":434,"column":4},"end":{"line":434,"column":72}},"182":{"start":{"line":436,"column":4},"end":{"line":436,"column":64}},"183":{"start":{"line":438,"column":4},"end":{"line":438,"column":50}},"184":{"start":{"line":440,"column":4},"end":{"line":440,"column":36}},"185":{"start":{"line":442,"column":4},"end":{"line":442,"column":43}},"186":{"start":{"line":444,"column":4},"end":{"line":444,"column":72}},"187":{"start":{"line":448,"column":24},"end":{"line":461,"column":1}},"188":{"start":{"line":450,"column":4},"end":{"line":452,"column":6}},"189":{"start":{"line":454,"column":4},"end":{"line":454,"column":81}},"190":{"start":{"line":456,"column":4},"end":{"line":456,"column":72}},"191":{"start":{"line":458,"column":4},"end":{"line":458,"column":66}},"192":{"start":{"line":460,"column":4},"end":{"line":460,"column":49}},"193":{"start":{"line":464,"column":29},"end":{"line":477,"column":1}},"194":{"start":{"line":466,"column":4},"end":{"line":466,"column":70}},"195":{"start":{"line":468,"column":4},"end":{"line":470,"column":6}},"196":{"start":{"line":472,"column":4},"end":{"line":472,"column":68}},"197":{"start":{"line":474,"column":4},"end":{"line":476,"column":6}},"198":{"start":{"line":480,"column":24},"end":{"line":486,"column":1}},"199":{"start":{"line":482,"column":4},"end":{"line":485,"column":6}},"200":{"start":{"line":489,"column":25},"end":{"line":496,"column":1}},"201":{"start":{"line":491,"column":4},"end":{"line":493,"column":6}},"202":{"start":{"line":495,"column":4},"end":{"line":495,"column":44}},"203":{"start":{"line":499,"column":25},"end":{"line":516,"column":1}},"204":{"start":{"line":501,"column":4},"end":{"line":503,"column":6}},"205":{"start":{"line":505,"column":4},"end":{"line":507,"column":6}},"206":{"start":{"line":509,"column":4},"end":{"line":511,"column":6}},"207":{"start":{"line":513,"column":4},"end":{"line":513,"column":69}},"208":{"start":{"line":515,"column":4},"end":{"line":515,"column":48}},"209":{"start":{"line":519,"column":27},"end":{"line":528,"column":1}},"210":{"start":{"line":521,"column":4},"end":{"line":521,"column":89}},"211":{"start":{"line":523,"column":4},"end":{"line":523,"column":65}},"212":{"start":{"line":525,"column":4},"end":{"line":527,"column":6}},"213":{"start":{"line":531,"column":27},"end":{"line":543,"column":1}},"214":{"start":{"line":539,"column":7},"end":{"line":539,"column":67}},"215":{"start":{"line":542,"column":4},"end":{"line":542,"column":60}}},"fnMap":{"0":{"name":"setOnUnauthorized","decl":{"start":{"line":19,"column":16},"end":{"line":19,"column":33}},"loc":{"start":{"line":19,"column":50},"end":{"line":21,"column":1}},"line":19},"1":{"name":"buildUrl","decl":{"start":{"line":30,"column":9},"end":{"line":30,"column":17}},"loc":{"start":{"line":30,"column":70},"end":{"line":38,"column":1}},"line":30},"2":{"name":"(anonymous_2)","decl":{"start":{"line":34,"column":12},"end":{"line":34,"column":13}},"loc":{"start":{"line":34,"column":23},"end":{"line":34,"column":52}},"line":34},"3":{"name":"(anonymous_3)","decl":{"start":{"line":35,"column":9},"end":{"line":35,"column":10}},"loc":{"start":{"line":35,"column":21},"end":{"line":35,"column":80}},"line":35},"4":{"name":"getAuthHeaders","decl":{"start":{"line":40,"column":15},"end":{"line":40,"column":29}},"loc":{"start":{"line":40,"column":65},"end":{"line":63,"column":1}},"line":40},"5":{"name":"request","decl":{"start":{"line":65,"column":15},"end":{"line":65,"column":22}},"loc":{"start":{"line":74,"column":27},"end":{"line":137,"column":1}},"line":74},"6":{"name":"(anonymous_6)","decl":{"start":{"line":100,"column":29},"end":{"line":100,"column":30}},"loc":{"start":{"line":100,"column":35},"end":{"line":100,"column":53}},"line":100},"7":{"name":"requestV2","decl":{"start":{"line":139,"column":15},"end":{"line":139,"column":24}},"loc":{"start":{"line":148,"column":27},"end":{"line":243,"column":1}},"line":148},"8":{"name":"(anonymous_8)","decl":{"start":{"line":152,"column":16},"end":{"line":152,"column":17}},"loc":{"start":{"line":152,"column":27},"end":{"line":152,"column":56}},"line":152},"9":{"name":"(anonymous_9)","decl":{"start":{"line":153,"column":13},"end":{"line":153,"column":14}},"loc":{"start":{"line":153,"column":25},"end":{"line":153,"column":84}},"line":153},"10":{"name":"(anonymous_10)","decl":{"start":{"line":180,"column":29},"end":{"line":180,"column":30}},"loc":{"start":{"line":180,"column":35},"end":{"line":180,"column":53}},"line":180},"11":{"name":"(anonymous_11)","decl":{"start":{"line":206,"column":44},"end":{"line":206,"column":45}},"loc":{"start":{"line":206,"column":50},"end":{"line":206,"column":73}},"line":206},"12":{"name":"(anonymous_12)","decl":{"start":{"line":248,"column":7},"end":{"line":248,"column":8}},"loc":{"start":{"line":249,"column":4},"end":{"line":249,"column":53}},"line":249},"13":{"name":"(anonymous_13)","decl":{"start":{"line":250,"column":8},"end":{"line":250,"column":9}},"loc":{"start":{"line":254,"column":7},"end":{"line":261,"column":3}},"line":254},"14":{"name":"(anonymous_14)","decl":{"start":{"line":262,"column":7},"end":{"line":262,"column":8}},"loc":{"start":{"line":263,"column":4},"end":{"line":263,"column":37}},"line":263},"15":{"name":"(anonymous_15)","decl":{"start":{"line":264,"column":10},"end":{"line":264,"column":11}},"loc":{"start":{"line":264,"column":37},"end":{"line":264,"column":63}},"line":264},"16":{"name":"(anonymous_16)","decl":{"start":{"line":269,"column":9},"end":{"line":269,"column":10}},"loc":{"start":{"line":269,"column":46},"end":{"line":277,"column":3}},"line":269},"17":{"name":"(anonymous_17)","decl":{"start":{"line":278,"column":12},"end":{"line":278,"column":13}},"loc":{"start":{"line":279,"column":4},"end":{"line":281,"column":6}},"line":279},"18":{"name":"(anonymous_18)","decl":{"start":{"line":282,"column":18},"end":{"line":282,"column":19}},"loc":{"start":{"line":283,"column":4},"end":{"line":283,"column":65}},"line":283},"19":{"name":"(anonymous_19)","decl":{"start":{"line":284,"column":17},"end":{"line":284,"column":18}},"loc":{"start":{"line":285,"column":4},"end":{"line":285,"column":91}},"line":285},"20":{"name":"(anonymous_20)","decl":{"start":{"line":290,"column":14},"end":{"line":290,"column":15}},"loc":{"start":{"line":291,"column":4},"end":{"line":291,"column":53}},"line":291},"21":{"name":"(anonymous_21)","decl":{"start":{"line":292,"column":14},"end":{"line":292,"column":15}},"loc":{"start":{"line":293,"column":4},"end":{"line":293,"column":48}},"line":293},"22":{"name":"(anonymous_22)","decl":{"start":{"line":294,"column":14},"end":{"line":294,"column":15}},"loc":{"start":{"line":295,"column":4},"end":{"line":295,"column":57}},"line":295},"23":{"name":"(anonymous_23)","decl":{"start":{"line":296,"column":14},"end":{"line":296,"column":15}},"loc":{"start":{"line":297,"column":4},"end":{"line":297,"column":54}},"line":297},"24":{"name":"(anonymous_24)","decl":{"start":{"line":298,"column":17},"end":{"line":298,"column":18}},"loc":{"start":{"line":299,"column":4},"end":{"line":299,"column":49}},"line":299},"25":{"name":"(anonymous_25)","decl":{"start":{"line":304,"column":8},"end":{"line":304,"column":9}},"loc":{"start":{"line":305,"column":4},"end":{"line":305,"column":47}},"line":305},"26":{"name":"(anonymous_26)","decl":{"start":{"line":306,"column":16},"end":{"line":306,"column":17}},"loc":{"start":{"line":307,"column":4},"end":{"line":307,"column":56}},"line":307},"27":{"name":"(anonymous_27)","decl":{"start":{"line":312,"column":8},"end":{"line":312,"column":9}},"loc":{"start":{"line":313,"column":4},"end":{"line":313,"column":48}},"line":313},"28":{"name":"(anonymous_28)","decl":{"start":{"line":314,"column":11},"end":{"line":314,"column":12}},"loc":{"start":{"line":315,"column":4},"end":{"
[...]
tart":{"line":68,"column":23},"end":{"line":68,"column":82}},"10":{"start":{"line":69,"column":4},"end":{"line":69,"column":68}},"11":{"start":{"line":70,"column":18},"end":{"line":70,"column":52}},"12":{"start":{"line":71,"column":4},"end":{"line":76,"column":7}},"13":{"start":{"line":80,"column":4},"end":{"line":80,"column":24}},"14":{"start":{"line":81,"column":4},"end":{"line":81,"column":79}},"15":{"start":{"line":85,"column":21},"end":{"line":85,"column":26}},"16":{"start":{"line":86,"column":4},"end":{"line":86,"column":27}},"17":{"start":{"line":86,"column":15},"end":{"line":86,"column":27}},"18":{"start":{"line":87,"column":18},"end":{"line":87,"column":45}},"19":{"start":{"line":88,"column":4},"end":{"line":88,"column":19}},"20":{"start":{"line":89,"column":4},"end":{"line":89,"column":17}},"21":{"start":{"line":93,"column":4},"end":{"line":93,"column":46}},"22":{"start":{"line":97,"column":24},"end":{"line":104,"column":6}},"23":{"start":{"line":98,"column":6},"end":{"line":103,"column":7}},"24":{"start":{"line":99,"column":22},"end":{"line":99,"column":45}},"25":{"start":{"line":100,"column":8},"end":{"line":100,"column":70}},"26":{"start":{"line":102,"column":8},"end":{"line":102,"column":83}},"27":{"start":{"line":105,"column":4},"end":{"line":105,"column":23}},"28":{"start":{"line":109,"column":4},"end":{"line":114,"column":5}},"29":{"start":{"line":110,"column":20},"end":{"line":110,"column":43}},"30":{"start":{"line":111,"column":6},"end":{"line":111,"column":68}},"31":{"start":{"line":113,"column":6},"end":{"line":113,"column":81}}},"fnMap":{"0":{"name":"(anonymous_0)","decl":{"start":{"line":38,"column":46},"end":{"line":38,"column":47}},"loc":{"start":{"line":38,"column":61},"end":{"line":116,"column":1}},"line":38},"1":{"name":"(anonymous_1)","decl":{"start":{"line":44,"column":9},"end":{"line":44,"column":10}},"loc":{"start":{"line":44,"column":36},"end":{"line":53,"column":3}},"line":44},"2":{"name":"(anonymous_2)","decl":{"start":{"line":55,"column":19},"end":{"line":55,"column":20}},"loc":{"start":{"line":55,"column":38},"end":{"line":65,"column":3}},"line":55},"3":{"name":"(anonymous_3)","decl":{"start":{"line":67,"column":12},"end":{"line":67,"column":13}},"loc":{"start":{"line":67,"column":49},"end":{"line":77,"column":3}},"line":67},"4":{"name":"(anonymous_4)","decl":{"start":{"line":79,"column":10},"end":{"line":79,"column":11}},"loc":{"start":{"line":79,"column":22},"end":{"line":82,"column":3}},"line":79},"5":{"name":"(anonymous_5)","decl":{"start":{"line":84,"column":16},"end":{"line":84,"column":17}},"loc":{"start":{"line":84,"column":28},"end":{"line":90,"column":3}},"line":84},"6":{"name":"(anonymous_6)","decl":{"start":{"line":92,"column":17},"end":{"line":92,"column":18}},"loc":{"start":{"line":92,"column":34},"end":{"line":94,"column":3}},"line":92},"7":{"name":"(anonymous_7)","decl":{"start":{"line":96,"column":17},"end":{"line":96,"column":18}},"loc":{"start":{"line":96,"column":23},"end":{"line":106,"column":3}},"line":96},"8":{"name":"(anonymous_8)","decl":{"start":{"line":97,"column":49},"end":{"line":97,"column":50}},"loc":{"start":{"line":97,"column":65},"end":{"line":104,"column":5}},"line":97},"9":{"name":"(anonymous_9)","decl":{"start":{"line":108,"column":12},"end":{"line":108,"column":13}},"loc":{"start":{"line":108,"column":28},"end":{"line":115,"column":3}},"line":108}},"branchMap":{"0":{"loc":{"start":{"line":86,"column":4},"end":{"line":86,"column":27}},"type":"if","locations":[{"start":{"line":86,"column":4},"end":{"line":86,"column":27}},{"start":{},"end":{}}],"line":86},"1":{"loc":{"start":{"line":98,"column":6},"end":{"line":103,"column":7}},"type":"if","locations":[{"start":{"line":98,"column":6},"end":{"line":103,"column":7}},{"start":{"line":101,"column":13},"end":{"line":103,"column":7}}],"line":98},"2":{"loc":{"start":{"line":109,"column":4},"end":{"line":114,"column":5}},"type":"if","locations":[{"start":{"line":109,"column":4},"end":{"line":114,"column":5}},{"start":{"line":112,"column":11},"end":{"line":114,"column":5}}],"line":109}},"s":{"0":1,"1":1,"2":2,"3":1,"4":1,"5":0,"6":0,"7":0,"8":0,"9":1,"10":1,"11":1,"12":1,"13":1,"14":1,"15":2,"16":2,"17":1,"18":1,"19":1,"20":1,"21":1,"22":1,"23":0,"24":0,"25":0,"26":0,"27":1,"28":2,"29":1,"30":1,"31":1},"f":{"0":1,"1":2,"2":0,"3":1,"4":1,"5":2,"6":1,"7":1,"8":0,"9":2},"b":{"0":[1,1],"1":[0,0],"2":[1,1]},"_coverageSchema":"1a1c01bbd47fc00a2c39e90264f33305004495a9","hash":"4c167dbdf0a5a05eb9d82d7d4a174dbe447eafda"}
,"/Users/faicalkriouar/presenceos/mobile/src/stores/brandStore.ts": {"path":"/Users/faicalkriouar/presenceos/mobile/src/stores/brandStore.ts","statementMap":{"0":{"start":{"line":8,"column":25},"end":{"line":8,"column":42}},"1":{"start":{"line":22,"column":29},"end":{"line":68,"column":3}},"2":{"start":{"line":22,"column":63},"end":{"line":68,"column":1}},"3":{"start":{"line":28,"column":4},"end":{"line":28,"column":20}},"4":{"start":{"line":32,"column":23},"end":{"line":32,"column":28}},"5":{"start":{"line":33,"column":18},"end":{"line":33,"column":54}},"6":{"start":{"line":33,"column":37},"end":{"line":33,"column":53}},"7":{"start":{"line":34,"column":4},"end":{"line":38,"column":5}},"8":{"start":{"line":35,"column":6},"end":{"line":35,"column":34}},"9":{"start":{"line":37,"column":6},"end":{"line":37,"column":74}},"10":{"start":{"line":42,"column":4},"end":{"line":45,"column":5}},"11":{"start":{"line":43,"column":6},"end":{"line":43,"column":63}},"12":{"start":{"line":44,"column":6},"end":{"line":44,"column":13}},"13":{"start":{"line":48,"column":33},"end":{"line":48,"column":37}},"14":{"start":{"line":49,"column":4},"end":{"line":51,"column":14}},"15":{"start":{"line":50,"column":6},"end":{"line":50,"column":65}},"16":{"start":{"line":53,"column":21},"end":{"line":53,"column":74}},"17":{"start":{"line":53,"column":50},"end":{"line":53,"column":66}},"18":{"start":{"line":54,"column":19},"end":{"line":54,"column":40}},"19":{"start":{"line":56,"column":4},"end":{"line":56,"column":59}},"20":{"start":{"line":59,"column":4},"end":{"line":61,"column":5}},"21":{"start":{"line":60,"column":6},"end":{"line":60,"column":76}},"22":{"start":{"line":65,"column":4},"end":{"line":65,"column":60}},"23":{"start":{"line":66,"column":4},"end":{"line":66,"column":66}}},"fnMap":{"0":{"name":"(anonymous_0)","decl":{"start":{"line":22,"column":48},"end":{"line":22,"column":49}},"loc":{"start":{"line":22,"column":63},"end":{"line":68,"column":1}},"line":22},"1":{"name":"(anonymous_1)","decl":{"start":{"line":27,"column":13},"end":{"line":27,"column":14}},"loc":{"start":{"line":27,"column":25},"end":{"line":29,"column":3}},"line":27},"2":{"name":"(anonymous_2)","decl":{"start":{"line":31,"column":15},"end":{"line":31,"column":16}},"loc":{"start":{"line":31,"column":28},"end":{"line":39,"column":3}},"line":31},"3":{"name":"(anonymous_3)","decl":{"start":{"line":33,"column":30},"end":{"line":33,"column":31}},"loc":{"start":{"line":33,"column":37},"end":{"line":33,"column":53}},"line":33},"4":{"name":"(anonymous_4)","decl":{"start":{"line":37,"column":64},"end":{"line":37,"column":65}},"loc":{"start":{"line":37,"column":70},"end":{"line":37,"column":72}},"line":37},"5":{"name":"(anonymous_5)","decl":{"start":{"line":41,"column":14},"end":{"line":41,"column":15}},"loc":{"start":{"line":41,"column":32},"end":{"line":62,"column":3}},"line":41},"6":{"name":"(anonymous_6)","decl":{"start":{"line":53,"column":43},"end":{"line":53,"column":44}},"loc":{"start":{"line":53,"column":50},"end":{"line":53,"column":66}},"line":53},"7":{"name":"(anonymous_7)","decl":{"start":{"line":60,"column":66},"end":{"line":60,"column":67}},"loc":{"start":{"line":60,"column":72},"end":{"line":60,"column":74}},"line":60},"8":{"name":"(anonymous_8)","decl":{"start":{"line":64,"column":9},"end":{"line":64,"column":10}},"loc":{"start":{"line":64,"column":15},"end":{"line":67,"column":3}},"line":64},"9":{"name":"(anonymous_9)","decl":{"start":{"line":66,"column":56},"end":{"line":66,"column":57}},"loc":{"start":{"line":66,"column":62},"end":{"line":66,"column":64}},"line":66}},"branchMap":{"0":{"loc":{"start":{"line":34,"column":4},"end":{"line":38,"column":5}},"type":"if","locations":[{"start":{"line":34,"column":4},"end":{"line":38,"column":5}},{"start":{},"end":{}}],"line":34},"1":{"loc":{"start":{"line":42,"column":4},"end":{"line":45,"column":5}},"type":"if","locations":[{"start":{"line":42,"column":4},"end":{"line":45,"column":5}},{"start":{},"end":{}}],"line":42},"2":{"loc":{"start":{"line":53,"column":21},"end":{"line":53,"column":74}},"type":"cond-expr","locations":[{"start":{"line":53,"column":31},"end":{"line":53,"column":67}},{"start":{"line":53,"column":70},"end":{"line":53,"column":74}}],"line":53},"3":{"loc":{"start":{"line":54,"column":19},"end":{"line":54,"column":40}},"type":"binary-expr","locations":[{"start":{"line":54,"column":19},"end":{"line":54,"column":27}},{"start":{"line":54,"column":31},"end":{"line":54,"column":40}}],"line":54},"4":{"loc":{"start":{"line":59,"column":4},"end":{"line":61,"column":5}},"type":"if","locations":[{"start":{"line":59,"column":4},"end":{"line":61,"column":5}},{"start":{},"end":{}}],"line":59}},"s":{"0":1,"1":1,"2":1,"3":1,"4":2,"5":2,"6":4,"7":2,"8":1,"9":1,"10":3,"11":1,"12":1,"13":2,"14":2,"15":2,"16":2,"17":2,"18":2,"19":2,"20":2,"21":2,"22":1,"23":1},"f":{"0":1,"1":1,"2":2,"3":4,"4":0,"5":3,"6":2,"7":0,"8":1,"9":0},"b":{"0":[1,1],"1":[1,2],"2":[1,1],"3":[2,1],"4":[2,0]},"_coverageSchema":"1a1c01bbd47fc00a2c39e90264f33305004495a9","hash":"3c14b4a7ccff498815dd74e6897675c4ffd9255a"}
,"/Users/faicalkriouar/presenceos/mobile/src/stores/businessStore.ts": {"path":"/Users/faicalkriouar/presenceos/mobile/src/stores/businessStore.ts","statementMap":{"0":{"start":{"line":14,"column":23},"end":{"line":14,"column":43}},"1":{"start":{"line":18,"column":2},"end":{"line":25,"column":4}},"2":{"start":{"line":49,"column":39},"end":{"line":49,"column":43}},"3":{"start":{"line":51,"column":32},"end":{"line":134,"column":3}},"4":{"start":{"line":51,"column":69},"end":{"line":134,"column":1}},"5":{"start":{"line":60,"column":4},"end":{"line":60,"column":37}},"6":{"start":{"line":60,"column":22},"end":{"line":60,"column":37}},"7":{"start":{"line":62,"column":4},"end":{"line":88,"column":7}},"8":{"start":{"line":63,"column":21},"end":{"line":63,"column":57}},"9":{"start":{"line":63,"column":46},"end":{"line":63,"column":56}},"10":{"start":{"line":66,"column":35},"end":{"line":66,"column":39}},"11":{"start":{"line":67,"column":6},"end":{"line":69,"column":16}},"12":{"start":{"line":68,"column":8},"end":{"line":68,"column":65}},"13":{"start":{"line":71,"column":23},"end":{"line":73,"column":14}},"14":{"start":{"line":72,"column":29},"end":{"line":72,"column":45}},"15":{"start":{"line":74,"column":24},"end":{"line":74,"column":53}},"16":{"start":{"line":76,"column":6},"end":{"line":82,"column":9}},"17":{"start":{"line":85,"column":6},"end":{"line":87,"column":7}},"18":{"start":{"line":86,"column":8},"end":{"line":86,"column":79}},"19":{"start":{"line":92,"column":4},"end":{"line":95,"column":5}},"20":{"start":{"line":93,"column":6},"end":{"line":93,"column":21}},"21":{"start":{"line":94,"column":6},"end":{"line":94,"column":26}},"22":{"start":{"line":99,"column":27},"end":{"line":99,"column":32}},"23":{"start":{"line":100,"column":18},"end":{"line":100,"column":56}},"24":{"start":{"line":100,"column":41},"end":{"line":100,"column":55}},"25":{"start":{"line":101,"column":4},"end":{"line":107,"column":5}},"26":{"start":{"line":102,"column":6},"end":{"line":105,"column":9}},"27":{"start":{"line":106,"column":6},"end":{"line":106,"column":70}},"28":{"start":{"line":111,"column":31},"end":{"line":111,"column":36}},"29":{"start":{"line":112,"column":4},"end":{"line":112,"column":59}},"30":{"start":{"line":116,"column":27},"end":{"line":116,"column":32}},"31":{"start":{"line":117,"column":4},"end":{"line":117,"column":35}},"32":{"start":{"line":121,"column":4},"end":{"line":124,"column":5}},"33":{"start":{"line":122,"column":6},"end":{"line":122,"column":21}},"34":{"start":{"line":123,"column":6},"end":{"line":123,"column":26}},"35":{"start":{"line":125,"column":4},"end":{"line":131,"column":7}},"36":{"start":{"line":132,"column":4},"end":{"line":132,"column":64}}},"fnMap":{"0":{"name":"toBrand","decl":{"start":{"line":17,"column":9},"end":{"line":17,"column":16}},"loc":{"start":{"line":17,"column":48},"end":{"line":26,"column":1}},"line":17},"1":{"name":"(anonymous_1)","decl":{"start":{"line":51,"column":54},"end":{"line":51,"column":55}},"loc":{"start":{"line":51,"column":69},"end":{"line":134,"column":1}},"line":51},"2":{"name":"(anonymous_2)","decl":{"start":{"line":58,"column":18},"end":{"line":58,"column":19}},"loc":{"start":{"line":58,"column":27},"end":{"line":89,"column":3}},"line":58},"3":{"name":"(anonymous_3)","decl":{"start":{"line":62,"column":48},"end":{"line":62,"column":49}},"loc":{"start":{"line":62,"column":70},"end":{"line":88,"column":5}},"line":62},"4":{"name":"(anonymous_4)","decl":{"start":{"line":63,"column":39},"end":{"line":63,"column":40}},"loc":{"start":{"line":63,"column":46},"end":{"line":63,"column":56}},"line":63},"5":{"name":"(anonymous_5)","decl":{"start":{"line":72,"column":22},"end":{"line":72,"column":23}},"loc":{"start":{"line":72,"column":29},"end":{"line":72,"column":45}},"line":72},"6":{"name":"(anonymous_6)","decl":{"start":{"line":86,"column":69},"end":{"line":86,"column":70}},"loc":{"start":{"line":86,"column":75},"end":{"line":86,"column":77}},"line":86},"7":{"name":"(anonymous_7)","decl":{"start":{"line":91,"column":17},"end":{"line":91,"column":18}},"loc":{"start":{"line":91,"column":23},"end":{"line":96,"column":3}},"line":91},"8":{"name":"(anonymous_8)","decl":{"start":{"line":98,"column":18},"end":{"line":98,"column":19}},"loc":{"start":{"line":98,"column":29},"end":{"line":108,"column":3}},"line":98},"9":{"name":"(anonymous_9)","decl":{"start":{"line":100,"column":34},"end":{"line":100,"column":35}},"loc":{"start":{"line":100,"column":41},"end":{"line":100,"column":55}},"line":100},"10":{"name":"(anonymous_10)","decl":{"start":{"line":106,"column":60},"end":{"line":106,"column":61}},"loc":{"start":{"line":106,"column":66},"end":{"line":106,"column":68}},"line":106},"11":{"name":"(anonymous_11)","decl":{"start":{"line":110,"column":18},"end":{"line":110,"column":19}},"loc":{"start":{"line":110,"column":24},"end":{"line":113,"column":3}},"line":110},"12":{"name":"(anonymous_12)","decl":{"start":{"line":115,"column":13},"end":{"line":115,"column":14}},"loc":{"start":{"line":115,"column":19},"end":{"line":118,"column":3}},"line":115},"13":{"name":"(anonymous_13)","decl":{"start":{"line":120,"column":9},"end":{"line":120,"column":10}},"loc":{"start":{"line":120,"column":15},"end":{"line":133,"column":3}},"line":120},"14":{"name":"(anonymous_14)","decl":{"start":{"line":132,"column":54},"end":{"line":132,"column":55}},"loc":{"start":{"line":132,"column":60},"end":{"line":132,"column":62}},"line":132}},"branchMap":{"0":{"loc":{"start":{"line":60,"column":4},"end":{"line":60,"column":37}},"type":"if","locations":[{"start":{"line":60,"column":4},"end":{"line":60,"column":37}},{"start":{},"end":{}}],"line":60},"1":{"loc":{"start":{"line":71,"column":23},"end":{"line":73,"column":14}},"type":"cond-expr","locations":[{"start":{"line":72,"column":10},"end":{"line":72,"column":46}},{"start":{"line":73,"column":10},"end":{"line":73,"column":14}}],"line":71},"2":{"loc":{"start":{"line":74,"column":24},"end":{"line":74,"column":53}},"type":"binary-expr","locations":[{"start":{"line":74,"column":24},"end":{"line":74,"column":32}},{"start":{"line":74,"column":36},"end":{"line":74,"column":45}},{"start":{"line":74,"column":49},"end":{"line":74,"column":53}}],"line":74},"3":{"loc":{"start":{"line":81,"column":21},"end":{"line":81,"column":58}},"type":"cond-expr","locations":[{"start":{"line":81,"column":33},"end":{"line":81,"column":51}},{"start":{"line":81,"column":54},"end":{"line":81,"column":58}}],"line":81},"4":{"loc":{"start":{"line":85,"column":6},"end":{"line":87,"column":7}},"type":"if","locations":[{"start":{"line":85,"column":6},"end":{"line":87,"column":7}},{"start":{},"end":{}}],"line":85},"5":{"loc":{"start":{"line":92,"column":4},"end":{"line":95,"column":5}},"type":"if","locations":[{"start":{"line":92,"column":4},"end":{"line":95,"column":5}},{"start":{},"end":{}}],"line":92},"6":{"loc":{"start":{"line":101,"column":4},"end":{"line":107,"column":5}},"type":"if","locations":[{"start":{"line":101,"column":4},"end":{"line":107,"column":5}},{"start":{},"end":{}}],"line":101},"7":{"loc":{"start":{"line":112,"column":11},"end":{"line":112,"column":58}},"type":"cond-expr","locations":[{"start":{"line":112,"column":28},"end":{"line":112,"column":51}},{"start":{"line":112,"column":54},"end":{"line":112,"column":58}}],"line":112},"8":{"loc":{"start":{"line":121,"column":4},"end":{"line":124,"column":5}},"type":"if","locations":[{"start":{"line":121,"column":4},"end":{"line":124,"column":5}},{"start":{},"end":{}}],"line":121}},"s":{"0":1,"1":22,"2":1,"3":1,"4":1,"5":8,"6":0,"7":8,"8":6,"9":12,"10":6,"11":6,"12":6,"13":6,"14":0,"15":6,"16":6,"17":6,"18":6,"19":1,"20":1,"21":1,"22":2,"23":2,"24":4,"25":2,"26":1,"27":1,"28":1,"29":1,"30":1,"31":1,"32":10,"33":7,"34":7,"35":10,"36":10},"f":{"0":22,"1":1,"2":8,"3":6,"4":12,"5":0,"6":0,"7":1,"8":2,"9":4,"10":0,"11":1,"12":1,"13":10,"14":0},"b":{"0":[0,8],"1":[0,6],"2":[6,6,0],"3":[6,0],"4":[6,0],"5":[1,0],"6":[1,1],"7":[1,0],"8":[7,3]},"_coverageSchema":"1a1c01bbd47fc00a2c39e90264f33305004495a9","hash":"b77183baf46c2ec157f952930e16d4cf5528358e"}
,"/Users/faicalkriouar/presenceos/mobile/src/stores/onboardingStore.ts": {"path":"/Users/faicalkriouar/presenceos/mobile/src/stores/onboardingStore.ts","statementMap":{"0":{"start":{"line":6,"column":18},"end":{"line":6,"column":40}},"1":{"start":{"line":16,"column":34},"end":{"line":37,"column":3}},"2":{"start":{"line":16,"column":68},"end":{"line":37,"column":1}},"3":{"start":{"line":20,"column":29},"end":{"line":20,"column":42}},"4":{"start":{"line":23,"column":4},"end":{"line":23,"column":54}},"5":{"start":{"line":24,"column":4},"end":{"line":24,"column":29}},"6":{"start":{"line":28,"column":4},"end":{"line":35,"column":5}},"7":{"start":{"line":29,"column":18},"end":{"line":29,"column":59}},"8":{"start":{"line":30,"column":19},"end":{"line":30,"column":33}},"9":{"start":{"line":31,"column":6},"end":{"line":31,"column":31}},"10":{"start":{"line":32,"column":6},"end":{"line":32,"column":18}},"11":{"start":{"line":34,"column":6},"end":{"line":34,"column":19}}},"fnMap":{"0":{"name":"(anonymous_0)","decl":{"start":{"line":16,"column":58},"end":{"line":16,"column":59}},"loc":{"start":{"line":16,"column":68},"end":{"line":37,"column":1}},"line":16},"1":{"name":"(anonymous_1)","decl":{"start":{"line":20,"column":11},"end":{"line":20,"column":12}},"loc":{"start":{"line":20,"column":29},"end":{"line":20,"column":42}},"line":20},"2":{"name":"(anonymous_2)","decl":{"start":{"line":22,"column":17},"end":{"line":22,"column":18}},"loc":{"start":{"line":22,"column":29},"end":{"line":25,"column":3}},"line":22},"3":{"name":"(anonymous_3)","decl":{"start":{"line":27,"column":18},"end":{"line":27,"column":19}},"loc":{"start":{"line":27,"column":30},"end":{"line":36,"column":3}},"line":27}},"branchMap":{},"s":{"0":1,"1":1,"2":1,"3":1,"4":1,"5":1,"6":3,"7":3,"8":2,"9":2,"10":2,"11":1},"f":{"0":1,"1":1,"2":1,"3":3},"b":{},"_coverageSchema":"1a1c01bbd47fc00a2c39e90264f33305004495a9","hash":"f151b8c217af98bcf6a5138c6b258e63d63d6d93"}
,"/Users/faicalkriouar/presenceos/mobile/src/types/brain.ts": {"path":"/Users/faicalkriouar/presenceos/mobile/src/types/brain.ts","statementMap":{},"fnMap":{},"branchMap":{},"s":{},"f":{},"b":{}}
,"/Users/faicalkriouar/presenceos/mobile/src/types/index.ts": {"path":"/Users/faicalkriouar/presenceos/mobile/src/types/index.ts","statementMap":{},"fnMap":{},"branchMap":{},"s":{},"f":{},"b":{}}
}
