TN:
SF:src/components/AssetCard.tsx
FN:16,AssetCard
FNF:1
FNH:1
FNDA:6,AssetCard
DA:9,1
DA:17,6
DA:19,6
DA:47,1
LF:4
LH:4
BRDA:17,0,0,6
BRDA:17,0,1,0
BRDA:24,1,0,6
BRDA:24,1,1,1
BRDA:31,2,0,6
BRDA:31,2,1,1
BRDA:38,3,0,6
BRDA:38,3,1,2
BRDA:38,3,2,1
BRF:9
BRH:8
end_of_record
TN:
SF:src/components/AssetDetailSheet.tsx
FN:23,AssetDetailSheet
FN:28,(anonymous_1)
FN:42,(anonymous_2)
FN:71,(anonymous_3)
FN:74,(anonymous_4)
FNF:5
FNH:5
FNDA:26,AssetDetailSheet
FNDA:2,(anonymous_1)
FNDA:2,(anonymous_2)
FNDA:1,(anonymous_3)
FNDA:2,(anonymous_4)
DA:21,1
DA:24,26
DA:25,26
DA:26,26
DA:28,26
DA:29,2
DA:30,2
DA:31,2
DA:32,2
DA:33,1
DA:34,1
DA:36,1
DA:38,2
DA:42,26
DA:43,2
DA:44,2
DA:45,2
DA:46,1
DA:48,1
DA:52,26
DA:54,25
DA:56,25
DA:71,1
DA:74,2
DA:113,1
LF:25
LH:25
BRDA:29,0,0,0
BRDA:29,0,1,2
BRDA:29,1,0,2
BRDA:29,1,1,2
BRDA:43,2,0,0
BRDA:43,2,1,2
BRDA:43,3,0,2
BRDA:43,3,1,2
BRDA:52,4,0,1
BRDA:52,4,1,25
BRDA:54,5,0,2
BRDA:54,5,1,23
BRDA:54,6,0,25
BRDA:54,6,1,2
BRDA:69,7,0,25
BRDA:69,7,1,6
BRDA:71,8,0,6
BRDA:71,8,1,4
BRDA:72,9,0,6
BRDA:72,9,1,4
BRDA:74,10,0,6
BRDA:74,10,1,2
BRDA:75,11,0,6
BRDA:75,11,1,2
BRDA:81,12,0,25
BRDA:81,12,1,25
BRDA:82,13,0,25
BRDA:82,13,1,25
BRDA:85,14,0,2
BRDA:85,14,1,23
BRDA:86,15,0,25
BRDA:86,15,1,25
BRDA:90,16,0,25
BRDA:90,16,1,0
BRDA:96,17,0,25
BRDA:96,17,1,19
BRDA:96,17,2,17
BRDA:98,18,0,2
BRDA:98,18,1,15
BRF:39
BRH:36
end_of_record
TN:
SF:src/components/BrandSwitcher.tsx
FN:15,BrandSwitcher
FN:22,(anonymous_1)
FN:28,(anonymous_2)
FN:46,(anonymous_3)
FN:50,(anonymous_4)
FN:59,(anonymous_5)
FNF:6
FNH:6
FNDA:5,BrandSwitcher
FNDA:5,(anonymous_1)
FNDA:1,(anonymous_2)
FNDA:10,(anonymous_3)
FNDA:20,(anonymous_4)
FNDA:1,(anonymous_5)
DA:16,5
DA:19,5
DA:22,5
DA:23,5
DA:24,5
DA:27,5
DA:29,1
DA:30,1
DA:35,5
DA:47,10
DA:48,10
DA:50,20
DA:55,10
DA:59,1
DA:100,1
LF:15
LH:15
BRDA:58,0,0,10
BRDA:58,0,1,5
BRDA:65,1,0,10
BRDA:65,1,1,5
BRDA:71,2,0,10
BRDA:71,2,1,5
BRDA:81,3,0,10
BRDA:81,3,1,0
BRDA:85,4,0,10
BRDA:85,4,1,5
BRF:10
BRH:9
end_of_record
TN:
SF:src/components/DishCard.tsx
FN:16,DishCard
FNF:1
FNH:1
FNDA:11,DishCard
DA:17,11
DA:45,1
LF:2
LH:2
BRDA:19,0,0,1
BRDA:19,0,1,10
BRDA:19,1,0,11
BRDA:19,1,1,1
BRDA:29,2,0,11
BRDA:29,2,1,1
BRDA:31,3,0,11
BRDA:31,3,1,0
BRDA:34,4,0,11
BRDA:34,4,1,0
BRDA:36,5,0,11
BRDA:36,5,1,2
BRF:12
BRH:10
end_of_record
TN:
SF:src/components/EmptyStateCard.tsx
FN:18,EmptyStateCard
FNF:1
FNH:1
FNDA:24,EmptyStateCard
DA:27,24
DA:57,3
LF:2
LH:2
BRDA:36,0,0,24
BRDA:36,0,1,21
BRDA:48,1,0,24
BRDA:48,1,1,1
BRF:4
BRH:4
end_of_record
TN:
SF:src/components/ErrorBoundary.tsx
FN:21,(anonymous_0)
FN:25,(anonymous_1)
FN:30,(anonymous_2)
FN:34,(anonymous_3)
FNF:4
FNH:0
FNDA:0,(anonymous_0)
FNDA:0,(anonymous_1)
FNDA:0,(anonymous_2)
FNDA:0,(anonymous_3)
DA:19,0
DA:22,0
DA:27,0
DA:30,0
DA:31,0
DA:35,0
DA:36,0
DA:51,0
DA:55,0
LF:9
LH:0
BRDA:35,0,0,0
BRDA:35,0,1,0
BRF:2
BRH:0
end_of_record
TN:
SF:src/components/FAB.tsx
FN:15,FAB
FNF:1
FNH:1
FNDA:4,FAB
DA:16,4
DA:30,1
LF:2
LH:2
BRF:0
BRH:0
end_of_record
TN:
SF:src/components/KBCompletenessBar.tsx
FN:66,getLevel
FN:67,(anonymous_1)
FN:76,KBCompletenessBar
FN:80,(anonymous_3)
FNF:4
FNH:4
FNDA:34,getLevel
FNDA:89,(anonymous_1)
FNDA:34,KBCompletenessBar
FNDA:34,(anonymous_3)
DA:18,2
DA:67,89
DA:77,34
DA:78,34
DA:80,34
DA:81,34
DA:89,34
DA:95,34
DA:137,2
LF:9
LH:9
BRDA:67,0,0,34
BRDA:67,0,1,0
BRDA:67,1,0,89
BRDA:67,1,1,89
BRDA:129,2,0,34
BRDA:129,2,1,32
BRF:6
BRH:5
end_of_record
TN:
SF:src/components/ProposalCard.tsx
FN:42,ProposalCard
FNF:1
FNH:1
FNDA:46,ProposalCard
DA:11,3
DA:18,3
DA:25,3
DA:31,3
DA:43,46
DA:44,46
DA:45,46
DA:46,46
DA:47,46
DA:49,46
DA:113,3
LF:11
LH:11
BRDA:43,0,0,46
BRDA:43,0,1,0
BRDA:44,1,0,46
BRDA:44,1,1,45
BRDA:46,2,0,46
BRDA:46,2,1,0
BRDA:47,3,0,46
BRDA:47,3,1,0
BRDA:55,4,0,6
BRDA:55,4,1,40
BRDA:68,5,0,46
BRDA:68,5,1,0
BRDA:89,6,0,46
BRDA:89,6,1,46
BRF:14
BRH:10
end_of_record
TN:
SF:src/components/ui/Badge.tsx
FN:22,Badge
FNF:1
FNH:1
FNDA:7,Badge
DA:9,1
DA:23,7
DA:29,7
DA:31,7
DA:43,1
LF:5
LH:5
BRDA:22,0,0,6
BRDA:23,1,0,7
BRDA:23,1,1,1
BRDA:32,2,0,7
BRDA:32,2,1,1
BRDA:35,3,0,7
BRDA:35,3,1,1
BRDA:37,4,0,7
BRDA:37,4,1,6
BRF:9
BRH:9
end_of_record
TN:
SF:src/components/ui/Card.tsx
FN:17,Card
FNF:1
FNH:1
FNDA:5,Card
DA:18,5
DA:28,5
DA:41,5
DA:42,1
DA:49,4
DA:52,1
LF:6
LH:6
BRDA:18,0,0,1
BRDA:18,0,1,4
BRDA:20,1,0,1
BRDA:20,1,1,0
BRDA:28,2,0,1
BRDA:28,2,1,4
BRDA:41,3,0,1
BRDA:41,3,1,4
BRDA:43,4,0,0
BRDA:43,4,1,1
BRDA:49,5,0,1
BRDA:49,5,1,3
BRF:12
BRH:10
end_of_record
TN:
SF:src/constants/colors.ts
FNF:0
FNH:0
DA:4,35
LF:1
LH:1
BRF:0
BRH:0
end_of_record
TN:
SF:src/constants/i18n.ts
FNF:0
FNH:0
DA:4,17
LF:1
LH:1
BRF:0
BRH:0
end_of_record
TN:
SF:src/contexts/BrandContext.ts
FNF:0
FNH:0
DA:15,23
DA:17,23
LF:2
LH:2
BRF:0
BRH:0
end_of_record
TN:
SF:src/hooks/useCMChat.ts
FN:24,useCMChat
FN:25,(anonymous_1)
FN:42,(anonymous_2)
FN:58,(anonymous_3)
FN:66,(anonymous_4)
FN:80,(anonymous_5)
FN:94,(anonymous_6)
FN:109,(anonymous_7)
FN:111,(anonymous_8)
FN:119,(anonymous_9)
FN:120,(anonymous_10)
FN:122,(anonymous_11)
FN:129,(anonymous_12)
FN:130,(anonymous_13)
FN:140,(anonymous_14)
FN:149,(anonymous_15)
FN:153,(anonymous_16)
FN:153,(anonymous_17)
FNF:18
FNH:16
FNDA:18,useCMChat
FNDA:18,(anonymous_1)
FNDA:4,(anonymous_2)
FNDA:1,(anonymous_3)
FNDA:1,(anonymous_4)
FNDA:4,(anonymous_5)
FNDA:3,(anonymous_6)
FNDA:2,(anonymous_7)
FNDA:2,(anonymous_8)
FNDA:2,(anonymous_9)
FNDA:0,(anonymous_10)
FNDA:0,(anonymous_11)
FNDA:1,(anonymous_12)
FNDA:1,(anonymous_13)
FNDA:1,(anonymous_14)
FNDA:1,(anonymous_15)
FNDA:1,(anonymous_16)
FNDA:2,(anonymous_17)
DA:25,18
DA:27,18
DA:28,18
DA:31,18
DA:32,18
DA:33,18
DA:34,18
DA:37,18
DA:39,18
DA:42,18
DA:43,4
DA:44,4
DA:45,4
DA:46,4
DA:47,4
DA:48,3
DA:50,1
DA:52,4
DA:57,18
DA:59,1
DA:60,1
DA:61,1
DA:62,1
DA:63,1
DA:64,1
DA:65,1
DA:66,1
DA:67,1
DA:68,1
DA:70,0
DA:72,1
DA:79,18
DA:81,4
DA:82,3
DA:83,3
DA:86,3
DA:94,3
DA:96,3
DA:97,3
DA:102,2
DA:105,2
DA:106,2
DA:109,2
DA:110,2
DA:111,2
DA:115,2
DA:119,2
DA:120,2
DA:121,2
DA:122,0
DA:124,2
DA:127,1
DA:129,1
DA:130,1
DA:133,3
DA:140,18
DA:141,1
DA:142,1
DA:143,1
DA:144,1
DA:148,18
DA:150,1
DA:151,1
DA:152,1
DA:153,2
DA:154,1
DA:155,0
DA:158,0
DA:164,18
LF:69
LH:65
BRDA:43,0,0,0
BRDA:43,0,1,4
BRDA:48,1,0,3
BRDA:48,1,1,0
BRDA:50,2,0,1
BRDA:50,2,1,0
BRDA:59,3,0,0
BRDA:59,3,1,1
BRDA:64,4,0,1
BRDA:64,4,1,0
BRDA:66,5,0,1
BRDA:66,5,1,0
BRDA:70,6,0,0
BRDA:70,6,1,0
BRDA:81,7,0,1
BRDA:81,7,1,3
BRDA:81,8,0,4
BRDA:81,8,1,4
BRDA:88,9,0,3
BRDA:88,9,1,3
BRDA:100,10,0,3
BRDA:100,10,1,3
BRDA:121,11,0,0
BRDA:121,11,1,2
BRDA:122,12,0,0
BRDA:122,12,1,0
BRDA:127,13,0,1
BRDA:127,13,1,0
BRDA:150,14,0,0
BRDA:150,14,1,1
BRDA:154,15,0,0
BRDA:154,15,1,1
BRDA:158,16,0,0
BRDA:158,16,1,0
BRF:34
BRH:18
end_of_record
TN:
SF:src/hooks/useIlyasChat.ts
FN:24,useIlyasChat
FN:25,(anonymous_1)
FN:38,(anonymous_2)
FN:54,(anonymous_3)
FN:62,(anonymous_4)
FN:76,(anonymous_5)
FN:89,(anonymous_6)
FN:103,(anonymous_7)
FN:104,(anonymous_8)
FN:108,(anonymous_9)
FN:109,(anonymous_10)
FN:111,(anonymous_11)
FN:117,(anonymous_12)
FN:117,(anonymous_13)
FN:126,(anonymous_14)
FN:135,(anonymous_15)
FN:139,(anonymous_16)
FN:139,(anonymous_17)
FNF:18
FNH:16
FNDA:12,useIlyasChat
FNDA:12,(anonymous_1)
FNDA:2,(anonymous_2)
FNDA:1,(anonymous_3)
FNDA:1,(anonymous_4)
FNDA:3,(anonymous_5)
FNDA:3,(anonymous_6)
FNDA:2,(anonymous_7)
FNDA:2,(anonymous_8)
FNDA:2,(anonymous_9)
FNDA:0,(anonymous_10)
FNDA:0,(anonymous_11)
FNDA:1,(anonymous_12)
FNDA:1,(anonymous_13)
FNDA:1,(anonymous_14)
FNDA:1,(anonymous_15)
FNDA:1,(anonymous_16)
FNDA:1,(anonymous_17)
DA:25,12
DA:27,12
DA:28,12
DA:29,12
DA:30,12
DA:31,12
DA:32,12
DA:34,12
DA:35,12
DA:38,12
DA:39,2
DA:40,2
DA:41,2
DA:42,2
DA:43,2
DA:44,2
DA:46,0
DA:48,2
DA:53,12
DA:55,1
DA:56,1
DA:57,1
DA:58,1
DA:59,1
DA:60,1
DA:61,1
DA:62,1
DA:63,1
DA:64,1
DA:66,0
DA:68,1
DA:75,12
DA:77,3
DA:78,3
DA:79,3
DA:81,3
DA:89,3
DA:91,3
DA:92,3
DA:98,2
DA:100,2
DA:101,2
DA:103,2
DA:104,2
DA:105,2
DA:108,2
DA:109,2
DA:110,2
DA:111,0
DA:113,2
DA:116,1
DA:117,1
DA:119,3
DA:126,12
DA:127,1
DA:128,1
DA:129,1
DA:130,1
DA:134,12
DA:136,1
DA:137,1
DA:138,1
DA:139,1
DA:140,1
DA:141,1
DA:144,0
DA:150,12
LF:67
LH:63
BRDA:39,0,0,0
BRDA:39,0,1,2
BRDA:44,1,0,2
BRDA:44,1,1,0
BRDA:46,2,0,0
BRDA:46,2,1,0
BRDA:55,3,0,0
BRDA:55,3,1,1
BRDA:60,4,0,1
BRDA:60,4,1,0
BRDA:62,5,0,1
BRDA:62,5,1,0
BRDA:66,6,0,0
BRDA:66,6,1,0
BRDA:77,7,0,0
BRDA:77,7,1,3
BRDA:77,8,0,3
BRDA:77,8,1,3
BRDA:83,9,0,3
BRDA:83,9,1,3
BRDA:95,10,0,3
BRDA:95,10,1,3
BRDA:110,11,0,0
BRDA:110,11,1,2
BRDA:111,12,0,0
BRDA:111,12,1,0
BRDA:116,13,0,1
BRDA:116,13,1,0
BRDA:136,14,0,0
BRDA:136,14,1,1
BRDA:140,15,0,1
BRDA:140,15,1,0
BRDA:144,16,0,0
BRDA:144,16,1,0
BRF:34
BRH:16
end_of_record
TN:
SF:src/lib/api.ts
FN:19,setOnUnauthorized
FN:30,buildUrl
FN:34,(anonymous_2)
FN:35,(anonymous_3)
FN:40,getAuthHeaders
FN:65,request
FN:100,(anonymous_6)
FN:139,requestV2
FN:152,(anonymous_8)
FN:153,(anonymous_9)
FN:180,(anonymous_10)
FN:206,(anonymous_11)
FN:248,(anonymous_12)
FN:250,(anonymous_13)
FN:262,(anonymous_14)
FN:264,(anonymous_15)
FN:269,(anonymous_16)
FN:278,(anonymous_17)
FN:282,(anonymous_18)
FN:284,(anonymous_19)
FN:290,(anonymous_20)
FN:292,(anonymous_21)
FN:294,(anonymous_22)
FN:296,(anonymous_23)
FN:298,(anonymous_24)
FN:304,(anonymous_25)
FN:306,(anonymous_26)
FN:312,(anonymous_27)
FN:314,(anonymous_28)
FN:318,(anonymous_29)
FN:320,(anonymous_30)
FN:330,(anonymous_31)
FN:336,(anonymous_32)
FN:337,(anonymous_33)
FN:343,(anonymous_34)
FN:344,(anonymous_35)
FN:345,(anonymous_36)
FN:351,(anonymous_37)
FN:353,(anonymous_38)
FN:355,(anonymous_39)
FN:357,(anonymous_40)
FN:363,(anonymous_41)
FN:370,(anonymous_42)
FN:371,(anonymous_43)
FN:373,(anonymous_44)
FN:379,(anonymous_45)
FN:384,(anonymous_46)
FN:386,(anonymous_47)
FN:388,(anonymous_48)
FN:394,(anonymous_49)
FN:398,(anonymous_50)
FN:402,(anonymous_51)
FN:404,(anonymous_52)
FN:410,(anonymous_53)
FN:415,(anonymous_54)
FN:417,(anonymous_55)
FN:419,(anonymous_56)
FN:425,(anonymous_57)
FN:427,(anonymous_58)
FN:429,(anonymous_59)
FN:431,(anonymous_60)
FN:433,(anonymous_61)
FN:435,(anonymous_62)
FN:437,(anonymous_63)
FN:439,(anonymous_64)
FN:441,(anonymous_65)
FN:443,(anonymous_66)
FN:449,(anonymous_67)
FN:453,(anonymous_68)
FN:455,(anonymous_69)
FN:457,(anonymous_70)
FN:459,(anonymous_71)
FN:465,(anonymous_72)
FN:467,(anonymous_73)
FN:471,(anonymous_74)
FN:473,(anonymous_75)
FN:481,(anonymous_76)
FN:490,(anonymous_77)
FN:494,(anonymous_78)
FN:500,(anonymous_79)
FN:504,(anonymous_80)
FN:508,(anonymous_81)
FN:512,(anonymous_82)
FN:514,(anonymous_83)
FN:520,(anonymous_84)
FN:522,(anonymous_85)
FN:524,(anonymous_86)
FN:532,(anonymous_87)
FN:541,(anonymous_88)
FNF:89
FNH:0
FNDA:0,setOnUnauthorized
FNDA:0,buildUrl
FNDA:0,(anonymous_2)
FNDA:0,(anonymous_3)
FNDA:0,getAuthHeaders
FNDA:0,request
FNDA:0,(anonymous_6)
FNDA:0,requestV2
FNDA:0,(anonymous_8)
FNDA:0,(anonymous_9)
FNDA:0,(anonymous_10)
FNDA:0,(anonymous_11)
FNDA:0,(anonymous_12)
FNDA:0,(anonymous_13)
FNDA:0,(anonymous_14)
FNDA:0,(anonymous_15)
FNDA:0,(anonymous_16)
FNDA:0,(anonymous_17)
FNDA:0,(anonymous_18)
FNDA:0,(anonymous_19)
FNDA:0,(anonymous_20)
FNDA:0,(anonymous_21)
FNDA:0,(anonymous_22)
FNDA:0,(anonymous_23)
FNDA:0,(anonymous_24)
FNDA:0,(anonymous_25)
FNDA:0,(anonymous_26)
FNDA:0,(anonymous_27)
FNDA:0,(anonymous_28)
FNDA:0,(anonymous_29)
FNDA:0,(anonymous_30)
FNDA:0,(anonymous_31)
FNDA:0,(anonymous_32)
FNDA:0,(anonymous_33)
FNDA:0,(anonymous_34)
FNDA:0,(anonymous_35)
FNDA:0,(anonymous_36)
FNDA:0,(anonymous_37)
FNDA:0,(anonymous_38)
FNDA:0,(anonymous_39)
FNDA:0,(anonymous_40)
FNDA:0,(anonymous_41)
FNDA:0,(anonymous_42)
FNDA:0,(anonymous_43)
FNDA:0,(anonymous_44)
FNDA:0,(anonymous_45)
FNDA:0,(anonymous_46)
FNDA:0,(anonymous_47)
FNDA:0,(anonymous_48)
FNDA:0,(anonymous_49)
FNDA:0,(anonymous_50)
FNDA:0,(anonymous_51)
FNDA:0,(anonymous_52)
FNDA:0,(anonymous_53)
FNDA:0,(anonymous_54)
FNDA:0,(anonymous_55)
FNDA:0,(anonymous_56)
FNDA:0,(anonymous_57)
FNDA:0,(anonymous_58)
FNDA:0,(anonymous_59)
FNDA:0,(anonymous_60)
FNDA:0,(anonymous_61)
FNDA:0,(anonymous_62)
FNDA:0,(anonymous_63)
FNDA:0,(anonymous_64)
FNDA:0,(anonymous_65)
FNDA:0,(anonymous_66)
FNDA:0,(anonymous_67)
FNDA:0,(anonymous_68)
FNDA:0,(anonymous_69)
FNDA:0,(anonymous_70)
FNDA:0,(anonymous_71)
FNDA:0,(anonymous_72)
FNDA:0,(anonymous_73)
FNDA:0,(anonymous_74)
FNDA:0,(anonymous_75)
FNDA:0,(anonymous_76)
FNDA:0,(anonymous_77)
FNDA:0,(anonymous_78)
FNDA:0,(anonymous_79)
FNDA:0,(anonymous_80)
FNDA:0,(anonymous_81)
FNDA:0,(anonymous_82)
FNDA:0,(anonymous_83)
FNDA:0,(anonymous_84)
FNDA:0,(anonymous_85)
FNDA:0,(anonymous_86)
FNDA:0,(anonymous_87)
FNDA:0,(anonymous_88)
DA:8,0
DA:12,0
DA:17,0
DA:20,0
DA:31,0
DA:32,0
DA:33,0
DA:34,0
DA:35,0
DA:37,0
DA:41,0
DA:42,0
DA:47,0
DA:49,0
DA:50,0
DA:51,0
DA:53,0
DA:54,0
DA:55,0
DA:57,0
DA:59,0
DA:62,0
DA:75,0
DA:76,0
DA:78,0
DA:84,0
DA:85,0
DA:88,0
DA:93,0
DA:94,0
DA:99,0
DA:100,0
DA:101,0
DA:103,0
DA:104,0
DA:105,0
DA:108,0
DA:109,0
DA:110,0
DA:112,0
DA:115,0
DA:117,0
DA:118,0
DA:120,0
DA:123,0
DA:124,0
DA:127,0
DA:129,0
DA:130,0
DA:131,0
DA:132,0
DA:133,0
DA:135,0
DA:149,0
DA:150,0
DA:152,0
DA:153,0
DA:156,0
DA:157,0
DA:159,0
DA:164,0
DA:165,0
DA:168,0
DA:173,0
DA:174,0
DA:179,0
DA:180,0
DA:181,0
DA:183,0
DA:184,0
DA:185,0
DA:188,0
DA:189,0
DA:190,0
DA:192,0
DA:195,0
DA:196,0
DA:198,0
DA:199,0
DA:200,0
DA:201,0
DA:203,0
DA:205,0
DA:206,0
DA:207,0
DA:208,0
DA:209,0
DA:210,0
DA:212,0
DA:213,0
DA:214,0
DA:215,0
DA:216,0
DA:219,0
DA:226,0
DA:228,0
DA:229,0
DA:230,0
DA:233,0
DA:235,0
DA:236,0
DA:237,0
DA:238,0
DA:239,0
DA:241,0
DA:247,0
DA:249,0
DA:255,0
DA:256,0
DA:263,0
DA:264,0
DA:268,0
DA:271,0
DA:272,0
DA:279,0
DA:283,0
DA:285,0
DA:289,0
DA:291,0
DA:293,0
DA:295,0
DA:297,0
DA:299,0
DA:303,0
DA:305,0
DA:307,0
DA:311,0
DA:313,0
DA:315,0
DA:319,0
DA:326,0
DA:331,0
DA:335,0
DA:336,0
DA:338,0
DA:342,0
DA:343,0
DA:344,0
DA:346,0
DA:350,0
DA:352,0
DA:354,0
DA:356,0
DA:358,0
DA:362,0
DA:364,0
DA:365,0
DA:366,0
DA:367,0
DA:368,0
DA:370,0
DA:372,0
DA:374,0
DA:378,0
DA:379,0
DA:383,0
DA:385,0
DA:387,0
DA:389,0
DA:393,0
DA:395,0
DA:399,0
DA:403,0
DA:405,0
DA:409,0
DA:411,0
DA:416,0
DA:418,0
DA:420,0
DA:424,0
DA:426,0
DA:428,0
DA:430,0
DA:432,0
DA:434,0
DA:436,0
DA:438,0
DA:440,0
DA:442,0
DA:444,0
DA:448,0
DA:450,0
DA:454,0
DA:456,0
DA:458,0
DA:460,0
DA:464,0
DA:466,0
DA:468,0
DA:472,0
DA:474,0
DA:480,0
DA:482,0
DA:489,0
DA:491,0
DA:495,0
DA:499,0
DA:501,0
DA:505,0
DA:509,0
DA:513,0
DA:515,0
DA:519,0
DA:521,0
DA:523,0
DA:525,0
DA:531,0
DA:539,0
DA:542,0
LF:209
LH:0
BRDA:8,0,0,0
BRDA:8,0,1,0
BRDA:12,1,0,0
BRDA:12,1,1,0
BRDA:32,2,0,0
BRDA:32,2,1,0
BRDA:34,3,0,0
BRDA:34,3,1,0
BRDA:37,4,0,0
BRDA:37,4,1,0
BRDA:41,5,0,0
BRDA:41,5,1,0
BRDA:49,6,0,0
BRDA:49,6,1,0
BRDA:51,7,0,0
BRDA:51,7,1,0
BRDA:54,8,0,0
BRDA:54,8,1,0
BRDA:57,9,0,0
BRDA:57,9,1,0
BRDA:84,10,0,0
BRDA:84,10,1,0
BRDA:93,11,0,0
BRDA:93,11,1,0
BRDA:94,12,0,0
BRDA:94,12,1,0
BRDA:108,13,0,0
BRDA:108,13,1,0
BRDA:109,14,0,0
BRDA:109,14,1,0
BRDA:115,15,0,0
BRDA:115,15,1,0
BRDA:117,16,0,0
BRDA:117,16,1,0
BRDA:117,17,0,0
BRDA:117,17,1,0
BRDA:121,18,0,0
BRDA:121,18,1,0
BRDA:130,19,0,0
BRDA:130,19,1,0
BRDA:150,20,0,0
BRDA:150,20,1,0
BRDA:152,21,0,0
BRDA:152,21,1,0
BRDA:164,22,0,0
BRDA:164,22,1,0
BRDA:173,23,0,0
BRDA:173,23,1,0
BRDA:174,24,0,0
BRDA:174,24,1,0
BRDA:188,25,0,0
BRDA:188,25,1,0
BRDA:189,26,0,0
BRDA:189,26,1,0
BRDA:195,27,0,0
BRDA:195,27,1,0
BRDA:196,28,0,0
BRDA:196,28,1,0
BRDA:199,29,0,0
BRDA:199,29,1,0
BRDA:209,30,0,0
BRDA:209,30,1,0
BRDA:210,31,0,0
BRDA:210,31,1,0
BRDA:214,32,0,0
BRDA:214,32,1,0
BRDA:215,33,0,0
BRDA:215,33,1,0
BRDA:216,34,0,0
BRDA:216,34,1,0
BRDA:226,35,0,0
BRDA:226,35,1,0
BRDA:228,36,0,0
BRDA:228,36,1,0
BRDA:236,37,0,0
BRDA:236,37,1,0
BRDA:365,38,0,0
BRDA:365,38,1,0
BRDA:366,39,0,0
BRDA:366,39,1,0
BRDA:368,40,0,0
BRDA:368,40,1,0
BRDA:404,41,0,0
BRDA:413,42,0,0
BRDA:413,42,1,0
BRDA:415,43,0,0
BRDA:415,44,0,0
BRDA:451,45,0,0
BRDA:451,45,1,0
BRDA:451,46,0,0
BRDA:451,46,1,0
BRDA:453,47,0,0
BRDA:453,48,0,0
BRDA:492,49,0,0
BRDA:492,49,1,0
BRDA:500,50,0,0
BRDA:504,51,0,0
BRDA:510,52,0,0
BRDA:510,52,1,0
BRDA:521,53,0,0
BRDA:521,53,1,0
BRF:101
BRH:0
end_of_record
TN:
SF:src/lib/deepLinking.ts
FN:8,buildRedirectUrl
FN:13,openOAuthSession
FNF:2
FNH:2
FNDA:5,buildRedirectUrl
FNDA:4,openOAuthSession
DA:9,5
DA:17,4
DA:18,4
DA:20,4
DA:21,2
DA:24,2
DA:25,1
DA:27,1
DA:31,1
LF:9
LH:9
BRDA:8,0,0,4
BRDA:17,1,0,4
BRDA:17,1,1,3
BRDA:20,2,0,2
BRDA:20,2,1,2
BRDA:24,3,0,1
BRDA:24,3,1,1
BRF:7
BRH:7
end_of_record
TN:
SF:src/lib/firebase.ts
FNF:0
FNH:0
DA:13,5
DA:27,5
DA:29,5
DA:32,5
DA:33,5
DA:38,0
DA:39,0
DA:41,0
DA:45,5
DA:46,5
DA:48,0
DA:50,0
LF:12
LH:7
BRDA:14,0,0,5
BRDA:14,0,1,5
BRDA:15,1,0,5
BRDA:15,1,1,5
BRDA:16,2,0,5
BRDA:16,2,1,5
BRDA:17,3,0,5
BRDA:17,3,1,5
BRDA:18,4,0,5
BRDA:18,4,1,5
BRDA:19,5,0,5
BRDA:19,5,1,5
BRDA:29,6,0,4
BRDA:29,6,1,1
BRDA:38,7,0,0
BRDA:38,7,1,0
BRF:16
BRH:14
end_of_record
TN:
SF:src/lib/pushNotifications.ts
FN:10,(anonymous_0)
FN:19,registerForPushNotifications
FN:63,addNotificationListener
FN:69,addNotificationResponseListener
FN:79,removeNotificationSubscriptions
FN:82,(anonymous_5)
FNF:6
FNH:5
FNDA:0,(anonymous_0)
FNDA:4,registerForPushNotifications
FNDA:1,addNotificationListener
FNDA:1,addNotificationResponseListener
FNDA:1,removeNotificationSubscriptions
FNDA:2,(anonymous_5)
DA:9,1
DA:10,0
DA:20,4
DA:21,0
DA:22,0
DA:25,4
DA:26,4
DA:28,4
DA:29,2
DA:30,2
DA:33,4
DA:34,1
DA:35,1
DA:39,3
DA:42,3
DA:45,3
DA:46,3
DA:48,0
DA:52,3
DA:53,0
DA:60,3
DA:66,1
DA:72,1
DA:82,2
LF:24
LH:19
BRDA:20,0,0,0
BRDA:20,0,1,4
BRDA:28,1,0,2
BRDA:28,1,1,2
BRDA:33,2,0,1
BRDA:33,2,1,3
BRDA:52,3,0,0
BRDA:52,3,1,3
BRF:8
BRH:6
end_of_record
TN:
SF:src/navigation/TabNavigator.tsx
FN:77,HomeStackScreen
FN:117,FilesStackScreen
FN:142,ProposalsStackScreen
FN:153,IlyasStackScreen
FN:164,InboxStackScreen
FN:175,VideoStackScreen
FN:190,BreakoutStackScreen
FN:199,TabNavigator
FN:202,(anonymous_8)
FN:223,(anonymous_9)
FNF:10
FNH:0
FNDA:0,HomeStackScreen
FNDA:0,FilesStackScreen
FNDA:0,ProposalsStackScreen
FNDA:0,IlyasStackScreen
FNDA:0,InboxStackScreen
FNDA:0,VideoStackScreen
FNDA:0,BreakoutStackScreen
FNDA:0,TabNavigator
FNDA:0,(anonymous_8)
FNDA:0,(anonymous_9)
DA:73,0
DA:76,0
DA:78,0
DA:116,0
DA:118,0
DA:141,0
DA:143,0
DA:152,0
DA:154,0
DA:163,0
DA:165,0
DA:174,0
DA:176,0
DA:189,0
DA:191,0
DA:200,0
DA:202,0
DA:224,0
DA:232,0
LF:19
LH:0
BRDA:234,0,0,0
BRDA:234,0,1,0
BRF:2
BRH:0
end_of_record
TN:
SF:src/screens/analytics/AnalyticsScreen.tsx
FN:19,AnalyticsScreen
FN:26,(anonymous_1)
FN:45,(anonymous_2)
FN:133,(anonymous_3)
FN:149,(anonymous_4)
FN:167,(anonymous_5)
FNF:6
FNH:6
FNDA:33,AnalyticsScreen
FNDA:17,(anonymous_1)
FNDA:17,(anonymous_2)
FNDA:16,(anonymous_3)
FNDA:16,(anonymous_4)
FNDA:32,(anonymous_5)
DA:20,33
DA:21,33
DA:22,33
DA:23,33
DA:24,33
DA:26,33
DA:27,17
DA:28,16
DA:29,16
DA:33,16
DA:34,16
DA:35,16
DA:36,16
DA:39,0
DA:41,16
DA:45,33
DA:46,17
DA:49,33
DA:50,17
DA:57,16
DA:134,16
DA:150,16
DA:168,32
DA:216,1
LF:24
LH:23
BRDA:21,0,0,33
BRDA:21,0,1,1
BRDA:27,1,0,1
BRDA:27,1,1,16
BRDA:33,2,0,16
BRDA:33,2,1,0
BRDA:34,3,0,16
BRDA:34,3,1,0
BRDA:36,4,0,16
BRDA:36,4,1,0
BRDA:36,4,2,0
BRDA:49,5,0,17
BRDA:49,5,1,16
BRDA:64,6,0,16
BRDA:64,6,1,16
BRDA:79,7,0,16
BRDA:79,7,1,0
BRDA:109,8,0,14
BRDA:109,8,1,2
BRDA:111,9,0,1
BRDA:111,9,1,1
BRDA:117,10,0,14
BRDA:117,10,1,2
BRDA:119,11,0,1
BRDA:119,11,1,1
BRDA:127,12,0,16
BRDA:127,12,1,16
BRDA:143,13,0,16
BRDA:143,13,1,16
BRDA:161,14,0,16
BRDA:161,14,1,16
BRDA:185,15,0,16
BRDA:185,15,1,16
BRDA:187,16,0,16
BRDA:187,16,1,0
BRDA:194,17,0,16
BRDA:194,17,1,16
BRDA:196,18,0,16
BRDA:196,18,1,0
BRDA:201,19,0,32
BRDA:201,19,1,32
BRF:41
BRH:34
end_of_record
TN:
SF:src/screens/auth/ForgotPasswordScreen.tsx
FN:23,ForgotPasswordScreen
FN:29,(anonymous_1)
FN:63,(anonymous_2)
FN:100,(anonymous_3)
FNF:4
FNH:4
FNDA:20,ForgotPasswordScreen
FNDA:4,(anonymous_1)
FNDA:1,(anonymous_2)
FNDA:1,(anonymous_3)
DA:24,20
DA:25,20
DA:26,20
DA:27,20
DA:29,20
DA:30,4
DA:31,1
DA:32,1
DA:34,3
DA:35,3
DA:36,3
DA:37,2
DA:40,1
DA:42,3
DA:46,20
DA:63,1
DA:100,1
DA:114,1
LF:18
LH:18
BRDA:30,0,0,1
BRDA:30,0,1,3
BRDA:49,1,0,20
BRDA:49,1,1,0
BRDA:55,2,0,3
BRDA:55,2,1,17
BRDA:87,3,0,17
BRDA:87,3,1,3
BRDA:91,4,0,3
BRDA:91,4,1,14
BRF:10
BRH:9
end_of_record
TN:
SF:src/screens/auth/LoginScreen.tsx
FN:30,LoginScreen
FN:32,(anonymous_1)
FN:43,(anonymous_2)
FN:49,(anonymous_3)
FN:52,(anonymous_4)
FN:57,(anonymous_5)
FN:86,(anonymous_6)
FN:174,(anonymous_7)
FN:181,(anonymous_8)
FNF:9
FNH:0
FNDA:0,LoginScreen
FNDA:0,(anonymous_1)
FNDA:0,(anonymous_2)
FNDA:0,(anonymous_3)
FNDA:0,(anonymous_4)
FNDA:0,(anonymous_5)
FNDA:0,(anonymous_6)
FNDA:0,(anonymous_7)
FNDA:0,(anonymous_8)
DA:22,0
DA:24,0
DA:31,0
DA:32,0
DA:33,0
DA:34,0
DA:35,0
DA:36,0
DA:38,0
DA:43,0
DA:44,0
DA:45,0
DA:46,0
DA:47,0
DA:48,0
DA:50,0
DA:52,0
DA:57,0
DA:58,0
DA:59,0
DA:60,0
DA:61,0
DA:63,0
DA:64,0
DA:65,0
DA:67,0
DA:68,0
DA:69,0
DA:70,0
DA:71,0
DA:72,0
DA:73,0
DA:74,0
DA:75,0
DA:76,0
DA:77,0
DA:78,0
DA:80,0
DA:82,0
DA:86,0
DA:87,0
DA:88,0
DA:89,0
DA:91,0
DA:92,0
DA:93,0
DA:95,0
DA:97,0
DA:101,0
DA:102,0
DA:111,0
DA:174,0
DA:181,0
DA:195,0
LF:54
LH:0
BRDA:24,0,0,0
BRDA:24,0,1,0
BRDA:44,1,0,0
BRDA:44,1,1,0
BRDA:46,2,0,0
BRDA:46,2,1,0
BRDA:50,3,0,0
BRDA:50,3,1,0
BRDA:58,4,0,0
BRDA:58,4,1,0
BRDA:59,5,0,0
BRDA:59,5,1,0
BRDA:59,6,0,0
BRDA:59,6,1,0
BRDA:69,7,0,0
BRDA:69,7,1,0
BRDA:69,8,0,0
BRDA:69,8,1,0
BRDA:69,8,2,0
BRDA:71,9,0,0
BRDA:71,9,1,0
BRDA:73,10,0,0
BRDA:73,10,1,0
BRDA:75,11,0,0
BRDA:75,11,1,0
BRDA:77,12,0,0
BRDA:77,12,1,0
BRDA:87,13,0,0
BRDA:87,13,1,0
BRDA:101,14,0,0
BRDA:101,14,1,0
BRDA:114,15,0,0
BRDA:114,15,1,0
BRDA:141,16,0,0
BRDA:141,16,1,0
BRDA:143,17,0,0
BRDA:143,17,1,0
BRDA:145,18,0,0
BRDA:145,18,1,0
BRDA:159,19,0,0
BRDA:159,19,1,0
BRDA:161,20,0,0
BRDA:161,20,1,0
BRDA:163,21,0,0
BRDA:163,21,1,0
BRDA:170,22,0,0
BRDA:170,22,1,0
BRF:47
BRH:0
end_of_record
TN:
SF:src/screens/auth/RegisterScreen.tsx
FN:24,RegisterScreen
FN:32,(anonymous_1)
FN:140,(anonymous_2)
FNF:3
FNH:3
FNDA:26,RegisterScreen
FNDA:5,(anonymous_1)
FNDA:1,(anonymous_2)
DA:25,26
DA:26,26
DA:27,26
DA:28,26
DA:29,26
DA:30,26
DA:32,26
DA:33,5
DA:34,5
DA:35,1
DA:36,1
DA:38,4
DA:39,1
DA:40,1
DA:42,3
DA:43,1
DA:44,1
DA:46,2
DA:47,2
DA:48,2
DA:55,1
DA:56,1
DA:57,1
DA:58,1
DA:59,0
DA:60,0
DA:61,0
DA:62,0
DA:63,0
DA:64,0
DA:65,0
DA:66,0
DA:68,1
DA:70,2
DA:74,26
DA:140,1
DA:153,1
LF:37
LH:29
BRDA:33,0,0,0
BRDA:33,0,1,5
BRDA:34,1,0,1
BRDA:34,1,1,4
BRDA:38,2,0,1
BRDA:38,2,1,3
BRDA:42,3,0,1
BRDA:42,3,1,2
BRDA:52,4,0,2
BRDA:52,4,1,1
BRDA:57,5,0,1
BRDA:57,5,1,0
BRDA:59,6,0,0
BRDA:59,6,1,0
BRDA:61,7,0,0
BRDA:61,7,1,0
BRDA:63,8,0,0
BRDA:63,8,1,0
BRDA:65,9,0,0
BRDA:65,9,1,0
BRDA:77,10,0,26
BRDA:77,10,1,0
BRDA:127,11,0,26
BRDA:127,11,1,2
BRDA:131,12,0,2
BRDA:131,12,1,24
BRF:26
BRH:15
end_of_record
TN:
SF:src/screens/brain/BrainDashboardScreen.tsx
FN:20,BrainDashboardScreen
FN:28,(anonymous_1)
FN:49,(anonymous_2)
FN:53,(anonymous_3)
FN:120,(anonymous_4)
FN:193,(anonymous_5)
FNF:6
FNH:6
FNDA:27,BrainDashboardScreen
FNDA:14,(anonymous_1)
FNDA:14,(anonymous_2)
FNDA:48,(anonymous_3)
FNDA:48,(anonymous_4)
FNDA:24,(anonymous_5)
DA:21,27
DA:22,27
DA:23,27
DA:24,27
DA:25,27
DA:26,27
DA:28,27
DA:29,14
DA:30,13
DA:31,13
DA:36,13
DA:37,13
DA:38,13
DA:39,12
DA:40,12
DA:43,0
DA:45,13
DA:49,27
DA:50,14
DA:53,27
DA:54,48
DA:55,48
DA:56,48
DA:57,24
DA:58,0
DA:61,27
DA:62,14
DA:69,13
DA:121,48
DA:194,24
DA:224,1
LF:31
LH:29
BRDA:22,0,0,27
BRDA:22,0,1,1
BRDA:29,1,0,1
BRDA:29,1,1,13
BRDA:36,2,0,12
BRDA:36,2,1,1
BRDA:37,3,0,12
BRDA:37,3,1,1
BRDA:38,4,0,12
BRDA:38,4,1,1
BRDA:40,5,0,12
BRDA:40,5,1,0
BRDA:40,5,2,0
BRDA:54,6,0,0
BRDA:54,6,1,48
BRDA:55,7,0,0
BRDA:55,7,1,48
BRDA:56,8,0,24
BRDA:56,8,1,24
BRDA:57,9,0,24
BRDA:57,9,1,0
BRDA:61,10,0,14
BRDA:61,10,1,13
BRDA:77,11,0,13
BRDA:77,11,1,1
BRDA:77,11,2,1
BRDA:77,11,3,1
BRDA:92,12,0,13
BRDA:92,12,1,12
BRDA:124,13,0,12
BRDA:124,13,1,36
BRDA:126,14,0,12
BRDA:126,14,1,24
BRDA:128,15,0,12
BRDA:128,15,1,12
BRDA:143,16,0,13
BRDA:143,16,1,12
BRDA:186,17,0,13
BRDA:186,17,1,12
BRDA:197,18,0,12
BRDA:197,18,1,12
BRDA:199,19,0,12
BRDA:199,19,1,0
BRDA:201,20,0,0
BRDA:201,20,1,0
BRDA:212,21,0,12
BRDA:212,21,1,12
BRF:47
BRH:39
end_of_record
TN:
SF:src/screens/breakout/BreakoutScreen.tsx
FN:41,BreakoutScreen
FN:57,(anonymous_1)
FN:58,(anonymous_2)
FN:65,(anonymous_3)
FN:81,(anonymous_4)
FN:111,(anonymous_5)
FN:121,(anonymous_6)
FN:129,(anonymous_7)
FN:150,(anonymous_8)
FN:243,(anonymous_9)
FN:247,(anonymous_10)
FNF:11
FNH:0
FNDA:0,BreakoutScreen
FNDA:0,(anonymous_1)
FNDA:0,(anonymous_2)
FNDA:0,(anonymous_3)
FNDA:0,(anonymous_4)
FNDA:0,(anonymous_5)
FNDA:0,(anonymous_6)
FNDA:0,(anonymous_7)
FNDA:0,(anonymous_8)
FNDA:0,(anonymous_9)
FNDA:0,(anonymous_10)
DA:26,0
DA:31,0
DA:33,0
DA:42,0
DA:43,0
DA:45,0
DA:46,0
DA:47,0
DA:48,0
DA:49,0
DA:50,0
DA:51,0
DA:52,0
DA:53,0
DA:55,0
DA:57,0
DA:58,0
DA:59,0
DA:65,0
DA:66,0
DA:73,0
DA:74,0
DA:75,0
DA:81,0
DA:82,0
DA:83,0
DA:84,0
DA:86,0
DA:87,0
DA:88,0
DA:90,0
DA:91,0
DA:92,0
DA:95,0
DA:96,0
DA:97,0
DA:98,0
DA:100,0
DA:101,0
DA:107,0
DA:108,0
DA:110,0
DA:111,0
DA:113,0
DA:114,0
DA:120,0
DA:122,0
DA:123,0
DA:124,0
DA:125,0
DA:126,0
DA:127,0
DA:129,0
DA:130,0
DA:132,0
DA:133,0
DA:134,0
DA:135,0
DA:136,0
DA:137,0
DA:138,0
DA:139,0
DA:150,0
DA:151,0
DA:152,0
DA:153,0
DA:154,0
DA:155,0
DA:156,0
DA:161,0
DA:162,0
DA:182,0
DA:183,0
DA:197,0
DA:198,0
DA:226,0
DA:244,0
DA:248,0
DA:249,0
DA:251,0
DA:252,0
DA:315,0
LF:82
LH:0
BRDA:59,0,0,0
BRDA:59,0,1,0
BRDA:68,1,0,0
BRDA:68,1,1,0
BRDA:73,2,0,0
BRDA:73,2,1,0
BRDA:73,3,0,0
BRDA:73,3,1,0
BRDA:82,4,0,0
BRDA:82,4,1,0
BRDA:86,5,0,0
BRDA:86,5,1,0
BRDA:86,6,0,0
BRDA:86,6,1,0
BRDA:90,7,0,0
BRDA:90,7,1,0
BRDA:90,8,0,0
BRDA:90,8,1,0
BRDA:90,8,2,0
BRDA:103,9,0,0
BRDA:103,9,1,0
BRDA:104,10,0,0
BRDA:104,10,1,0
BRDA:108,11,0,0
BRDA:108,11,1,0
BRDA:114,12,0,0
BRDA:114,12,1,0
BRDA:122,13,0,0
BRDA:122,13,1,0
BRDA:126,14,0,0
BRDA:126,14,1,0
BRDA:130,15,0,0
BRDA:130,15,1,0
BRDA:132,16,0,0
BRDA:132,16,1,0
BRDA:132,17,0,0
BRDA:132,17,1,0
BRDA:133,18,0,0
BRDA:133,18,1,0
BRDA:136,19,0,0
BRDA:136,19,1,0
BRDA:137,20,0,0
BRDA:137,20,1,0
BRDA:139,21,0,0
BRDA:139,21,1,0
BRDA:161,22,0,0
BRDA:161,22,1,0
BRDA:182,23,0,0
BRDA:182,23,1,0
BRDA:197,24,0,0
BRDA:197,24,1,0
BRDA:197,25,0,0
BRDA:197,25,1,0
BRDA:246,26,0,0
BRDA:246,26,1,0
BRDA:248,27,0,0
BRDA:248,27,1,0
BRDA:249,28,0,0
BRDA:249,28,1,0
BRDA:259,29,0,0
BRDA:259,29,1,0
BRDA:261,30,0,0
BRDA:261,30,1,0
BRDA:269,31,0,0
BRDA:269,31,1,0
BRDA:282,32,0,0
BRDA:282,32,1,0
BRDA:282,32,2,0
BRDA:285,33,0,0
BRDA:285,33,1,0
BRDA:285,33,2,0
BRF:71
BRH:0
end_of_record
TN:
SF:src/screens/brief/BriefDuJourScreen.tsx
FN:16,BriefDuJourScreen
FN:25,(anonymous_1)
FN:45,(anonymous_2)
FN:60,(anonymous_3)
FN:71,(anonymous_4)
FN:75,(anonymous_5)
FN:75,(anonymous_6)
FNF:7
FNH:7
FNDA:26,BriefDuJourScreen
FNDA:4,(anonymous_1)
FNDA:1,(anonymous_2)
FNDA:1,(anonymous_3)
FNDA:96,(anonymous_4)
FNDA:3,(anonymous_5)
FNDA:3,(anonymous_6)
DA:17,26
DA:18,26
DA:19,26
DA:21,26
DA:22,26
DA:23,26
DA:25,26
DA:26,4
DA:27,3
DA:28,3
DA:29,3
DA:30,2
DA:32,1
DA:34,3
DA:38,26
DA:39,2
DA:45,1
DA:53,24
DA:60,1
DA:72,96
DA:75,3
DA:119,1
LF:22
LH:22
BRDA:26,0,0,1
BRDA:26,0,1,3
BRDA:26,1,0,4
BRDA:26,1,1,3
BRDA:38,2,0,2
BRDA:38,2,1,24
BRDA:57,3,0,24
BRDA:57,3,1,0
BRDA:75,4,0,1
BRDA:75,4,1,2
BRDA:97,5,0,24
BRDA:97,5,1,11
BRDA:97,5,2,16
BRDA:99,6,0,24
BRDA:99,6,1,11
BRDA:107,7,0,3
BRDA:107,7,1,21
BRF:17
BRH:16
end_of_record
TN:
SF:src/screens/chat/IlyasChatScreen.tsx
FN:31,SessionDrawer
FN:49,(anonymous_1)
FN:55,(anonymous_2)
FN:56,(anonymous_3)
FN:59,(anonymous_4)
FN:60,(anonymous_5)
FN:62,(anonymous_6)
FN:80,ProposalBubble
FN:95,MessageBubble
FN:107,(anonymous_9)
FN:115,formatTime
FN:120,IlyasChatScreen
FN:139,(anonymous_12)
FN:141,(anonymous_13)
FN:142,(anonymous_14)
FN:145,(anonymous_15)
FN:155,(anonymous_16)
FN:166,(anonymous_17)
FN:183,(anonymous_18)
FN:225,(anonymous_19)
FN:253,(anonymous_20)
FN:254,(anonymous_21)
FN:264,(anonymous_22)
FN:265,(anonymous_23)
FN:286,(anonymous_24)
FN:338,(anonymous_25)
FNF:26
FNH:12
FNDA:1,SessionDrawer
FNDA:0,(anonymous_1)
FNDA:0,(anonymous_2)
FNDA:0,(anonymous_3)
FNDA:0,(anonymous_4)
FNDA:0,(anonymous_5)
FNDA:0,(anonymous_6)
FNDA:0,ProposalBubble
FNDA:2,MessageBubble
FNDA:0,(anonymous_9)
FNDA:2,formatTime
FNDA:11,IlyasChatScreen
FNDA:8,(anonymous_12)
FNDA:8,(anonymous_13)
FNDA:1,(anonymous_14)
FNDA:0,(anonymous_15)
FNDA:1,(anonymous_16)
FNDA:0,(anonymous_17)
FNDA:0,(anonymous_18)
FNDA:1,(anonymous_19)
FNDA:40,(anonymous_20)
FNDA:0,(anonymous_21)
FNDA:3,(anonymous_22)
FNDA:2,(anonymous_23)
FNDA:0,(anonymous_24)
FNDA:0,(anonymous_25)
DA:41,1
DA:49,0
DA:55,0
DA:57,0
DA:59,0
DA:60,0
DA:62,0
DA:81,0
DA:96,2
DA:97,2
DA:107,0
DA:116,2
DA:124,11
DA:126,11
DA:127,11
DA:129,11
DA:130,11
DA:131,11
DA:132,11
DA:135,11
DA:136,11
DA:137,11
DA:139,11
DA:141,11
DA:142,8
DA:145,11
DA:146,0
DA:150,0
DA:151,0
DA:155,11
DA:156,1
DA:157,1
DA:158,1
DA:159,1
DA:160,1
DA:161,1
DA:162,1
DA:166,11
DA:167,0
DA:168,0
DA:169,0
DA:173,0
DA:176,0
DA:177,0
DA:179,0
DA:183,11
DA:184,0
DA:185,0
DA:186,0
DA:188,0
DA:189,0
DA:190,0
DA:191,0
DA:193,0
DA:195,0
DA:196,0
DA:201,0
DA:203,0
DA:204,0
DA:205,0
DA:208,0
DA:210,0
DA:214,11
DA:221,11
DA:225,1
DA:254,40
DA:264,3
DA:265,2
DA:286,0
DA:338,0
DA:346,1
DA:381,1
DA:395,1
DA:411,1
LF:74
LH:38
BRDA:58,0,0,0
BRDA:58,0,1,0
BRDA:65,1,0,0
BRDA:65,1,1,0
BRDA:67,2,0,0
BRDA:67,2,1,0
BRDA:67,3,0,0
BRDA:67,3,1,0
BRDA:87,4,0,0
BRDA:87,4,1,0
BRDA:88,5,0,0
BRDA:88,5,1,0
BRDA:88,5,2,0
BRDA:89,6,0,0
BRDA:89,6,1,0
BRDA:98,7,0,1
BRDA:98,7,1,1
BRDA:99,8,0,2
BRDA:99,8,1,1
BRDA:103,9,0,1
BRDA:103,9,1,1
BRDA:104,10,0,1
BRDA:104,10,1,1
BRDA:106,11,0,2
BRDA:106,11,1,0
BRDA:106,11,2,0
BRDA:109,12,0,2
BRDA:109,12,1,1
BRDA:142,13,0,1
BRDA:142,13,1,7
BRDA:150,14,0,0
BRDA:150,14,1,0
BRDA:150,15,0,0
BRDA:150,15,1,0
BRDA:156,16,0,0
BRDA:156,16,1,1
BRDA:156,17,0,1
BRDA:156,17,1,1
BRDA:162,18,0,1
BRDA:162,18,1,1
BRDA:184,19,0,0
BRDA:184,19,1,0
BRDA:184,20,0,0
BRDA:184,20,1,0
BRDA:193,21,0,0
BRDA:193,21,1,0
BRDA:204,22,0,0
BRDA:204,22,1,0
BRDA:204,23,0,0
BRDA:204,23,1,0
BRDA:229,24,0,0
BRDA:229,24,1,11
BRDA:230,25,0,11
BRDA:230,25,1,0
BRDA:237,26,0,11
BRDA:237,26,1,0
BRDA:244,27,0,11
BRDA:244,27,1,0
BRDA:245,28,0,0
BRDA:245,28,1,11
BRDA:247,29,0,10
BRDA:247,29,1,1
BRDA:272,30,0,11
BRDA:272,30,1,1
BRDA:283,31,0,11
BRDA:283,31,1,0
BRDA:297,32,0,0
BRDA:297,32,1,11
BRDA:301,33,0,0
BRDA:301,33,1,11
BRDA:320,34,0,11
BRDA:320,34,1,1
BRDA:320,34,2,10
BRDA:322,35,0,11
BRDA:322,35,1,1
BRDA:331,36,0,11
BRDA:331,36,1,1
BRDA:334,37,0,1
BRDA:334,37,1,1
BRF:79
BRH:39
end_of_record
TN:
SF:src/screens/cm/CMChatScreen.tsx
FN:26,SessionDrawer
FN:52,(anonymous_1)
FN:59,(anonymous_2)
FN:61,(anonymous_3)
FN:66,(anonymous_4)
FN:67,(anonymous_5)
FN:73,(anonymous_6)
FN:107,ProposalBubble
FN:132,MessageBubble
FN:162,(anonymous_9)
FN:176,formatTime
FN:186,CMChatScreen
FN:206,(anonymous_12)
FN:211,(anonymous_13)
FN:213,(anonymous_14)
FN:219,(anonymous_15)
FN:240,(anonymous_16)
FN:259,(anonymous_17)
FN:299,(anonymous_18)
FN:303,(anonymous_19)
FN:316,(anonymous_20)
FN:317,(anonymous_21)
FN:374,(anonymous_22)
FNF:23
FNH:18
FNDA:3,SessionDrawer
FNDA:0,(anonymous_1)
FNDA:3,(anonymous_2)
FNDA:2,(anonymous_3)
FNDA:0,(anonymous_4)
FNDA:0,(anonymous_5)
FNDA:0,(anonymous_6)
FNDA:1,ProposalBubble
FNDA:3,MessageBubble
FNDA:1,(anonymous_9)
FNDA:3,formatTime
FNDA:26,CMChatScreen
FNDA:20,(anonymous_12)
FNDA:20,(anonymous_13)
FNDA:2,(anonymous_14)
FNDA:1,(anonymous_15)
FNDA:3,(anonymous_16)
FNDA:1,(anonymous_17)
FNDA:92,(anonymous_18)
FNDA:1,(anonymous_19)
FNDA:5,(anonymous_20)
FNDA:3,(anonymous_21)
FNDA:0,(anonymous_22)
DA:41,3
DA:52,0
DA:59,3
DA:62,2
DA:63,2
DA:66,0
DA:68,0
DA:73,0
DA:108,1
DA:133,3
DA:135,3
DA:163,1
DA:177,3
DA:178,3
DA:179,3
DA:181,0
DA:199,26
DA:201,26
DA:202,26
DA:203,26
DA:206,26
DA:207,20
DA:211,26
DA:212,20
DA:213,2
DA:214,2
DA:219,26
DA:220,1
DA:221,1
DA:222,1
DA:223,1
DA:224,1
DA:227,26
DA:234,26
DA:240,3
DA:259,1
DA:300,92
DA:304,1
DA:316,5
DA:317,3
DA:374,0
DA:382,1
DA:558,1
DA:610,1
DA:698,1
LF:45
LH:39
BRDA:65,0,0,2
BRDA:65,0,1,0
BRDA:81,1,0,0
BRDA:81,1,1,2
BRDA:85,2,0,2
BRDA:85,2,1,0
BRDA:88,3,0,2
BRDA:88,3,1,0
BRDA:114,4,0,1
BRDA:114,4,1,1
BRDA:119,5,0,1
BRDA:119,5,1,1
BRDA:119,5,2,1
BRDA:124,6,0,1
BRDA:124,6,1,1
BRDA:136,7,0,1
BRDA:136,7,1,2
BRDA:137,8,0,3
BRDA:137,8,1,2
BRDA:146,9,0,1
BRDA:146,9,1,2
BRDA:152,10,0,1
BRDA:152,10,1,2
BRDA:160,11,0,3
BRDA:160,11,1,1
BRDA:160,11,2,1
BRDA:168,12,0,3
BRDA:168,12,1,1
BRDA:212,13,0,2
BRDA:212,13,1,18
BRDA:220,14,0,0
BRDA:220,14,1,1
BRDA:220,15,0,1
BRDA:220,15,1,1
BRDA:248,16,0,1
BRDA:248,16,1,25
BRDA:250,17,0,26
BRDA:250,17,1,1
BRDA:267,18,0,26
BRDA:267,18,1,2
BRDA:278,19,0,26
BRDA:278,19,1,0
BRDA:279,20,0,26
BRDA:279,20,1,0
BRDA:282,21,0,1
BRDA:282,21,1,25
BRDA:286,22,0,23
BRDA:286,22,1,2
BRDA:325,23,0,26
BRDA:325,23,1,1
BRDA:350,24,0,26
BRDA:350,24,1,2
BRDA:350,24,2,24
BRDA:352,25,0,26
BRDA:352,25,1,2
BRDA:367,26,0,26
BRDA:367,26,1,3
BRDA:370,27,0,3
BRDA:370,27,1,3
BRF:59
BRH:52
end_of_record
TN:
SF:src/screens/files/AssetUploadScreen.tsx
FN:17,AssetUploadScreen
FN:28,(anonymous_1)
FN:30,(anonymous_2)
FN:32,(anonymous_3)
FN:35,(anonymous_4)
FN:45,(anonymous_5)
FN:57,(anonymous_6)
FN:82,(anonymous_7)
FN:119,(anonymous_8)
FN:123,(anonymous_9)
FNF:10
FNH:9
FNDA:25,AssetUploadScreen
FNDA:10,(anonymous_1)
FNDA:10,(anonymous_2)
FNDA:0,(anonymous_3)
FNDA:2,(anonymous_4)
FNDA:1,(anonymous_5)
FNDA:1,(anonymous_6)
FNDA:1,(anonymous_7)
FNDA:4,(anonymous_8)
FNDA:2,(anonymous_9)
DA:18,25
DA:19,25
DA:20,25
DA:22,25
DA:23,25
DA:24,25
DA:25,25
DA:26,25
DA:28,25
DA:29,10
DA:30,10
DA:31,10
DA:35,25
DA:36,2
DA:40,2
DA:41,2
DA:45,25
DA:46,1
DA:47,1
DA:48,0
DA:49,0
DA:51,1
DA:52,1
DA:53,1
DA:57,25
DA:58,1
DA:59,1
DA:60,1
DA:61,1
DA:62,1
DA:63,1
DA:64,1
DA:65,1
DA:66,1
DA:67,1
DA:68,1
DA:69,1
DA:70,1
DA:72,0
DA:73,0
DA:75,1
DA:79,25
DA:82,1
DA:120,4
DA:123,2
DA:146,1
LF:46
LH:42
BRDA:29,0,0,0
BRDA:29,0,1,10
BRDA:31,1,0,10
BRDA:31,1,1,0
BRDA:31,1,2,0
BRDA:40,2,0,2
BRDA:40,2,1,0
BRDA:40,3,0,2
BRDA:40,3,1,2
BRDA:47,4,0,0
BRDA:47,4,1,1
BRDA:52,5,0,1
BRDA:52,5,1,0
BRDA:52,6,0,1
BRDA:52,6,1,1
BRDA:58,7,0,0
BRDA:58,7,1,1
BRDA:58,8,0,1
BRDA:58,8,1,1
BRDA:62,9,0,1
BRDA:62,9,1,0
BRDA:63,10,0,1
BRDA:63,10,1,0
BRDA:64,11,0,1
BRDA:64,11,1,0
BRDA:66,12,0,1
BRDA:66,12,1,0
BRDA:67,13,0,0
BRDA:67,13,1,1
BRDA:72,14,0,0
BRDA:72,14,1,0
BRDA:72,14,2,0
BRDA:90,15,0,6
BRDA:90,15,1,19
BRDA:115,16,0,25
BRDA:115,16,1,4
BRDA:122,17,0,4
BRDA:122,17,1,1
BRDA:123,18,0,1
BRDA:123,18,1,1
BRDA:125,19,0,4
BRDA:125,19,1,1
BRDA:135,20,0,25
BRDA:135,20,1,6
BRDA:135,20,2,20
BRDA:137,21,0,25
BRDA:137,21,1,6
BRDA:139,22,0,1
BRDA:139,22,1,24
BRF:49
BRH:34
end_of_record
TN:
SF:src/screens/files/DishFormScreen.tsx
FN:26,DishFormScreen
FN:40,(anonymous_1)
FN:42,(anonymous_2)
FN:44,(anonymous_3)
FN:52,(anonymous_4)
FN:55,(anonymous_5)
FN:82,(anonymous_6)
FN:101,(anonymous_7)
FN:105,(anonymous_8)
FNF:9
FNH:6
FNDA:15,DishFormScreen
FNDA:9,(anonymous_1)
FNDA:0,(anonymous_2)
FNDA:0,(anonymous_3)
FNDA:0,(anonymous_4)
FNDA:1,(anonymous_5)
FNDA:1,(anonymous_6)
FNDA:75,(anonymous_7)
FNDA:1,(anonymous_8)
DA:18,1
DA:27,15
DA:28,15
DA:29,15
DA:30,15
DA:31,15
DA:33,15
DA:34,15
DA:35,15
DA:36,15
DA:37,15
DA:38,15
DA:40,15
DA:41,9
DA:42,0
DA:43,0
DA:44,0
DA:45,0
DA:46,0
DA:47,0
DA:48,0
DA:49,0
DA:50,0
DA:55,15
DA:56,1
DA:57,1
DA:58,1
DA:59,1
DA:66,1
DA:67,0
DA:69,1
DA:71,1
DA:73,0
DA:75,1
DA:79,15
DA:82,1
DA:102,75
DA:105,1
DA:134,1
LF:39
LH:28
BRDA:41,0,0,9
BRDA:41,0,1,0
BRDA:41,1,0,9
BRDA:41,1,1,0
BRDA:43,2,0,0
BRDA:43,2,1,0
BRDA:43,2,2,0
BRDA:45,3,0,0
BRDA:45,3,1,0
BRDA:47,4,0,0
BRDA:47,4,1,0
BRDA:48,5,0,0
BRDA:48,5,1,0
BRDA:49,6,0,0
BRDA:49,6,1,0
BRDA:50,7,0,0
BRDA:50,7,1,0
BRDA:56,8,0,0
BRDA:56,8,1,1
BRDA:56,9,0,1
BRDA:56,9,1,1
BRDA:61,10,0,1
BRDA:61,10,1,1
BRDA:62,11,0,1
BRDA:62,11,1,0
BRDA:66,12,0,0
BRDA:66,12,1,1
BRDA:85,13,0,0
BRDA:85,13,1,15
BRDA:104,14,0,75
BRDA:104,14,1,15
BRDA:107,15,0,75
BRDA:107,15,1,15
BRDA:123,16,0,15
BRDA:123,16,1,5
BRDA:123,16,2,11
BRDA:125,17,0,15
BRDA:125,17,1,5
BRDA:127,18,0,1
BRDA:127,18,1,14
BRF:40
BRH:21
end_of_record
TN:
SF:src/screens/files/FileHubScreen.tsx
FN:21,FileHubScreen
FN:27,(anonymous_1)
FN:29,(anonymous_2)
FN:31,(anonymous_3)
FN:39,(anonymous_4)
FN:44,(anonymous_5)
FN:48,(anonymous_6)
FNF:7
FNH:6
FNDA:20,FileHubScreen
FNDA:9,(anonymous_1)
FNDA:8,(anonymous_2)
FNDA:0,(anonymous_3)
FNDA:1,(anonymous_4)
FNDA:60,(anonymous_5)
FNDA:2,(anonymous_6)
DA:15,1
DA:22,20
DA:23,20
DA:24,20
DA:25,20
DA:27,20
DA:28,9
DA:29,8
DA:30,8
DA:34,20
DA:39,1
DA:45,60
DA:48,2
DA:76,1
LF:14
LH:14
BRDA:28,0,0,1
BRDA:28,0,1,8
BRDA:30,1,0,8
BRDA:30,1,1,0
BRDA:47,2,0,60
BRDA:47,2,1,20
BRDA:53,3,0,60
BRDA:53,3,1,20
BRDA:63,4,0,20
BRDA:63,4,1,5
BRDA:66,5,0,20
BRDA:66,5,1,17
BRDA:69,6,0,20
BRDA:69,6,1,18
BRF:14
BRH:13
end_of_record
TN:
SF:src/screens/files/ScanMenuScreen.tsx
FN:31,ScanMenuScreen
FN:40,(anonymous_1)
FN:86,(anonymous_2)
FN:100,(anonymous_3)
FN:101,(anonymous_4)
FN:102,(anonymous_5)
FN:106,(anonymous_6)
FN:107,(anonymous_7)
FN:108,(anonymous_8)
FN:112,(anonymous_9)
FN:115,(anonymous_10)
FN:116,(anonymous_11)
FN:141,(anonymous_12)
FN:161,(anonymous_13)
FN:168,(anonymous_14)
FN:196,(anonymous_15)
FN:196,(anonymous_16)
FN:202,(anonymous_17)
FN:203,(anonymous_18)
FN:206,(anonymous_19)
FN:219,(anonymous_20)
FN:229,(anonymous_21)
FN:246,(anonymous_22)
FN:246,(anonymous_23)
FNF:24
FNH:12
FNDA:8,ScanMenuScreen
FNDA:2,(anonymous_1)
FNDA:4,(anonymous_2)
FNDA:0,(anonymous_3)
FNDA:0,(anonymous_4)
FNDA:0,(anonymous_5)
FNDA:0,(anonymous_6)
FNDA:0,(anonymous_7)
FNDA:0,(anonymous_8)
FNDA:0,(anonymous_9)
FNDA:0,(anonymous_10)
FNDA:0,(anonymous_11)
FNDA:1,(anonymous_12)
FNDA:1,(anonymous_13)
FNDA:1,(anonymous_14)
FNDA:4,(anonymous_15)
FNDA:4,(anonymous_16)
FNDA:6,(anonymous_17)
FNDA:4,(anonymous_18)
FNDA:0,(anonymous_19)
FNDA:0,(anonymous_20)
FNDA:0,(anonymous_21)
FNDA:4,(anonymous_22)
FNDA:4,(anonymous_23)
DA:32,8
DA:33,8
DA:34,8
DA:36,8
DA:37,8
DA:39,8
DA:42,2
DA:43,1
DA:44,1
DA:45,0
DA:49,0
DA:52,1
DA:53,1
DA:54,0
DA:58,0
DA:62,2
DA:66,2
DA:71,2
DA:73,2
DA:75,2
DA:76,2
DA:77,2
DA:78,2
DA:79,2
DA:81,2
DA:82,2
DA:84,2
DA:85,2
DA:86,4
DA:90,2
DA:91,2
DA:93,0
DA:94,0
DA:100,8
DA:101,0
DA:102,0
DA:106,8
DA:107,0
DA:108,0
DA:112,8
DA:113,0
DA:114,0
DA:115,0
DA:116,0
DA:118,0
DA:119,0
DA:120,0
DA:123,0
DA:124,0
DA:125,0
DA:126,0
DA:130,0
DA:132,0
DA:133,0
DA:137,8
DA:141,1
DA:161,1
DA:168,1
DA:196,4
DA:202,6
DA:204,4
DA:206,0
DA:219,0
DA:230,0
DA:246,4
DA:264,1
LF:66
LH:39
BRDA:42,0,0,1
BRDA:42,0,1,1
BRDA:44,1,0,0
BRDA:44,1,1,1
BRDA:53,2,0,0
BRDA:53,2,1,1
BRDA:62,3,0,1
BRDA:62,3,1,1
BRDA:71,4,0,0
BRDA:71,4,1,2
BRDA:71,5,0,2
BRDA:71,5,1,2
BRDA:71,5,2,2
BRDA:76,6,0,2
BRDA:76,6,1,0
BRDA:78,7,0,2
BRDA:78,7,1,0
BRDA:79,8,0,2
BRDA:79,8,1,0
BRDA:86,9,0,2
BRDA:86,9,1,0
BRDA:86,9,2,0
BRDA:102,10,0,0
BRDA:102,10,1,0
BRDA:108,11,0,0
BRDA:108,11,1,0
BRDA:113,12,0,0
BRDA:113,12,1,0
BRDA:118,13,0,0
BRDA:118,13,1,0
BRDA:128,14,0,0
BRDA:128,14,1,0
BRDA:128,15,0,0
BRDA:128,15,1,0
BRDA:149,16,0,8
BRDA:149,16,1,6
BRDA:178,17,0,8
BRDA:178,17,1,0
BRDA:189,18,0,8
BRDA:189,18,1,2
BRDA:193,19,0,2
BRDA:193,19,1,0
BRDA:193,20,0,2
BRDA:193,20,1,0
BRDA:196,21,0,2
BRDA:196,21,1,0
BRDA:204,22,0,4
BRDA:204,22,1,0
BRDA:210,23,0,4
BRDA:210,23,1,0
BRDA:212,24,0,4
BRDA:212,24,1,0
BRDA:225,25,0,4
BRDA:225,25,1,4
BRDA:230,26,0,0
BRDA:230,26,1,0
BRDA:246,27,0,2
BRDA:246,27,1,0
BRDA:254,28,0,8
BRDA:254,28,1,0
BRF:60
BRH:29
end_of_record
TN:
SF:src/screens/files/tabs/MediaLibraryTab.tsx
FN:20,MediaLibraryTab
FN:30,(anonymous_1)
FN:42,(anonymous_2)
FN:44,(anonymous_3)
FN:66,(anonymous_4)
FN:71,(anonymous_5)
FN:73,(anonymous_6)
FN:74,(anonymous_7)
FN:83,(anonymous_8)
FN:88,(anonymous_9)
FNF:10
FNH:7
FNDA:11,MediaLibraryTab
FNDA:5,(anonymous_1)
FNDA:5,(anonymous_2)
FNDA:0,(anonymous_3)
FNDA:0,(anonymous_4)
FNDA:18,(anonymous_5)
FNDA:10,(anonymous_6)
FNDA:1,(anonymous_7)
FNDA:1,(anonymous_8)
FNDA:0,(anonymous_9)
DA:21,11
DA:22,11
DA:23,11
DA:25,11
DA:26,11
DA:27,11
DA:28,11
DA:30,11
DA:31,5
DA:32,5
DA:33,5
DA:34,5
DA:38,5
DA:42,11
DA:44,11
DA:45,0
DA:46,0
DA:47,0
DA:50,11
DA:51,5
DA:58,6
DA:66,0
DA:71,18
DA:74,10
DA:83,1
DA:88,0
DA:95,1
LF:27
LH:22
BRDA:31,0,0,0
BRDA:31,0,1,5
BRDA:34,1,0,5
BRDA:34,1,1,0
BRDA:34,1,2,0
BRDA:50,2,0,5
BRDA:50,2,1,6
BRDA:60,3,0,1
BRDA:60,3,1,5
BRF:9
BRH:6
end_of_record
TN:
SF:src/screens/files/tabs/MenuTab.tsx
FN:35,MenuTab
FN:44,(anonymous_1)
FN:56,(anonymous_2)
FN:58,(anonymous_3)
FN:64,(anonymous_4)
FN:71,(anonymous_5)
FN:74,(anonymous_6)
FN:74,(anonymous_7)
FN:84,(anonymous_8)
FN:90,(anonymous_9)
FN:111,(anonymous_10)
FN:113,(anonymous_11)
FN:123,(anonymous_12)
FN:124,(anonymous_13)
FN:127,(anonymous_14)
FN:130,(anonymous_15)
FN:131,(anonymous_16)
FN:141,(anonymous_17)
FNF:18
FNH:8
FNDA:10,MenuTab
FNDA:5,(anonymous_1)
FNDA:5,(anonymous_2)
FNDA:0,(anonymous_3)
FNDA:0,(anonymous_4)
FNDA:0,(anonymous_5)
FNDA:0,(anonymous_6)
FNDA:0,(anonymous_7)
FNDA:8,(anonymous_8)
FNDA:8,(anonymous_9)
FNDA:0,(anonymous_10)
FNDA:0,(anonymous_11)
FNDA:16,(anonymous_12)
FNDA:8,(anonymous_13)
FNDA:8,(anonymous_14)
FNDA:0,(anonymous_15)
FNDA:0,(anonymous_16)
FNDA:0,(anonymous_17)
DA:27,1
DA:36,10
DA:37,10
DA:38,10
DA:40,10
DA:41,10
DA:42,10
DA:44,10
DA:45,5
DA:46,5
DA:47,5
DA:48,5
DA:52,5
DA:56,10
DA:58,10
DA:59,0
DA:60,0
DA:61,0
DA:64,10
DA:65,0
DA:66,0
DA:72,0
DA:73,0
DA:74,0
DA:76,0
DA:83,10
DA:85,8
DA:86,8
DA:87,8
DA:88,8
DA:90,8
DA:95,10
DA:96,5
DA:103,5
DA:104,1
DA:111,0
DA:113,0
DA:119,4
DA:123,16
DA:125,8
DA:128,8
DA:130,0
DA:131,0
DA:141,0
DA:149,1
LF:45
LH:31
BRDA:45,0,0,0
BRDA:45,0,1,5
BRDA:48,1,0,5
BRDA:48,1,1,0
BRDA:48,1,2,0
BRDA:65,2,0,0
BRDA:65,2,1,0
BRDA:85,3,0,8
BRDA:85,3,1,0
BRDA:86,4,0,8
BRDA:86,4,1,0
BRDA:91,5,0,8
BRDA:91,5,1,0
BRDA:95,6,0,5
BRDA:95,6,1,5
BRDA:103,7,0,1
BRDA:103,7,1,4
BRF:17
BRH:9
end_of_record
TN:
SF:src/screens/files/tabs/RequestsTab.tsx
FN:33,RequestsTab
FN:42,(anonymous_1)
FN:70,(anonymous_2)
FN:74,(anonymous_3)
FN:74,(anonymous_4)
FN:96,(anonymous_5)
FN:100,(anonymous_6)
FN:112,(anonymous_7)
FN:116,(anonymous_8)
FNF:9
FNH:7
FNDA:12,RequestsTab
FNDA:1,(anonymous_1)
FNDA:60,(anonymous_2)
FNDA:1,(anonymous_3)
FNDA:1,(anonymous_4)
FNDA:36,(anonymous_5)
FNDA:0,(anonymous_6)
FNDA:36,(anonymous_7)
FNDA:0,(anonymous_8)
DA:21,1
DA:27,1
DA:34,12
DA:35,12
DA:37,12
DA:38,12
DA:39,12
DA:40,12
DA:42,12
DA:43,1
DA:44,1
DA:45,1
DA:46,1
DA:51,1
DA:52,1
DA:54,0
DA:56,1
DA:60,12
DA:71,60
DA:74,1
DA:97,36
DA:100,0
DA:113,36
DA:116,0
DA:142,1
LF:25
LH:22
BRDA:43,0,0,0
BRDA:43,0,1,1
BRDA:43,1,0,1
BRDA:43,1,1,1
BRDA:63,2,0,12
BRDA:63,2,1,0
BRDA:74,3,0,0
BRDA:74,3,1,1
BRDA:99,4,0,36
BRDA:99,4,1,12
BRDA:102,5,0,36
BRDA:102,5,1,12
BRDA:115,6,0,36
BRDA:115,6,1,12
BRDA:118,7,0,36
BRDA:118,7,1,12
BRDA:127,8,0,12
BRDA:127,8,1,3
BRDA:127,8,2,10
BRDA:129,9,0,12
BRDA:129,9,1,3
BRDA:131,10,0,1
BRDA:131,10,1,11
BRF:23
BRH:20
end_of_record
TN:
SF:src/screens/home/HomeScreen.tsx
FN:30,StatCard
FN:67,HomeScreen
FN:84,(anonymous_2)
FN:101,(anonymous_3)
FN:102,(anonymous_4)
FN:103,(anonymous_5)
FN:111,(anonymous_6)
FN:121,(anonymous_7)
FN:125,(anonymous_8)
FN:149,(anonymous_9)
FN:157,(anonymous_10)
FN:167,(anonymous_11)
FN:179,(anonymous_12)
FN:194,(anonymous_13)
FN:202,(anonymous_14)
FN:210,(anonymous_15)
FN:221,(anonymous_16)
FN:250,(anonymous_17)
FN:275,(anonymous_18)
FN:288,(anonymous_19)
FN:293,(anonymous_20)
FN:294,(anonymous_21)
FN:305,(anonymous_22)
FNF:23
FNH:11
FNDA:75,StatCard
FNDA:25,HomeScreen
FNDA:13,(anonymous_2)
FNDA:33,(anonymous_3)
FNDA:33,(anonymous_4)
FNDA:33,(anonymous_5)
FNDA:12,(anonymous_6)
FNDA:13,(anonymous_7)
FNDA:0,(anonymous_8)
FNDA:1,(anonymous_9)
FNDA:1,(anonymous_10)
FNDA:0,(anonymous_11)
FNDA:0,(anonymous_12)
FNDA:0,(anonymous_13)
FNDA:0,(anonymous_14)
FNDA:0,(anonymous_15)
FNDA:0,(anonymous_16)
FNDA:0,(anonymous_17)
FNDA:0,(anonymous_18)
FNDA:0,(anonymous_19)
FNDA:33,(anonymous_20)
FNDA:0,(anonymous_21)
FNDA:0,(anonymous_22)
DA:31,75
DA:43,1
DA:68,25
DA:69,25
DA:70,25
DA:71,25
DA:72,25
DA:73,25
DA:74,25
DA:76,25
DA:77,25
DA:78,25
DA:79,25
DA:80,25
DA:81,25
DA:82,25
DA:84,25
DA:85,13
DA:86,12
DA:87,12
DA:94,12
DA:95,12
DA:97,12
DA:98,12
DA:99,12
DA:100,12
DA:101,33
DA:102,33
DA:103,33
DA:106,12
DA:107,12
DA:109,12
DA:110,12
DA:111,12
DA:113,12
DA:114,12
DA:121,25
DA:122,13
DA:125,25
DA:126,0
DA:127,0
DA:128,0
DA:131,25
DA:149,1
DA:157,1
DA:167,0
DA:179,0
DA:194,0
DA:202,0
DA:210,0
DA:221,0
DA:250,0
DA:275,0
DA:288,0
DA:294,33
DA:305,0
DA:321,1
LF:57
LH:44
BRDA:71,0,0,25
BRDA:71,0,1,1
BRDA:73,1,0,25
BRDA:73,1,1,0
BRDA:85,2,0,1
BRDA:85,2,1,12
BRDA:94,3,0,12
BRDA:94,3,1,0
BRDA:95,4,0,12
BRDA:95,4,1,0
BRDA:97,5,0,12
BRDA:97,5,1,0
BRDA:98,6,0,12
BRDA:98,6,1,0
BRDA:98,6,2,0
BRDA:106,7,0,12
BRDA:106,7,1,0
BRDA:109,8,0,12
BRDA:109,8,1,0
BRDA:110,9,0,12
BRDA:110,9,1,0
BRDA:113,10,0,12
BRDA:113,10,1,0
BRDA:114,11,0,12
BRDA:114,11,1,0
BRDA:162,12,0,25
BRDA:162,12,1,0
BRDA:167,13,0,0
BRDA:167,13,1,25
BRDA:168,14,0,0
BRDA:168,14,1,25
BRDA:237,15,0,25
BRDA:237,15,1,12
BRDA:247,16,0,25
BRDA:247,16,1,24
BRDA:274,17,0,25
BRDA:274,17,1,11
BRDA:281,18,0,14
BRDA:281,18,1,11
BRDA:316,19,0,25
BRDA:316,19,1,0
BRF:41
BRH:26
end_of_record
TN:
SF:src/screens/inbox/InboxScreen.tsx
FN:55,(anonymous_0)
FN:61,InboxScreen
FN:75,(anonymous_2)
FN:128,(anonymous_3)
FN:136,(anonymous_4)
FN:137,(anonymous_5)
FN:140,(anonymous_6)
FN:147,(anonymous_7)
FN:167,(anonymous_8)
FN:176,(anonymous_9)
FN:177,(anonymous_10)
FN:192,(anonymous_11)
FN:200,(anonymous_12)
FN:201,(anonymous_13)
FN:213,(anonymous_14)
FN:220,(anonymous_15)
FN:221,(anonymous_16)
FN:224,(anonymous_17)
FN:233,(anonymous_18)
FN:305,(anonymous_19)
FN:314,(anonymous_20)
FN:326,(anonymous_21)
FN:329,(anonymous_22)
FN:363,(anonymous_23)
FN:398,(anonymous_24)
FNF:25
FNH:14
FNDA:2,(anonymous_0)
FNDA:21,InboxScreen
FNDA:10,(anonymous_2)
FNDA:1,(anonymous_3)
FNDA:10,(anonymous_4)
FNDA:10,(anonymous_5)
FNDA:0,(anonymous_6)
FNDA:0,(anonymous_7)
FNDA:0,(anonymous_8)
FNDA:0,(anonymous_9)
FNDA:0,(anonymous_10)
FNDA:0,(anonymous_11)
FNDA:0,(anonymous_12)
FNDA:0,(anonymous_13)
FNDA:6,(anonymous_14)
FNDA:6,(anonymous_15)
FNDA:6,(anonymous_16)
FNDA:5,(anonymous_17)
FNDA:0,(anonymous_18)
FNDA:0,(anonymous_19)
FNDA:0,(anonymous_20)
FNDA:84,(anonymous_21)
FNDA:1,(anonymous_22)
FNDA:1,(anonymous_23)
FNDA:9,(anonymous_24)
DA:46,1
DA:55,1
DA:56,2
DA:57,2
DA:58,0
DA:62,21
DA:63,21
DA:64,21
DA:66,21
DA:67,21
DA:68,21
DA:69,21
DA:70,21
DA:71,21
DA:72,21
DA:75,21
DA:76,10
DA:77,9
DA:80,9
DA:81,9
DA:82,9
DA:83,9
DA:84,1
DA:104,9
DA:105,9
DA:106,9
DA:107,9
DA:108,3
DA:128,9
DA:129,1
DA:130,1
DA:133,9
DA:136,21
DA:137,10
DA:140,21
DA:141,0
DA:142,0
DA:143,0
DA:147,21
DA:148,0
DA:149,0
DA:150,0
DA:151,0
DA:152,0
DA:153,0
DA:157,0
DA:159,0
DA:161,0
DA:166,21
DA:168,0
DA:169,0
DA:170,0
DA:171,0
DA:172,0
DA:174,0
DA:176,0
DA:177,0
DA:178,0
DA:181,0
DA:182,0
DA:184,0
DA:191,21
DA:193,0
DA:194,0
DA:195,0
DA:196,0
DA:198,0
DA:200,0
DA:201,0
DA:202,0
DA:206,0
DA:213,21
DA:214,6
DA:215,4
DA:216,4
DA:217,4
DA:220,21
DA:221,21
DA:224,21
DA:225,5
DA:226,5
DA:227,5
DA:228,5
DA:230,5
DA:234,0
DA:235,0
DA:305,0
DA:314,0
DA:326,21
DA:327,84
DA:329,1
DA:343,21
DA:363,1
DA:398,9
DA:414,1
LF:95
LH:57
BRDA:56,0,0,0
BRDA:56,0,1,2
BRDA:57,1,0,2
BRDA:57,1,1,0
BRDA:76,2,0,1
BRDA:76,2,1,9
BRDA:82,3,0,9
BRDA:82,3,1,0
BRDA:82,3,2,0
BRDA:86,4,0,1
BRDA:86,4,1,0
BRDA:87,5,0,1
BRDA:87,5,1,0
BRDA:88,6,0,1
BRDA:88,6,1,0
BRDA:91,7,0,1
BRDA:91,7,1,0
BRDA:92,8,0,1
BRDA:92,8,1,0
BRDA:94,9,0,1
BRDA:94,9,1,0
BRDA:106,10,0,9
BRDA:106,10,1,0
BRDA:110,11,0,3
BRDA:110,11,1,0
BRDA:111,12,0,3
BRDA:111,12,1,0
BRDA:112,13,0,3
BRDA:112,13,1,0
BRDA:113,14,0,3
BRDA:113,14,1,0
BRDA:114,15,0,3
BRDA:114,15,1,2
BRDA:115,16,0,3
BRDA:115,16,1,2
BRDA:116,17,0,3
BRDA:116,17,1,0
BRDA:117,18,0,3
BRDA:117,18,1,3
BRDA:118,19,0,3
BRDA:118,19,1,2
BRDA:119,20,0,3
BRDA:119,20,1,3
BRDA:129,21,0,0
BRDA:129,21,1,1
BRDA:130,22,0,1
BRDA:130,22,1,1
BRDA:130,23,0,1
BRDA:130,23,1,1
BRDA:148,24,0,0
BRDA:148,24,1,0
BRDA:148,25,0,0
BRDA:148,25,1,0
BRDA:168,26,0,0
BRDA:168,26,1,0
BRDA:170,27,0,0
BRDA:170,27,1,0
BRDA:171,28,0,0
BRDA:171,28,1,0
BRDA:174,29,0,0
BRDA:174,29,1,0
BRDA:178,30,0,0
BRDA:178,30,1,0
BRDA:193,31,0,0
BRDA:193,31,1,0
BRDA:195,32,0,0
BRDA:195,32,1,0
BRDA:202,33,0,0
BRDA:202,33,1,0
BRDA:214,34,0,2
BRDA:214,34,1,4
BRDA:214,35,0,2
BRDA:214,35,1,1
BRDA:215,36,0,0
BRDA:215,36,1,4
BRDA:216,37,0,0
BRDA:216,37,1,4
BRDA:220,38,0,6
BRDA:220,38,1,2
BRDA:226,39,0,5
BRDA:226,39,1,1
BRDA:228,40,0,4
BRDA:228,40,1,1
BRDA:228,41,0,1
BRDA:228,41,1,0
BRDA:234,42,0,0
BRDA:234,42,1,0
BRDA:235,43,0,0
BRDA:235,43,1,0
BRDA:242,44,0,5
BRDA:242,44,1,0
BRDA:248,45,0,5
BRDA:248,45,1,0
BRDA:257,46,0,5
BRDA:257,46,1,1
BRDA:278,47,0,0
BRDA:278,47,1,5
BRDA:282,48,0,5
BRDA:282,48,1,0
BRDA:284,49,0,0
BRDA:284,49,1,0
BRDA:301,50,0,0
BRDA:301,50,1,0
BRDA:328,51,0,84
BRDA:328,51,1,21
BRDA:334,52,0,84
BRDA:334,52,1,21
BRDA:338,53,0,8
BRDA:338,53,1,76
BRDA:338,54,0,84
BRDA:338,54,1,63
BRDA:355,55,0,0
BRDA:355,55,1,21
BRDA:381,56,0,10
BRDA:381,56,1,11
BRDA:385,57,0,7
BRDA:385,57,1,4
BRF:117
BRH:64
end_of_record
TN:
SF:src/screens/onboarding/CompleteScreen.tsx
FN:13,CompleteScreen
FN:31,(anonymous_1)
FNF:2
FNH:2
FNDA:3,CompleteScreen
FNDA:9,(anonymous_1)
DA:14,3
DA:32,9
DA:57,1
LF:3
LH:3
BRF:0
BRH:0
end_of_record
TN:
SF:src/screens/onboarding/ConnectAccountScreen.tsx
FN:19,ConnectAccountScreen
FN:20,(anonymous_1)
FN:35,(anonymous_2)
FNF:3
FNH:2
FNDA:4,ConnectAccountScreen
FNDA:0,(anonymous_1)
FNDA:12,(anonymous_2)
DA:13,1
DA:20,4
DA:21,0
DA:24,4
DA:36,12
DA:71,1
LF:6
LH:5
BRF:0
BRH:0
end_of_record
TN:
SF:src/screens/onboarding/FirstMessageScreen.tsx
FN:29,FirstMessageScreen
FN:35,(anonymous_1)
FN:40,(anonymous_2)
FN:67,(anonymous_3)
FN:71,(anonymous_4)
FNF:5
FNH:5
FNDA:11,FirstMessageScreen
FNDA:2,(anonymous_1)
FNDA:2,(anonymous_2)
FNDA:28,(anonymous_3)
FNDA:1,(anonymous_4)
DA:22,1
DA:30,11
DA:31,11
DA:32,11
DA:33,11
DA:35,11
DA:36,2
DA:37,2
DA:38,2
DA:40,2
DA:41,2
DA:47,2
DA:51,11
DA:68,28
DA:71,1
DA:151,1
LF:16
LH:16
BRDA:36,0,0,0
BRDA:36,0,1,2
BRDA:54,1,0,11
BRDA:54,1,1,0
BRDA:65,2,0,7
BRDA:65,2,1,4
BRDA:82,3,0,2
BRDA:82,3,1,2
BRDA:92,4,0,2
BRDA:92,4,1,0
BRDA:106,5,0,11
BRDA:106,5,1,7
BRDA:119,6,0,7
BRDA:119,6,1,4
BRDA:133,7,0,11
BRDA:133,7,1,4
BRDA:133,7,2,2
BRF:17
BRH:14
end_of_record
TN:
SF:src/screens/onboarding/OnboardingChatScreen.tsx
FN:38,OnboardingChatScreen
FN:53,(anonymous_1)
FN:59,(anonymous_2)
FN:70,(anonymous_3)
FN:76,(anonymous_4)
FN:101,(anonymous_5)
FN:108,(anonymous_6)
FN:111,(anonymous_7)
FN:122,(anonymous_8)
FN:135,(anonymous_9)
FN:144,(anonymous_10)
FN:159,(anonymous_11)
FN:195,(anonymous_12)
FN:197,(anonymous_13)
FN:245,(anonymous_14)
FN:307,(anonymous_15)
FNF:16
FNH:11
FNDA:22,OnboardingChatScreen
FNDA:1,(anonymous_1)
FNDA:0,(anonymous_2)
FNDA:11,(anonymous_3)
FNDA:4,(anonymous_4)
FNDA:4,(anonymous_5)
FNDA:4,(anonymous_6)
FNDA:0,(anonymous_7)
FNDA:0,(anonymous_8)
FNDA:0,(anonymous_9)
FNDA:0,(anonymous_10)
FNDA:4,(anonymous_11)
FNDA:11,(anonymous_12)
FNDA:3,(anonymous_13)
FNDA:4,(anonymous_14)
FNDA:8,(anonymous_15)
DA:36,1
DA:39,22
DA:40,22
DA:41,22
DA:42,22
DA:43,22
DA:44,22
DA:45,22
DA:48,22
DA:49,22
DA:50,22
DA:51,22
DA:53,22
DA:54,1
DA:55,1
DA:56,1
DA:57,1
DA:58,1
DA:59,1
DA:60,0
DA:63,0
DA:65,1
DA:70,22
DA:71,11
DA:72,4
DA:76,22
DA:77,4
DA:78,4
DA:79,4
DA:80,4
DA:82,4
DA:83,0
DA:84,0
DA:85,0
DA:88,4
DA:89,4
DA:90,4
DA:93,0
DA:97,4
DA:101,22
DA:102,4
DA:108,4
DA:111,22
DA:112,0
DA:113,0
DA:116,0
DA:122,0
DA:123,0
DA:124,0
DA:126,0
DA:127,0
DA:128,0
DA:130,0
DA:131,0
DA:135,0
DA:136,0
DA:137,0
DA:139,0
DA:142,0
DA:144,0
DA:145,0
DA:146,0
DA:150,0
DA:154,0
DA:158,22
DA:160,4
DA:161,4
DA:195,22
DA:196,11
DA:197,4
DA:198,3
DA:204,22
DA:205,10
DA:245,4
DA:263,12
DA:264,8
DA:272,4
DA:307,8
DA:358,1
LF:79
LH:52
BRDA:54,0,0,0
BRDA:54,0,1,1
BRDA:54,1,0,1
BRDA:54,1,1,1
BRDA:54,1,2,1
BRDA:58,2,0,1
BRDA:58,2,1,0
BRDA:71,3,0,4
BRDA:71,3,1,7
BRDA:82,4,0,0
BRDA:82,4,1,4
BRDA:89,5,0,4
BRDA:89,5,1,0
BRDA:113,6,0,0
BRDA:113,6,1,0
BRDA:113,7,0,0
BRDA:113,7,1,0
BRDA:130,8,0,0
BRDA:130,8,1,0
BRDA:142,9,0,0
BRDA:142,9,1,0
BRDA:165,10,0,0
BRDA:165,10,1,4
BRDA:168,11,0,4
BRDA:168,11,1,4
BRDA:176,12,0,0
BRDA:176,12,1,4
BRDA:182,13,0,0
BRDA:182,13,1,4
BRDA:196,14,0,4
BRDA:196,14,1,7
BRDA:204,15,0,10
BRDA:204,15,1,12
BRDA:209,16,0,10
BRDA:209,16,1,0
BRDA:233,17,0,10
BRDA:233,17,1,9
BRDA:233,17,2,8
BRDA:235,18,0,10
BRDA:235,18,1,9
BRDA:237,19,0,1
BRDA:237,19,1,9
BRDA:251,20,0,10
BRDA:251,20,1,1
BRDA:263,21,0,8
BRDA:263,21,1,4
BRDA:300,22,0,4
BRDA:300,22,1,0
BRDA:313,23,0,4
BRDA:313,23,1,0
BRDA:340,24,0,4
BRDA:340,24,1,0
BRDA:343,25,0,4
BRDA:343,25,1,0
BRDA:343,25,2,4
BRDA:349,26,0,0
BRDA:349,26,1,4
BRDA:349,27,0,4
BRDA:349,27,1,0
BRF:59
BRH:37
end_of_record
TN:
SF:src/screens/onboarding/RestaurantInfoScreen.tsx
FN:24,RestaurantInfoScreen
FN:57,(anonymous_1)
FN:61,(anonymous_2)
FN:72,(anonymous_3)
FN:76,(anonymous_4)
FN:89,(anonymous_5)
FNF:6
FNH:6
FNDA:7,RestaurantInfoScreen
FNDA:56,(anonymous_1)
FNDA:1,(anonymous_2)
FNDA:28,(anonymous_3)
FNDA:1,(anonymous_4)
FNDA:1,(anonymous_5)
DA:21,1
DA:22,1
DA:25,7
DA:26,7
DA:27,7
DA:29,7
DA:31,7
DA:58,56
DA:61,1
DA:73,28
DA:76,1
DA:89,1
DA:107,1
LF:13
LH:13
BRDA:34,0,0,7
BRDA:34,0,1,0
BRDA:60,1,0,56
BRDA:60,1,1,2
BRDA:63,2,0,56
BRDA:63,2,1,2
BRDA:75,3,0,28
BRDA:75,3,1,1
BRDA:78,4,0,28
BRDA:78,4,1,1
BRDA:94,5,0,3
BRDA:94,5,1,4
BRF:12
BRH:11
end_of_record
TN:
SF:src/screens/onboarding/WelcomeScreen.tsx
FN:13,WelcomeScreen
FN:37,(anonymous_1)
FNF:2
FNH:2
FNDA:3,WelcomeScreen
FNDA:9,(anonymous_1)
DA:14,3
DA:38,9
DA:62,1
LF:3
LH:3
BRF:0
BRH:0
end_of_record
TN:
SF:src/screens/proposals/ProposalDetailScreen.tsx
FN:33,ProposalDetailScreen
FN:48,(anonymous_1)
FN:53,(anonymous_2)
FN:61,(anonymous_3)
FN:63,(anonymous_4)
FN:78,(anonymous_5)
FN:90,(anonymous_6)
FN:99,(anonymous_7)
FN:109,(anonymous_8)
FN:132,(anonymous_9)
FN:157,(anonymous_10)
FN:172,(anonymous_11)
FNF:12
FNH:11
FNDA:40,ProposalDetailScreen
FNDA:15,(anonymous_1)
FNDA:14,(anonymous_2)
FNDA:15,(anonymous_3)
FNDA:1,(anonymous_4)
FNDA:0,(anonymous_5)
FNDA:1,(anonymous_6)
FNDA:1,(anonymous_7)
FNDA:1,(anonymous_8)
FNDA:1,(anonymous_9)
FNDA:2,(anonymous_10)
FNDA:1,(anonymous_11)
DA:19,1
DA:26,1
DA:34,40
DA:35,40
DA:36,40
DA:37,40
DA:38,40
DA:40,40
DA:41,40
DA:42,40
DA:43,40
DA:44,40
DA:45,40
DA:46,40
DA:48,40
DA:49,15
DA:50,15
DA:51,15
DA:52,15
DA:53,15
DA:54,15
DA:55,14
DA:56,14
DA:58,15
DA:61,40
DA:63,40
DA:64,1
DA:65,1
DA:66,1
DA:67,1
DA:68,1
DA:69,1
DA:70,1
DA:71,1
DA:72,1
DA:73,1
DA:78,0
DA:81,0
DA:82,0
DA:83,0
DA:84,0
DA:86,1
DA:90,40
DA:91,1
DA:92,1
DA:93,1
DA:94,1
DA:95,1
DA:96,1
DA:99,40
DA:100,1
DA:101,1
DA:102,1
DA:103,1
DA:104,1
DA:105,1
DA:106,1
DA:109,40
DA:110,1
DA:111,1
DA:112,1
DA:113,1
DA:114,1
DA:115,0
DA:118,40
DA:119,15
DA:122,25
DA:123,1
DA:126,24
DA:128,24
DA:132,1
DA:157,2
DA:172,1
DA:254,1
LF:74
LH:68
BRDA:49,0,0,0
BRDA:49,0,1,15
BRDA:52,1,0,15
BRDA:52,1,1,0
BRDA:52,1,2,0
BRDA:54,2,0,14
BRDA:54,2,1,1
BRDA:56,3,0,14
BRDA:56,3,1,0
BRDA:64,4,0,0
BRDA:64,4,1,1
BRDA:64,5,0,1
BRDA:64,5,1,1
BRDA:75,6,0,0
BRDA:75,6,1,1
BRDA:82,7,0,0
BRDA:82,7,1,0
BRDA:91,8,0,0
BRDA:91,8,1,1
BRDA:91,9,0,1
BRDA:91,9,1,1
BRDA:100,10,0,0
BRDA:100,10,1,1
BRDA:100,11,0,1
BRDA:100,11,1,1
BRDA:110,12,0,0
BRDA:110,12,1,1
BRDA:110,13,0,1
BRDA:110,13,1,1
BRDA:118,14,0,15
BRDA:118,14,1,25
BRDA:122,15,0,1
BRDA:122,15,1,24
BRDA:126,16,0,24
BRDA:126,16,1,0
BRDA:137,17,0,24
BRDA:137,17,1,0
BRDA:144,18,0,24
BRDA:144,18,1,0
BRDA:144,18,2,24
BRDA:146,19,0,24
BRDA:146,19,1,24
BRDA:156,20,0,24
BRDA:156,20,1,22
BRDA:162,21,0,2
BRDA:162,21,1,22
BRDA:172,22,0,1
BRDA:172,22,1,0
BRDA:181,23,0,22
BRDA:181,23,1,0
BRDA:186,24,0,24
BRDA:186,24,1,24
BRDA:186,24,2,24
BRDA:203,25,0,24
BRDA:203,25,1,24
BRDA:215,26,0,24
BRDA:215,26,1,21
BRDA:218,27,0,1
BRDA:218,27,1,20
BRDA:227,28,0,0
BRDA:227,28,1,21
BRDA:242,29,0,24
BRDA:242,29,1,3
BRF:63
BRH:46
end_of_record
TN:
SF:src/screens/proposals/ProposalsListScreen.tsx
FN:28,ProposalsListScreen
FN:38,(anonymous_1)
FN:51,(anonymous_2)
FN:53,(anonymous_3)
FN:65,(anonymous_4)
FN:71,(anonymous_5)
FN:101,(anonymous_6)
FN:106,(anonymous_7)
FN:107,(anonymous_8)
FN:110,(anonymous_9)
FNF:10
FNH:7
FNDA:19,ProposalsListScreen
FNDA:10,(anonymous_1)
FNDA:10,(anonymous_2)
FNDA:0,(anonymous_3)
FNDA:95,(anonymous_4)
FNDA:3,(anonymous_5)
FNDA:0,(anonymous_6)
FNDA:9,(anonymous_7)
FNDA:6,(anonymous_8)
FNDA:0,(anonymous_9)
DA:20,1
DA:29,19
DA:30,19
DA:31,19
DA:33,19
DA:34,19
DA:35,19
DA:36,19
DA:38,19
DA:39,10
DA:40,9
DA:41,9
DA:42,9
DA:43,9
DA:47,9
DA:51,19
DA:53,19
DA:54,0
DA:55,0
DA:56,0
DA:59,19
DA:66,95
DA:67,95
DA:71,3
DA:101,0
DA:106,9
DA:108,6
DA:110,0
DA:123,1
LF:29
LH:24
BRDA:39,0,0,1
BRDA:39,0,1,9
BRDA:41,1,0,2
BRDA:41,1,1,7
BRDA:43,2,0,9
BRDA:43,2,1,0
BRDA:43,2,2,0
BRDA:70,3,0,95
BRDA:70,3,1,19
BRDA:74,4,0,19
BRDA:74,4,1,76
BRDA:91,5,0,7
BRDA:91,5,1,12
BRDA:95,6,0,9
BRDA:95,6,1,3
BRF:15
BRH:13
end_of_record
TN:
SF:src/screens/settings/SettingsScreen.tsx
FN:19,SettingsRow
FN:58,SettingsScreen
FN:65,(anonymous_2)
FN:71,(anonymous_3)
FN:80,(anonymous_4)
FNF:5
FNH:5
FNDA:60,SettingsRow
FNDA:12,SettingsScreen
FNDA:2,(anonymous_2)
FNDA:1,(anonymous_3)
FNDA:1,(anonymous_4)
DA:32,60
DA:59,12
DA:60,12
DA:61,12
DA:62,12
DA:63,12
DA:65,12
DA:66,2
DA:71,1
DA:76,12
DA:80,1
DA:122,1
LF:12
LH:12
BRDA:36,0,0,12
BRDA:36,0,1,48
BRDA:43,1,0,12
BRDA:43,1,1,48
BRDA:45,2,0,60
BRDA:45,2,1,12
BRDA:49,3,0,48
BRDA:49,3,1,12
BRDA:51,4,0,12
BRDA:51,4,1,0
BRDA:62,5,0,12
BRDA:62,5,1,0
BRDA:63,6,0,12
BRDA:63,6,1,1
BRF:14
BRH:12
end_of_record
TN:
SF:src/screens/social/SocialAccountsScreen.tsx
FN:62,SocialAccountsScreen
FN:80,(anonymous_1)
FN:87,(anonymous_2)
FN:89,(anonymous_3)
FN:104,(anonymous_4)
FN:111,(anonymous_5)
FN:116,(anonymous_6)
FN:117,(anonymous_7)
FN:126,(anonymous_8)
FN:129,(anonymous_9)
FN:140,(anonymous_10)
FN:156,(anonymous_11)
FN:178,(anonymous_12)
FN:192,(anonymous_13)
FN:207,(anonymous_14)
FN:209,(anonymous_15)
FN:222,(anonymous_16)
FN:223,(anonymous_17)
FN:266,(anonymous_18)
FN:288,(anonymous_19)
FN:302,(anonymous_20)
FN:344,(anonymous_21)
FN:360,(anonymous_22)
FN:368,(anonymous_23)
FN:372,(anonymous_24)
FN:403,(anonymous_25)
FNF:26
FNH:19
FNDA:36,SocialAccountsScreen
FNDA:17,(anonymous_1)
FNDA:45,(anonymous_2)
FNDA:3,(anonymous_3)
FNDA:3,(anonymous_4)
FNDA:16,(anonymous_5)
FNDA:16,(anonymous_6)
FNDA:0,(anonymous_7)
FNDA:16,(anonymous_8)
FNDA:0,(anonymous_9)
FNDA:3,(anonymous_10)
FNDA:2,(anonymous_11)
FNDA:1,(anonymous_12)
FNDA:1,(anonymous_13)
FNDA:1,(anonymous_14)
FNDA:0,(anonymous_15)
FNDA:60,(anonymous_16)
FNDA:120,(anonymous_17)
FNDA:3,(anonymous_18)
FNDA:1,(anonymous_19)
FNDA:75,(anonymous_20)
FNDA:58,(anonymous_21)
FNDA:0,(anonymous_22)
FNDA:0,(anonymous_23)
FNDA:0,(anonymous_24)
FNDA:0,(anonymous_25)
DA:35,1
DA:60,1
DA:63,36
DA:64,36
DA:65,36
DA:67,36
DA:68,36
DA:69,36
DA:70,36
DA:71,36
DA:72,36
DA:73,36
DA:80,36
DA:81,17
DA:82,16
DA:83,16
DA:84,15
DA:87,15
DA:88,45
DA:89,3
DA:91,45
DA:92,1
DA:99,44
DA:101,15
DA:103,1
DA:104,3
DA:107,16
DA:111,36
DA:112,16
DA:116,36
DA:117,16
DA:118,0
DA:122,0
DA:124,0
DA:126,16
DA:129,36
DA:130,0
DA:131,0
DA:132,0
DA:140,36
DA:141,3
DA:142,3
DA:143,3
DA:144,3
DA:145,3
DA:146,3
DA:147,1
DA:148,1
DA:152,2
DA:154,2
DA:156,2
DA:157,1
DA:160,1
DA:161,1
DA:162,1
DA:163,1
DA:164,1
DA:165,1
DA:166,1
DA:167,0
DA:169,0
DA:170,0
DA:178,1
DA:179,0
DA:182,0
DA:187,1
DA:192,36
DA:193,1
DA:194,1
DA:195,1
DA:197,1
DA:198,1
DA:199,1
DA:200,0
DA:201,0
DA:204,1
DA:206,1
DA:207,1
DA:208,0
DA:209,0
DA:210,0
DA:213,0
DA:218,0
DA:222,36
DA:223,120
DA:224,60
DA:225,60
DA:226,60
DA:228,60
DA:266,3
DA:282,36
DA:284,36
DA:288,1
DA:302,75
DA:344,58
DA:360,0
DA:369,0
DA:373,0
DA:374,0
DA:375,0
DA:376,0
DA:378,0
DA:403,0
DA:414,1
LF:104
LH:78
BRDA:81,0,0,1
BRDA:81,0,1,16
BRDA:84,1,0,15
BRDA:84,1,1,0
BRDA:91,2,0,1
BRDA:91,2,1,44
BRDA:91,3,0,45
BRDA:91,3,1,1
BRDA:94,4,0,1
BRDA:94,4,1,0
BRDA:94,4,2,0
BRDA:118,5,0,0
BRDA:118,5,1,0
BRDA:119,6,0,0
BRDA:119,6,1,0
BRDA:141,7,0,0
BRDA:141,7,1,3
BRDA:146,8,0,1
BRDA:146,8,1,2
BRDA:154,9,0,2
BRDA:154,9,1,0
BRDA:154,10,0,2
BRDA:154,10,1,0
BRDA:160,11,0,1
BRDA:160,11,1,0
BRDA:160,12,0,1
BRDA:160,12,1,1
BRDA:163,13,0,1
BRDA:163,13,1,0
BRDA:163,13,2,0
BRDA:164,14,0,1
BRDA:164,14,1,0
BRDA:167,15,0,0
BRDA:167,15,1,0
BRDA:184,16,0,0
BRDA:184,16,1,0
BRDA:193,17,0,0
BRDA:193,17,1,1
BRDA:199,18,0,0
BRDA:199,18,1,1
BRDA:206,19,0,1
BRDA:206,19,1,0
BRDA:206,20,0,1
BRDA:206,20,1,0
BRDA:215,21,0,0
BRDA:215,21,1,0
BRDA:224,22,0,60
BRDA:224,22,1,59
BRDA:239,23,0,20
BRDA:239,23,1,40
BRDA:244,24,0,1
BRDA:244,24,1,59
BRDA:244,25,0,60
BRDA:244,25,1,1
BRDA:252,26,0,1
BRDA:252,26,1,59
BRDA:269,27,0,3
BRDA:269,27,1,56
BRDA:295,28,0,16
BRDA:295,28,1,20
BRDA:325,29,0,1
BRDA:325,29,1,19
BRDA:344,30,0,19
BRDA:344,30,1,1
BRDA:373,31,0,0
BRDA:373,31,1,0
BRDA:388,32,0,0
BRDA:388,32,1,0
BRDA:392,33,0,0
BRDA:392,33,1,0
BRF:70
BRH:40
end_of_record
TN:
SF:src/screens/validation/ValidationInboxScreen.tsx
FN:22,ValidationInboxScreen
FN:29,(anonymous_1)
FN:42,(anonymous_2)
FN:46,(anonymous_3)
FN:50,(anonymous_4)
FN:50,(anonymous_5)
FN:56,(anonymous_6)
FN:63,(anonymous_7)
FN:66,(anonymous_8)
FN:66,(anonymous_9)
FN:75,(anonymous_10)
FN:84,(anonymous_11)
FN:84,(anonymous_12)
FN:91,(anonymous_13)
FN:128,(anonymous_14)
FN:136,(anonymous_15)
FN:144,(anonymous_16)
FN:183,(anonymous_17)
FN:188,(anonymous_18)
FNF:19
FNH:18
FNDA:32,ValidationInboxScreen
FNDA:15,(anonymous_1)
FNDA:15,(anonymous_2)
FNDA:1,(anonymous_3)
FNDA:1,(anonymous_4)
FNDA:2,(anonymous_5)
FNDA:2,(anonymous_6)
FNDA:1,(anonymous_7)
FNDA:1,(anonymous_8)
FNDA:2,(anonymous_9)
FNDA:1,(anonymous_10)
FNDA:1,(anonymous_11)
FNDA:2,(anonymous_12)
FNDA:29,(anonymous_13)
FNDA:2,(anonymous_14)
FNDA:1,(anonymous_15)
FNDA:1,(anonymous_16)
FNDA:45,(anonymous_17)
FNDA:0,(anonymous_18)
DA:23,32
DA:24,32
DA:25,32
DA:26,32
DA:27,32
DA:29,32
DA:30,15
DA:31,14
DA:32,14
DA:33,14
DA:35,0
DA:37,14
DA:38,14
DA:42,32
DA:43,15
DA:46,32
DA:47,1
DA:48,1
DA:49,1
DA:50,2
DA:52,0
DA:56,32
DA:57,2
DA:58,2
DA:64,1
DA:65,1
DA:66,2
DA:68,0
DA:75,32
DA:76,1
DA:78,1
DA:79,1
DA:80,1
DA:82,1
DA:83,1
DA:84,2
DA:85,1
DA:87,0
DA:91,32
DA:92,29
DA:128,2
DA:136,1
DA:144,1
DA:153,32
DA:154,15
DA:161,17
DA:183,45
DA:189,0
DA:190,0
DA:198,1
LF:50
LH:44
BRDA:24,0,0,32
BRDA:24,0,1,1
BRDA:30,1,0,1
BRDA:30,1,1,14
BRDA:33,2,0,14
BRDA:33,2,1,0
BRDA:33,2,2,0
BRDA:47,3,0,0
BRDA:47,3,1,1
BRDA:57,4,0,0
BRDA:57,4,1,2
BRDA:76,5,0,0
BRDA:76,5,1,1
BRDA:94,6,0,29
BRDA:94,6,1,0
BRDA:101,7,0,13
BRDA:101,7,1,16
BRDA:101,8,0,0
BRDA:101,8,1,16
BRDA:108,9,0,29
BRDA:108,9,1,0
BRDA:112,10,0,29
BRDA:112,10,1,29
BRDA:112,10,2,13
BRDA:121,11,0,29
BRDA:121,11,1,0
BRDA:153,12,0,15
BRDA:153,12,1,17
BRDA:172,13,0,1
BRDA:172,13,1,16
BRF:30
BRH:21
end_of_record
TN:
SF:src/screens/video/VideoPlansScreen.tsx
FN:58,VideoPlansScreen
FN:66,(anonymous_1)
FN:68,(anonymous_2)
FN:71,(anonymous_3)
FN:78,(anonymous_4)
FN:108,(anonymous_5)
FNF:6
FNH:5
FNDA:25,VideoPlansScreen
FNDA:13,(anonymous_1)
FNDA:12,(anonymous_2)
FNDA:0,(anonymous_3)
FNDA:1,(anonymous_4)
FNDA:75,(anonymous_5)
DA:30,1
DA:59,25
DA:60,25
DA:61,25
DA:63,25
DA:64,25
DA:66,25
DA:67,13
DA:68,12
DA:69,12
DA:70,12
DA:74,25
DA:78,1
DA:109,75
DA:111,75
DA:177,1
LF:16
LH:16
BRDA:67,0,0,1
BRDA:67,0,1,12
BRDA:116,1,0,75
BRDA:116,1,1,25
BRDA:117,2,0,75
BRDA:117,2,1,12
BRDA:120,3,0,75
BRDA:120,3,1,25
BRDA:147,4,0,75
BRDA:147,4,1,12
BRDA:154,5,0,75
BRDA:154,5,1,12
BRDA:157,6,0,12
BRDA:157,6,1,63
BRF:14
BRH:14
end_of_record
TN:
SF:src/screens/video/VideoStudioScreen.tsx
FN:55,VideoStudioScreen
FN:74,(anonymous_1)
FN:83,(anonymous_2)
FN:104,(anonymous_3)
FN:110,(anonymous_4)
FN:114,(anonymous_5)
FN:115,(anonymous_6)
FN:118,(anonymous_7)
FN:124,(anonymous_8)
FN:150,(anonymous_9)
FN:162,(anonymous_10)
FN:189,(anonymous_11)
FN:242,(anonymous_12)
FN:262,(anonymous_13)
FN:288,(anonymous_14)
FN:323,(anonymous_15)
FN:324,(anonymous_16)
FN:342,(anonymous_17)
FN:348,(anonymous_18)
FN:395,(anonymous_19)
FN:404,(anonymous_20)
FN:448,(anonymous_21)
FN:454,(anonymous_22)
FN:555,(anonymous_23)
FNF:24
FNH:14
FNDA:45,VideoStudioScreen
FNDA:17,(anonymous_1)
FNDA:23,(anonymous_2)
FNDA:23,(anonymous_3)
FNDA:17,(anonymous_4)
FNDA:17,(anonymous_5)
FNDA:0,(anonymous_6)
FNDA:45,(anonymous_7)
FNDA:3,(anonymous_8)
FNDA:2,(anonymous_9)
FNDA:0,(anonymous_10)
FNDA:1,(anonymous_11)
FNDA:0,(anonymous_12)
FNDA:0,(anonymous_13)
FNDA:0,(anonymous_14)
FNDA:0,(anonymous_15)
FNDA:0,(anonymous_16)
FNDA:129,(anonymous_17)
FNDA:0,(anonymous_18)
FNDA:172,(anonymous_19)
FNDA:0,(anonymous_20)
FNDA:129,(anonymous_21)
FNDA:0,(anonymous_22)
FNDA:5,(anonymous_23)
DA:34,1
DA:36,1
DA:42,1
DA:49,1
DA:56,45
DA:57,45
DA:58,45
DA:60,45
DA:61,45
DA:62,45
DA:63,45
DA:64,45
DA:65,45
DA:66,45
DA:67,45
DA:69,45
DA:70,45
DA:71,45
DA:74,45
DA:75,17
DA:83,45
DA:84,23
DA:85,23
DA:86,3
DA:100,3
DA:102,20
DA:104,23
DA:105,23
DA:110,45
DA:111,17
DA:112,17
DA:114,17
DA:118,45
DA:120,45
DA:124,45
DA:125,3
DA:126,3
DA:127,3
DA:129,3
DA:130,3
DA:136,3
DA:137,3
DA:138,2
DA:140,2
DA:141,2
DA:143,2
DA:144,0
DA:145,2
DA:146,0
DA:149,2
DA:150,2
DA:151,2
DA:155,1
DA:156,1
DA:158,3
DA:162,45
DA:163,0
DA:164,0
DA:165,0
DA:168,45
DA:173,45
DA:178,45
DA:189,1
DA:243,0
DA:244,0
DA:263,0
DA:264,0
DA:288,0
DA:323,0
DA:324,0
DA:343,129
DA:344,129
DA:348,0
DA:396,172
DA:397,172
DA:404,0
DA:449,129
DA:450,129
DA:454,0
DA:555,5
DA:565,1
LF:81
LH:66
BRDA:85,0,0,3
BRDA:85,0,1,20
BRDA:105,1,0,3
BRDA:105,1,1,20
BRDA:111,2,0,0
BRDA:111,2,1,17
BRDA:120,3,0,45
BRDA:120,3,1,11
BRDA:120,3,2,10
BRDA:125,4,0,0
BRDA:125,4,1,3
BRDA:125,5,0,3
BRDA:125,5,1,3
BRDA:143,6,0,0
BRDA:143,6,1,2
BRDA:145,7,0,0
BRDA:145,7,1,2
BRDA:149,8,0,2
BRDA:149,8,1,0
BRDA:151,9,0,2
BRDA:151,9,1,0
BRDA:155,10,0,1
BRDA:155,10,1,0
BRDA:186,11,0,45
BRDA:186,11,1,26
BRDA:194,12,0,25
BRDA:194,12,1,1
BRDA:211,13,0,45
BRDA:211,13,1,0
BRDA:220,14,0,2
BRDA:220,14,1,43
BRDA:220,15,0,45
BRDA:220,15,1,2
BRDA:220,15,2,2
BRDA:243,16,0,0
BRDA:243,16,1,0
BRDA:263,17,0,0
BRDA:263,17,1,0
BRDA:285,18,0,43
BRDA:285,18,1,24
BRDA:285,18,2,1
BRDA:318,19,0,43
BRDA:318,19,1,0
BRDA:330,20,0,43
BRDA:330,20,1,11
BRDA:330,20,2,2
BRDA:347,21,0,129
BRDA:347,21,1,43
BRDA:352,22,0,43
BRDA:352,22,1,86
BRDA:402,23,0,172
BRDA:402,23,1,43
BRDA:412,24,0,43
BRDA:412,24,1,129
BRDA:421,25,0,43
BRDA:421,25,1,129
BRDA:427,26,0,172
BRDA:427,26,1,43
BRDA:432,27,0,172
BRDA:432,27,1,43
BRDA:453,28,0,129
BRDA:453,28,1,43
BRDA:461,29,0,43
BRDA:461,29,1,86
BRDA:467,30,0,129
BRDA:467,30,1,43
BRDA:481,31,0,43
BRDA:481,31,1,3
BRDA:510,32,0,45
BRDA:510,32,1,43
BRDA:510,33,0,45
BRDA:510,33,1,2
BRDA:510,33,2,2
BRDA:515,34,0,43
BRDA:515,34,1,3
BRDA:521,35,0,43
BRDA:521,35,1,8
BRDA:521,35,2,38
BRDA:524,36,0,43
BRDA:524,36,1,8
BRDA:529,37,0,5
BRDA:529,37,1,38
BRDA:529,38,0,43
BRDA:529,38,1,8
BRDA:537,39,0,3
BRDA:537,39,1,40
BRDA:544,40,0,0
BRDA:544,40,1,40
BRDA:553,41,0,43
BRDA:553,41,1,40
BRDA:553,41,2,5
BRF:91
BRH:77
end_of_record
TN:
SF:src/services/businessService.ts
FN:35,getMyBusinesses
FN:43,(anonymous_1)
FN:53,subscribeToMyBusinesses
FN:61,(anonymous_3)
FN:62,(anonymous_4)
FN:74,createBusiness
FN:94,updateBusiness
FNF:7
FNH:5
FNDA:1,getMyBusinesses
FNDA:2,(anonymous_1)
FNDA:1,subscribeToMyBusinesses
FNDA:0,(anonymous_3)
FNDA:0,(anonymous_4)
FNDA:1,createBusiness
FNDA:1,updateBusiness
DA:30,1
DA:38,1
DA:42,1
DA:43,2
DA:57,1
DA:61,1
DA:62,0
DA:66,0
DA:77,1
DA:78,1
DA:98,1
DA:99,1
LF:12
LH:10
BRDA:82,0,0,1
BRDA:82,0,1,1
BRDA:83,1,0,1
BRDA:83,1,1,1
BRF:4
BRH:4
end_of_record
TN:
SF:src/services/mediaService.ts
FN:16,uploadImage
FN:29,(anonymous_1)
FN:34,(anonymous_2)
FN:40,(anonymous_3)
FN:41,(anonymous_4)
FNF:5
FNH:5
FNDA:3,uploadImage
FNDA:3,(anonymous_1)
FNDA:2,(anonymous_2)
FNDA:1,(anonymous_3)
FNDA:2,(anonymous_4)
DA:23,3
DA:24,3
DA:26,3
DA:27,3
DA:29,3
DA:30,3
DA:32,3
DA:35,2
DA:36,1
DA:37,1
DA:40,1
DA:42,2
DA:43,2
LF:13
LH:13
BRDA:35,0,0,1
BRDA:35,0,1,1
BRF:2
BRH:2
end_of_record
TN:
SF:src/stores/authStore.ts
FN:38,(anonymous_0)
FN:44,(anonymous_1)
FN:55,(anonymous_2)
FN:67,(anonymous_3)
FN:79,(anonymous_4)
FN:84,(anonymous_5)
FN:92,(anonymous_6)
FN:96,(anonymous_7)
FN:97,(anonymous_8)
FN:108,(anonymous_9)
FNF:10
FNH:8
FNDA:1,(anonymous_0)
FNDA:2,(anonymous_1)
FNDA:0,(anonymous_2)
FNDA:1,(anonymous_3)
FNDA:1,(anonymous_4)
FNDA:2,(anonymous_5)
FNDA:1,(anonymous_6)
FNDA:1,(anonymous_7)
FNDA:0,(anonymous_8)
FNDA:2,(anonymous_9)
DA:38,1
DA:45,2
DA:46,1
DA:47,1
DA:56,0
DA:57,0
DA:58,0
DA:59,0
DA:68,1
DA:69,1
DA:70,1
DA:71,1
DA:80,1
DA:81,1
DA:85,2
DA:86,2
DA:87,1
DA:88,1
DA:89,1
DA:93,1
DA:97,1
DA:98,0
DA:99,0
DA:100,0
DA:102,0
DA:105,1
DA:109,2
DA:110,1
DA:111,1
DA:113,1
LF:30
LH:22
BRDA:86,0,0,1
BRDA:86,0,1,1
BRDA:98,1,0,0
BRDA:98,1,1,0
BRDA:109,2,0,1
BRDA:109,2,1,1
BRF:6
BRH:4
end_of_record
TN:
SF:src/stores/brandStore.ts
FN:22,(anonymous_0)
FN:27,(anonymous_1)
FN:31,(anonymous_2)
FN:33,(anonymous_3)
FN:37,(anonymous_4)
FN:41,(anonymous_5)
FN:53,(anonymous_6)
FN:60,(anonymous_7)
FN:64,(anonymous_8)
FN:66,(anonymous_9)
FNF:10
FNH:7
FNDA:1,(anonymous_0)
FNDA:1,(anonymous_1)
FNDA:2,(anonymous_2)
FNDA:4,(anonymous_3)
FNDA:0,(anonymous_4)
FNDA:3,(anonymous_5)
FNDA:2,(anonymous_6)
FNDA:0,(anonymous_7)
FNDA:1,(anonymous_8)
FNDA:0,(anonymous_9)
DA:8,1
DA:22,1
DA:28,1
DA:32,2
DA:33,4
DA:34,2
DA:35,1
DA:37,1
DA:42,3
DA:43,1
DA:44,1
DA:48,2
DA:49,2
DA:50,2
DA:53,2
DA:54,2
DA:56,2
DA:59,2
DA:60,2
DA:65,1
DA:66,1
LF:21
LH:21
BRDA:34,0,0,1
BRDA:34,0,1,1
BRDA:42,1,0,1
BRDA:42,1,1,2
BRDA:53,2,0,1
BRDA:53,2,1,1
BRDA:54,3,0,2
BRDA:54,3,1,1
BRDA:59,4,0,2
BRDA:59,4,1,0
BRF:10
BRH:9
end_of_record
TN:
SF:src/stores/businessStore.ts
FN:17,toBrand
FN:51,(anonymous_1)
FN:58,(anonymous_2)
FN:62,(anonymous_3)
FN:63,(anonymous_4)
FN:72,(anonymous_5)
FN:86,(anonymous_6)
FN:91,(anonymous_7)
FN:98,(anonymous_8)
FN:100,(anonymous_9)
FN:106,(anonymous_10)
FN:110,(anonymous_11)
FN:115,(anonymous_12)
FN:120,(anonymous_13)
FN:132,(anonymous_14)
FNF:15
FNH:11
FNDA:22,toBrand
FNDA:1,(anonymous_1)
FNDA:8,(anonymous_2)
FNDA:6,(anonymous_3)
FNDA:12,(anonymous_4)
FNDA:0,(anonymous_5)
FNDA:0,(anonymous_6)
FNDA:1,(anonymous_7)
FNDA:2,(anonymous_8)
FNDA:4,(anonymous_9)
FNDA:0,(anonymous_10)
FNDA:1,(anonymous_11)
FNDA:1,(anonymous_12)
FNDA:10,(anonymous_13)
FNDA:0,(anonymous_14)
DA:14,1
DA:18,22
DA:49,1
DA:51,1
DA:60,8
DA:62,8
DA:63,12
DA:66,6
DA:67,6
DA:68,6
DA:71,6
DA:72,0
DA:74,6
DA:76,6
DA:85,6
DA:86,6
DA:92,1
DA:93,1
DA:94,1
DA:99,2
DA:100,4
DA:101,2
DA:102,1
DA:106,1
DA:111,1
DA:112,1
DA:116,1
DA:117,1
DA:121,10
DA:122,7
DA:123,7
DA:125,10
DA:132,10
LF:33
LH:32
BRDA:60,0,0,0
BRDA:60,0,1,8
BRDA:71,1,0,0
BRDA:71,1,1,6
BRDA:74,2,0,6
BRDA:74,2,1,6
BRDA:74,2,2,0
BRDA:81,3,0,6
BRDA:81,3,1,0
BRDA:85,4,0,6
BRDA:85,4,1,0
BRDA:92,5,0,1
BRDA:92,5,1,0
BRDA:101,6,0,1
BRDA:101,6,1,1
BRDA:112,7,0,1
BRDA:112,7,1,0
BRDA:121,8,0,7
BRDA:121,8,1,3
BRF:19
BRH:12
end_of_record
TN:
SF:src/stores/onboardingStore.ts
FN:16,(anonymous_0)
FN:20,(anonymous_1)
FN:22,(anonymous_2)
FN:27,(anonymous_3)
FNF:4
FNH:4
FNDA:1,(anonymous_0)
FNDA:1,(anonymous_1)
FNDA:1,(anonymous_2)
FNDA:3,(anonymous_3)
DA:6,1
DA:16,1
DA:20,1
DA:23,1
DA:24,1
DA:28,3
DA:29,3
DA:30,2
DA:31,2
DA:32,2
DA:34,1
LF:11
LH:11
BRF:0
BRH:0
end_of_record
TN:
SF:src/types/brain.ts
FNF:0
FNH:0
LF:0
LH:0
BRF:0
BRH:0
end_of_record
TN:
SF:src/types/index.ts
FNF:0
FNH:0
LF:0
LH:0
BRF:0
BRH:0
end_of_record
